#                                           
#                       ______ _____        
#                       |  _  \  __ \       
#        _ __ ___   __ _| | | | |  \/       
#       | '_ ` _ \ / _` | | | | | __        
#       | | | | | | (_| | |/ /| |_\ \       
#       |_| |_| |_|\__,_|___/  \____/       
#                                           
#     Hostname           borges
#     Username           adegennaro
#     Work directory     /home/adegennaro/Projects/appmath/maDGiCart-CH/scripts/output/run_1
#     Processor model    AMD Ryzen 7 3700X 8-Core Processor
#     GPU model          NVIDIA GeForce GTX 1070 Ti
#     GPUs per node      1
#     OpenMP max threads Not compiled with OpenMP support
#     System time        2022-Jan-18 17:41:25
#     git branch         refs/heads/master
#     git commit hash    ceb47bf85522ced8af0812d2bceeb5f687f407e4
#     C++ compiler       /usr/bin/c++ GNU 9.3.0
#                        
# #[2022-01-18 17:41:25.966250]
# [Info] 
# [Info] # ****** File Options ****** #
# [Info] 
# [Info]                    config_file = 
# [Info]           solution_output_file = 
# [Info]                       log_file = maDGiCart
# [Info]                  log_frequency = 20
# [Info] 
# [Info] # ****** Physics Options ****** #
# [Info] 
# [Info]                  equation_type = cahn-hilliard
# [Info]                              m = -0.108345
# [Info]                           eps2 = 3.10197e-05
# [Info]                          sigma = 378.057
# [Info] 
# [Info] # ****** Discretization Options ****** #
# [Info] 
# [Info]                 domain_x_begin = 0
# [Info]                   domain_x_end = 1
# [Info]              domain_resolution = 128
# [Info]                      dimension = 2
# [Info] 
# [Info] # ****** Time Stepping Options ****** #
# [Info] 
# [Info]                time_integrator = rk3ssp
# [Info]                 time_step_size = 1e-06
# [Info]                   initial_time = 0
# [Info]                     final_time = 1
# [Info]                 max_time_steps = 10000
# [Info]              use_cfl_time_step = false
# [Info]                            cfl = 1
# [Info]         use_adaptive_time_step = false
# [Info]             min_time_step_size = 2.22045e-16
# [Info]             max_time_step_size = 1.79769e+308
# [Info]               time_abs_err_tol = 0.0001
# [Info]               time_rel_err_tol = 0.0001
# [Info]              converged_rel_tol = 0
# [Info]              converged_abs_tol = 0
# [Info] 
# [Info]  #[2022-01-18 17:41:25.966520]
# [Trace] Timing: Starting solver... #[2022-01-18 17:41:26.030289]
# [Info] RNG initial conditions have mean -0.108341, renormalizing. #[2022-01-18 17:41:26.030554]
# [Warning] bad size: 17424 != 16384 #[2022-01-18 17:41:26.030578]
#
# Logger outputs:  #[2022-01-18 17:41:26.042517]
iter time dt res_c rel_res min_c max_c grad_c_mag  #[2022-01-18 17:41:26.042556]
#                                                                                                        
#       iter         time           dt        res_c      rel_res        min_c        max_c   grad_c_mag  
#                                                                                                         #[2022-01-18 17:41:26.042585]
   1.00000e+00  1.00000e-06  1.00000e-06  3.75467e+02  1.00000e+00 -1.13557e-01 2.22507e-308  3.11194e-01 #[2022-01-18 17:41:26.042787]
   2.10000e+01  2.10000e-05  1.00000e-06  3.18961e+01  8.49505e-02 -1.13974e-01 2.22507e-308  1.80404e-01 #[2022-01-18 17:41:26.049330]
   4.10000e+01  4.10000e-05  1.00000e-06  1.42280e+01  3.78941e-02 -1.14111e-01 2.22507e-308  1.71732e-01 #[2022-01-18 17:41:26.057057]
   6.10000e+01  6.10000e-05  1.00000e-06  1.10497e+01  2.94292e-02 -1.14387e-01 2.22507e-308  1.78047e-01 #[2022-01-18 17:41:26.063174]
   8.10000e+01  8.10000e-05  1.00000e-06  1.09895e+01  2.92688e-02 -1.14830e-01 2.22507e-308  1.90831e-01 #[2022-01-18 17:41:26.071065]
   1.01000e+02  1.01000e-04  1.00000e-06  1.18949e+01  3.16802e-02 -1.15442e-01 2.22507e-308  2.08126e-01 #[2022-01-18 17:41:26.077504]
   1.21000e+02  1.21000e-04  1.00000e-06  1.32548e+01  3.53022e-02 -1.16120e-01 2.22507e-308  2.29428e-01 #[2022-01-18 17:41:26.085627]
   1.41000e+02  1.41000e-04  1.00000e-06  1.49375e+01  3.97838e-02 -1.17075e-01 2.22507e-308  2.54744e-01 #[2022-01-18 17:41:26.092066]
   1.61000e+02  1.61000e-04  1.00000e-06  1.69184e+01  4.50595e-02 -1.18198e-01 2.22507e-308  2.84311e-01 #[2022-01-18 17:41:26.099085]
   1.81000e+02  1.81000e-04  1.00000e-06  1.92112e+01  5.11663e-02 -1.19485e-01 2.22507e-308  3.18545e-01 #[2022-01-18 17:41:26.106467]
   2.01000e+02  2.01000e-04  1.00000e-06  2.18479e+01  5.81886e-02 -1.20954e-01 2.22507e-308  3.57997e-01 #[2022-01-18 17:41:26.114416]
   2.21000e+02  2.21000e-04  1.00000e-06  2.48715e+01  6.62416e-02 -1.22626e-01 2.22507e-308  4.03318e-01 #[2022-01-18 17:41:26.122032]
   2.41000e+02  2.41000e-04  1.00000e-06  2.83348e+01  7.54656e-02 -1.24526e-01 2.22507e-308  4.55279e-01 #[2022-01-18 17:41:26.128451]
   2.61000e+02  2.61000e-04  1.00000e-06  3.22997e+01  8.60254e-02 -1.26750e-01 2.22507e-308  5.14796e-01 #[2022-01-18 17:41:26.136605]
   2.81000e+02  2.81000e-04  1.00000e-06  3.68380e+01  9.81125e-02 -1.29313e-01 2.22507e-308  5.82921e-01 #[2022-01-18 17:41:26.143018]
   3.01000e+02  3.01000e-04  1.00000e-06  4.20325e+01  1.11947e-01 -1.32227e-01 2.22507e-308  6.60873e-01 #[2022-01-18 17:41:26.150446]
   3.21000e+02  3.21000e-04  1.00000e-06  4.79783e+01  1.27783e-01 -1.35540e-01 2.22507e-308  7.50040e-01 #[2022-01-18 17:41:26.157431]
   3.41000e+02  3.41000e-04  1.00000e-06  5.47844e+01  1.45910e-01 -1.39303e-01 2.22507e-308  8.52024e-01 #[2022-01-18 17:41:26.164191]
   3.61000e+02  3.61000e-04  1.00000e-06  6.25758e+01  1.66661e-01 -1.43579e-01 2.22507e-308  9.68670e-01 #[2022-01-18 17:41:26.172070]
   3.81000e+02  3.81000e-04  1.00000e-06  7.14955e+01  1.90417e-01 -1.48433e-01 2.22507e-308  1.10210e+00 #[2022-01-18 17:41:26.178474]
   4.01000e+02  4.01000e-04  1.00000e-06  8.17069e+01  2.17614e-01 -1.53941e-01 2.22507e-308  1.25472e+00 #[2022-01-18 17:41:26.186673]
   4.21000e+02  4.21000e-04  1.00000e-06  9.33966e+01  2.48748e-01 -1.60186e-01 2.22507e-308  1.42931e+00 #[2022-01-18 17:41:26.193080]
   4.41000e+02  4.41000e-04  1.00000e-06  1.06777e+02  2.84385e-01 -1.67260e-01 2.22507e-308  1.62905e+00 #[2022-01-18 17:41:26.201190]
   4.61000e+02  4.61000e-04  1.00000e-06  1.22090e+02  3.25170e-01 -1.75262e-01 2.22507e-308  1.85754e+00 #[2022-01-18 17:41:26.207596]
   4.81000e+02  4.81000e-04  1.00000e-06  1.39610e+02  3.71831e-01 -1.84303e-01 2.22507e-308  2.11895e+00 #[2022-01-18 17:41:26.214373]
   5.01000e+02  5.01000e-04  1.00000e-06  1.59645e+02  4.25192e-01 -1.94498e-01 2.22507e-308  2.41800e+00 #[2022-01-18 17:41:26.222142]
   5.21000e+02  5.21000e-04  1.00000e-06  1.82543e+02  4.86175e-01 -2.05972e-01 2.22507e-308  2.76007e+00 #[2022-01-18 17:41:26.228566]
   5.41000e+02  5.41000e-04  1.00000e-06  2.08688e+02  5.55809e-01 -2.18850e-01  1.54964e-02  3.15129e+00 #[2022-01-18 17:41:26.236668]
   5.61000e+02  5.61000e-04  1.00000e-06  2.38505e+02  6.35224e-01 -2.33262e-01  3.39036e-02  3.59858e+00 #[2022-01-18 17:41:26.243087]
   5.81000e+02  5.81000e-04  1.00000e-06  2.72455e+02  7.25642e-01 -2.49331e-01  5.50331e-02  4.10975e+00 #[2022-01-18 17:41:26.250659]
   6.01000e+02  6.01000e-04  1.00000e-06  3.11022e+02  8.28360e-01 -2.67168e-01  7.92259e-02  4.69358e+00 #[2022-01-18 17:41:26.257685]
   6.21000e+02  6.21000e-04  1.00000e-06  3.54704e+02  9.44701e-01 -2.86868e-01  1.06821e-01  5.35981e+00 #[2022-01-18 17:41:26.264685]
   6.41000e+02  6.41000e-04  1.00000e-06  4.03982e+02  1.00000e+00 -3.08493e-01  1.38124e-01  6.11917e+00 #[2022-01-18 17:41:26.271954]
   6.61000e+02  6.61000e-04  1.00000e-06  4.59276e+02  1.00000e+00 -3.32068e-01  1.73367e-01  6.98330e+00 #[2022-01-18 17:41:26.278039]
   6.81000e+02  6.81000e-04  1.00000e-06  5.20888e+02  1.00000e+00 -3.57564e-01  2.12847e-01  7.96461e+00 #[2022-01-18 17:41:26.285033]
   7.01000e+02  7.01000e-04  1.00000e-06  5.88908e+02  1.00000e+00 -3.85018e-01  2.56513e-01  9.07595e+00 #[2022-01-18 17:41:26.291729]
   7.21000e+02  7.21000e-04  1.00000e-06  6.63112e+02  1.00000e+00 -4.16036e-01  3.03721e-01  1.03301e+01 #[2022-01-18 17:41:26.298321]
   7.41000e+02  7.41000e-04  1.00000e-06  7.42826e+02  1.00000e+00 -4.48702e-01  3.53738e-01  1.17390e+01 #[2022-01-18 17:41:26.305627]
   7.61000e+02  7.61000e-04  1.00000e-06  8.26799e+02  1.00000e+00 -4.82653e-01  4.05530e-01  1.33126e+01 #[2022-01-18 17:41:26.311715]
   7.81000e+02  7.81000e-04  1.00000e-06  9.13094e+02  1.00000e+00 -5.17445e-01  4.57852e-01  1.50576e+01 #[2022-01-18 17:41:26.318838]
   8.01000e+02  8.01000e-04  1.00000e-06  9.99042e+02  1.00000e+00 -5.52565e-01  5.09392e-01  1.69759e+01 #[2022-01-18 17:41:26.325532]
   8.21000e+02  8.21000e-04  1.00000e-06  1.08129e+03  1.00000e+00 -5.87458e-01  5.58924e-01  1.90626e+01 #[2022-01-18 17:41:26.332289]
   8.41000e+02  8.41000e-04  1.00000e-06  1.15596e+03  1.00000e+00 -6.21553e-01  6.05441e-01  2.13044e+01 #[2022-01-18 17:41:26.339370]
   8.61000e+02  8.61000e-04  1.00000e-06  1.21899e+03  1.00000e+00 -6.54296e-01  6.48314e-01  2.36788e+01 #[2022-01-18 17:41:26.345474]
   8.81000e+02  8.81000e-04  1.00000e-06  1.26654e+03  1.00000e+00 -6.85184e-01  6.87962e-01  2.61536e+01 #[2022-01-18 17:41:26.353369]
   9.01000e+02  9.01000e-04  1.00000e-06  1.29550e+03  1.00000e+00 -7.13793e-01  7.23445e-01  2.86881e+01 #[2022-01-18 17:41:26.359518]
   9.21000e+02  9.21000e-04  1.00000e-06  1.30398e+03  1.00000e+00 -7.39806e-01  7.54799e-01  3.12348e+01 #[2022-01-18 17:41:26.366745]
   9.41000e+02  9.41000e-04  1.00000e-06  1.29165e+03  9.90550e-01 -7.63022e-01  7.82216e-01  3.37430e+01 #[2022-01-18 17:41:26.373466]
   9.61000e+02  9.61000e-04  1.00000e-06  1.25996e+03  9.66240e-01 -7.83356e-01  8.05987e-01  3.61633e+01 #[2022-01-18 17:41:26.379983]
   9.81000e+02  9.81000e-04  1.00000e-06  1.21193e+03  9.29414e-01 -8.00830e-01  8.26452e-01  3.84516e+01 #[2022-01-18 17:41:26.387284]
#                                                                                                        
#       iter         time           dt        res_c      rel_res        min_c        max_c   grad_c_mag  
#                                                                                                         #[2022-01-18 17:41:26.393374]
   1.00100e+03  1.00100e-03  1.00000e-06  1.15190e+03  8.83373e-01 -8.15554e-01  8.43968e-01  4.05723e+01 #[2022-01-18 17:41:26.393537]
   1.02100e+03  1.02100e-03  1.00000e-06  1.08483e+03  8.31938e-01 -8.27704e-01  8.58892e-01  4.25014e+01 #[2022-01-18 17:41:26.400755]
   1.04100e+03  1.04100e-03  1.00000e-06  1.01572e+03  7.78938e-01 -8.37498e-01  8.71562e-01  4.42257e+01 #[2022-01-18 17:41:26.407426]
   1.06100e+03  1.06100e-03  1.00000e-06  9.48948e+02  7.27733e-01 -8.45176e-01  8.82296e-01  4.57433e+01 #[2022-01-18 17:41:26.413867]
   1.08100e+03  1.08100e-03  1.00000e-06  8.87822e+02  6.80857e-01 -8.50980e-01  8.91380e-01  4.70614e+01 #[2022-01-18 17:41:26.421351]
   1.10100e+03  1.10100e-03  1.00000e-06  8.34350e+02  6.39850e-01 -8.60798e-01  8.99065e-01  4.81934e+01 #[2022-01-18 17:41:26.427452]
   1.12100e+03  1.12100e-03  1.00000e-06  7.89288e+02  6.05293e-01 -8.69746e-01  9.05570e-01  4.91576e+01 #[2022-01-18 17:41:26.434763]
   1.14100e+03  1.14100e-03  1.00000e-06  7.52393e+02  5.76999e-01 -8.82078e-01  9.11079e-01  4.99744e+01 #[2022-01-18 17:41:26.441286]
   1.16100e+03  1.16100e-03  1.00000e-06  7.22755e+02  5.54269e-01 -8.93184e-01  9.15746e-01  5.06653e+01 #[2022-01-18 17:41:26.447512]
   1.18100e+03  1.18100e-03  1.00000e-06  6.99127e+02  5.36150e-01 -9.02820e-01  9.19698e-01  5.12479e+01 #[2022-01-18 17:41:26.453614]
   1.20100e+03  1.20100e-03  1.00000e-06  6.80195e+02  5.21631e-01 -9.11110e-01  9.23042e-01  5.17388e+01 #[2022-01-18 17:41:26.459548]
   1.22100e+03  1.22100e-03  1.00000e-06  6.64762e+02  5.09796e-01 -9.18185e-01  9.25863e-01  5.21533e+01 #[2022-01-18 17:41:26.466111]
   1.24100e+03  1.24100e-03  1.00000e-06  6.51851e+02  4.99895e-01 -9.24178e-01  9.29229e-01  5.25041e+01 #[2022-01-18 17:41:26.471538]
   1.26100e+03  1.26100e-03  1.00000e-06  6.40739e+02  4.91373e-01 -9.29217e-01  9.35256e-01  5.28026e+01 #[2022-01-18 17:41:26.476944]
   1.28100e+03  1.28100e-03  1.00000e-06  6.30911e+02  4.83836e-01 -9.33425e-01  9.40259e-01  5.30573e+01 #[2022-01-18 17:41:26.484334]
   1.30100e+03  1.30100e-03  1.00000e-06  6.21992e+02  4.76996e-01 -9.36918e-01  9.44399e-01  5.32757e+01 #[2022-01-18 17:41:26.490255]
   1.32100e+03  1.32100e-03  1.00000e-06  6.13681e+02  4.70622e-01 -9.39801e-01  9.47818e-01  5.34638e+01 #[2022-01-18 17:41:26.496608]
   1.34100e+03  1.34100e-03  1.00000e-06  6.05715e+02  4.64514e-01 -9.42170e-01  9.50637e-01  5.36266e+01 #[2022-01-18 17:41:26.504206]
   1.36100e+03  1.36100e-03  1.00000e-06  5.97891e+02  4.58513e-01 -9.44113e-01  9.52961e-01  5.37674e+01 #[2022-01-18 17:41:26.510147]
   1.38100e+03  1.38100e-03  1.00000e-06  5.90081e+02  4.52524e-01 -9.45703e-01  9.54875e-01  5.38896e+01 #[2022-01-18 17:41:26.518343]
   1.40100e+03  1.40100e-03  1.00000e-06  5.82240e+02  4.46511e-01 -9.47006e-01  9.56453e-01  5.39961e+01 #[2022-01-18 17:41:26.524323]
   1.42100e+03  1.42100e-03  1.00000e-06  5.74374e+02  4.40479e-01 -9.48076e-01  9.57751e-01  5.40890e+01 #[2022-01-18 17:41:26.530934]
   1.44100e+03  1.44100e-03  1.00000e-06  5.66514e+02  4.34451e-01 -9.48956e-01  9.58817e-01  5.41703e+01 #[2022-01-18 17:41:26.537968]
   1.46100e+03  1.46100e-03  1.00000e-06  5.58704e+02  4.28461e-01 -9.49683e-01  9.59690e-01  5.42415e+01 #[2022-01-18 17:41:26.543891]
   1.48100e+03  1.48100e-03  1.00000e-06  5.51005e+02  4.22557e-01 -9.50283e-01  9.60400e-01  5.43035e+01 #[2022-01-18 17:41:26.551461]
   1.50100e+03  1.50100e-03  1.00000e-06  5.43499e+02  4.16801e-01 -9.50776e-01  9.61378e-01  5.43571e+01 #[2022-01-18 17:41:26.557971]
   1.52100e+03  1.52100e-03  1.00000e-06  5.36273e+02  4.11259e-01 -9.51177e-01  9.62309e-01  5.44036e+01 #[2022-01-18 17:41:26.566594]
   1.54100e+03  1.54100e-03  1.00000e-06  5.29402e+02  4.05990e-01 -9.51493e-01  9.63136e-01  5.44442e+01 #[2022-01-18 17:41:26.572656]
   1.56100e+03  1.56100e-03  1.00000e-06  5.22930e+02  4.01027e-01 -9.51731e-01  9.63873e-01  5.44790e+01 #[2022-01-18 17:41:26.578612]
   1.58100e+03  1.58100e-03  1.00000e-06  5.16852e+02  3.96366e-01 -9.51895e-01  9.64536e-01  5.45083e+01 #[2022-01-18 17:41:26.586580]
   1.60100e+03  1.60100e-03  1.00000e-06  5.11118e+02  3.91969e-01 -9.51988e-01  9.65134e-01  5.45332e+01 #[2022-01-18 17:41:26.592554]
   1.62100e+03  1.62100e-03  1.00000e-06  5.05659e+02  3.87782e-01 -9.52011e-01  9.65678e-01  5.45531e+01 #[2022-01-18 17:41:26.600086]
   1.64100e+03  1.64100e-03  1.00000e-06  5.00411e+02  3.83758e-01 -9.51967e-01  9.66177e-01  5.45685e+01 #[2022-01-18 17:41:26.605994]
   1.66100e+03  1.66100e-03  1.00000e-06  4.95340e+02  3.79868e-01 -9.51858e-01  9.66636e-01  5.45794e+01 #[2022-01-18 17:41:26.611962]
   1.68100e+03  1.68100e-03  1.00000e-06  4.90429e+02  3.76103e-01 -9.51686e-01  9.67063e-01  5.45862e+01 #[2022-01-18 17:41:26.619541]
   1.70100e+03  1.70100e-03  1.00000e-06  4.85676e+02  3.72458e-01 -9.51454e-01  9.67462e-01  5.45893e+01 #[2022-01-18 17:41:26.625512]
   1.72100e+03  1.72100e-03  1.00000e-06  4.81084e+02  3.68936e-01 -9.51164e-01  9.67838e-01  5.45888e+01 #[2022-01-18 17:41:26.632749]
   1.74100e+03  1.74100e-03  1.00000e-06  4.76665e+02  3.65547e-01 -9.50817e-01  9.68192e-01  5.45850e+01 #[2022-01-18 17:41:26.638999]
   1.76100e+03  1.76100e-03  1.00000e-06  4.72434e+02  3.62302e-01 -9.50415e-01  9.69482e-01  5.45778e+01 #[2022-01-18 17:41:26.644935]
   1.78100e+03  1.78100e-03  1.00000e-06  4.68392e+02  3.59203e-01 -9.49959e-01  9.70889e-01  5.45674e+01 #[2022-01-18 17:41:26.652547]
   1.80100e+03  1.80100e-03  1.00000e-06  4.64538e+02  3.56247e-01 -9.49449e-01  9.72219e-01  5.45542e+01 #[2022-01-18 17:41:26.658449]
   1.82100e+03  1.82100e-03  1.00000e-06  4.60865e+02  3.53430e-01 -9.48882e-01  9.73475e-01  5.45386e+01 #[2022-01-18 17:41:26.665694]
   1.84100e+03  1.84100e-03  1.00000e-06  4.57368e+02  3.50748e-01 -9.48377e-01  9.74660e-01  5.45206e+01 #[2022-01-18 17:41:26.671992]
   1.86100e+03  1.86100e-03  1.00000e-06  4.54038e+02  3.48194e-01 -9.49202e-01  9.75777e-01  5.45001e+01 #[2022-01-18 17:41:26.677980]
   1.88100e+03  1.88100e-03  1.00000e-06  4.50862e+02  3.45759e-01 -9.49993e-01  9.76826e-01  5.44774e+01 #[2022-01-18 17:41:26.685594]
   1.90100e+03  1.90100e-03  1.00000e-06  4.47837e+02  3.43440e-01 -9.50754e-01  9.77810e-01  5.44524e+01 #[2022-01-18 17:41:26.691501]
   1.92100e+03  1.92100e-03  1.00000e-06  4.44976e+02  3.41245e-01 -9.51490e-01  9.78727e-01  5.44249e+01 #[2022-01-18 17:41:26.698609]
   1.94100e+03  1.94100e-03  1.00000e-06  4.42305e+02  3.39197e-01 -9.52203e-01  9.79579e-01  5.43948e+01 #[2022-01-18 17:41:26.704960]
   1.96100e+03  1.96100e-03  1.00000e-06  4.39860e+02  3.37322e-01 -9.52895e-01  9.80365e-01  5.43626e+01 #[2022-01-18 17:41:26.710912]
   1.98100e+03  1.98100e-03  1.00000e-06  4.37662e+02  3.35636e-01 -9.53566e-01  9.81086e-01  5.43284e+01 #[2022-01-18 17:41:26.718536]
#                                                                                                        
#       iter         time           dt        res_c      rel_res        min_c        max_c   grad_c_mag  
#                                                                                                         #[2022-01-18 17:41:26.724441]
   2.00100e+03  2.00100e-03  1.00000e-06  4.35716e+02  3.34144e-01 -9.54215e-01  9.81743e-01  5.42926e+01 #[2022-01-18 17:41:26.724599]
   2.02100e+03  2.02100e-03  1.00000e-06  4.34006e+02  3.32833e-01 -9.54839e-01  9.82336e-01  5.42551e+01 #[2022-01-18 17:41:26.731030]
   2.04100e+03  2.04100e-03  1.00000e-06  4.32498e+02  3.31676e-01 -9.55434e-01  9.82867e-01  5.42160e+01 #[2022-01-18 17:41:26.738025]
   2.06100e+03  2.06100e-03  1.00000e-06  4.31144e+02  3.30638e-01 -9.55994e-01  9.83340e-01  5.41756e+01 #[2022-01-18 17:41:26.743992]
   2.08100e+03  2.08100e-03  1.00000e-06  4.29890e+02  3.29676e-01 -9.56513e-01  9.83756e-01  5.41339e+01 #[2022-01-18 17:41:26.751459]
   2.10100e+03  2.10100e-03  1.00000e-06  4.28683e+02  3.28751e-01 -9.56985e-01  9.84119e-01  5.40909e+01 #[2022-01-18 17:41:26.757364]
   2.12100e+03  2.12100e-03  1.00000e-06  4.27479e+02  3.27827e-01 -9.57401e-01  9.84433e-01  5.40465e+01 #[2022-01-18 17:41:26.764003]
   2.14100e+03  2.14100e-03  1.00000e-06  4.26245e+02  3.26880e-01 -9.57755e-01  9.84701e-01  5.40008e+01 #[2022-01-18 17:41:26.771024]
   2.16100e+03  2.16100e-03  1.00000e-06  4.24952e+02  3.25889e-01 -9.58042e-01  9.84926e-01  5.39537e+01 #[2022-01-18 17:41:26.776998]
   2.18100e+03  2.18100e-03  1.00000e-06  4.23575e+02  3.24833e-01 -9.58256e-01  9.85112e-01  5.39055e+01 #[2022-01-18 17:41:26.784719]
   2.20100e+03  2.20100e-03  1.00000e-06  4.22090e+02  3.23694e-01 -9.58395e-01  9.85262e-01  5.38563e+01 #[2022-01-18 17:41:26.790637]
   2.22100e+03  2.22100e-03  1.00000e-06  4.20468e+02  3.22450e-01 -9.58458e-01  9.85379e-01  5.38063e+01 #[2022-01-18 17:41:26.797195]
   2.24100e+03  2.24100e-03  1.00000e-06  4.18683e+02  3.21082e-01 -9.58444e-01  9.85466e-01  5.37553e+01 #[2022-01-18 17:41:26.804193]
   2.26100e+03  2.26100e-03  1.00000e-06  4.16717e+02  3.19574e-01 -9.58357e-01  9.85524e-01  5.37035e+01 #[2022-01-18 17:41:26.810165]
   2.28100e+03  2.28100e-03  1.00000e-06  4.14574e+02  3.17930e-01 -9.58198e-01  9.85555e-01  5.36513e+01 #[2022-01-18 17:41:26.817931]
   2.30100e+03  2.30100e-03  1.00000e-06  4.12289e+02  3.16178e-01 -9.57974e-01  9.85561e-01  5.35986e+01 #[2022-01-18 17:41:26.823849]
   2.32100e+03  2.32100e-03  1.00000e-06  4.09924e+02  3.14365e-01 -9.57689e-01  9.85544e-01  5.35456e+01 #[2022-01-18 17:41:26.830335]
   2.34100e+03  2.34100e-03  1.00000e-06  4.07547e+02  3.12541e-01 -9.57347e-01  9.85504e-01  5.34923e+01 #[2022-01-18 17:41:26.837250]
   2.36100e+03  2.36100e-03  1.00000e-06  4.05220e+02  3.10757e-01 -9.56957e-01  9.85442e-01  5.34388e+01 #[2022-01-18 17:41:26.843218]
   2.38100e+03  2.38100e-03  1.00000e-06  4.02991e+02  3.09048e-01 -9.56521e-01  9.85359e-01  5.33850e+01 #[2022-01-18 17:41:26.850848]
   2.40100e+03  2.40100e-03  1.00000e-06  4.00890e+02  3.07437e-01 -9.56047e-01  9.85256e-01  5.33307e+01 #[2022-01-18 17:41:26.858084]
   2.42100e+03  2.42100e-03  1.00000e-06  3.98933e+02  3.05936e-01 -9.55539e-01  9.85132e-01  5.32760e+01 #[2022-01-18 17:41:26.865866]
   2.44100e+03  2.44100e-03  1.00000e-06  3.97125e+02  3.04549e-01 -9.55002e-01  9.84988e-01  5.32210e+01 #[2022-01-18 17:41:26.872585]
   2.46100e+03  2.46100e-03  1.00000e-06  3.95460e+02  3.03272e-01 -9.54438e-01  9.84825e-01  5.31655e+01 #[2022-01-18 17:41:26.878472]
   2.48100e+03  2.48100e-03  1.00000e-06  3.93918e+02  3.02089e-01 -9.53851e-01  9.84642e-01  5.31095e+01 #[2022-01-18 17:41:26.885915]
   2.50100e+03  2.50100e-03  1.00000e-06  3.92467e+02  3.00977e-01 -9.53243e-01  9.85068e-01  5.30529e+01 #[2022-01-18 17:41:26.891817]
   2.52100e+03  2.52100e-03  1.00000e-06  3.91074e+02  2.99908e-01 -9.52616e-01  9.85626e-01  5.29954e+01 #[2022-01-18 17:41:26.898268]
   2.54100e+03  2.54100e-03  1.00000e-06  3.89708e+02  2.98861e-01 -9.51971e-01  9.86146e-01  5.29369e+01 #[2022-01-18 17:41:26.905281]
   2.56100e+03  2.56100e-03  1.00000e-06  3.88353e+02  2.97822e-01 -9.51523e-01  9.86631e-01  5.28778e+01 #[2022-01-18 17:41:26.911168]
   2.58100e+03  2.58100e-03  1.00000e-06  3.87006e+02  2.96789e-01 -9.51806e-01  9.87084e-01  5.28178e+01 #[2022-01-18 17:41:26.918640]
   2.60100e+03  2.60100e-03  1.00000e-06  3.85672e+02  2.95766e-01 -9.51981e-01  9.87507e-01  5.27568e+01 #[2022-01-18 17:41:26.924527]
   2.62100e+03  2.62100e-03  1.00000e-06  3.84361e+02  2.94761e-01 -9.52038e-01  9.87903e-01  5.26950e+01 #[2022-01-18 17:41:26.931007]
   2.64100e+03  2.64100e-03  1.00000e-06  3.83084e+02  2.93782e-01 -9.51979e-01  9.88274e-01  5.26326e+01 #[2022-01-18 17:41:26.938053]
   2.66100e+03  2.66100e-03  1.00000e-06  3.81847e+02  2.92832e-01 -9.51813e-01  9.88620e-01  5.25694e+01 #[2022-01-18 17:41:26.943949]
   2.68100e+03  2.68100e-03  1.00000e-06  3.80650e+02  2.91915e-01 -9.51558e-01  9.88944e-01  5.25055e+01 #[2022-01-18 17:41:26.951534]
   2.70100e+03  2.70100e-03  1.00000e-06  3.79500e+02  2.91033e-01 -9.51234e-01  9.89247e-01  5.24412e+01 #[2022-01-18 17:41:26.957423]
   2.72100e+03  2.72100e-03  1.00000e-06  3.78416e+02  2.90201e-01 -9.50864e-01  9.89530e-01  5.23761e+01 #[2022-01-18 17:41:26.963866]
   2.74100e+03  2.74100e-03  1.00000e-06  3.77428e+02  2.89444e-01 -9.50466e-01  9.89794e-01  5.23104e+01 #[2022-01-18 17:41:26.970817]
   2.76100e+03  2.76100e-03  1.00000e-06  3.76558e+02  2.88777e-01 -9.50057e-01  9.90040e-01  5.22441e+01 #[2022-01-18 17:41:26.976709]
   2.78100e+03  2.78100e-03  1.00000e-06  3.75784e+02  2.88183e-01 -9.49646e-01  9.90268e-01  5.21773e+01 #[2022-01-18 17:41:26.984231]
   2.80100e+03  2.80100e-03  1.00000e-06  3.75002e+02  2.87583e-01 -9.49768e-01  9.90480e-01  5.21103e+01 #[2022-01-18 17:41:26.990129]
   2.82100e+03  2.82100e-03  1.00000e-06  3.74060e+02  2.86861e-01 -9.50532e-01  9.90676e-01  5.20432e+01 #[2022-01-18 17:41:26.996539]
   2.84100e+03  2.84100e-03  1.00000e-06  3.72844e+02  2.85928e-01 -9.51311e-01  9.90857e-01  5.19763e+01 #[2022-01-18 17:41:27.003744]
   2.86100e+03  2.86100e-03  1.00000e-06  3.71344e+02  2.84778e-01 -9.52091e-01  9.91025e-01  5.19096e+01 #[2022-01-18 17:41:27.009638]
   2.88100e+03  2.88100e-03  1.00000e-06  3.69576e+02  2.83422e-01 -9.52857e-01  9.91180e-01  5.18434e+01 #[2022-01-18 17:41:27.017159]
   2.90100e+03  2.90100e-03  1.00000e-06  3.67499e+02  2.81829e-01 -9.53599e-01  9.91321e-01  5.17777e+01 #[2022-01-18 17:41:27.023082]
   2.92100e+03  2.92100e-03  1.00000e-06  3.65095e+02  2.79986e-01 -9.54312e-01  9.91449e-01  5.17126e+01 #[2022-01-18 17:41:27.028992]
   2.94100e+03  2.94100e-03  1.00000e-06  3.62552e+02  2.78035e-01 -9.54990e-01  9.91564e-01  5.16478e+01 #[2022-01-18 17:41:27.036676]
   2.96100e+03  2.96100e-03  1.00000e-06  3.60192e+02  2.76226e-01 -9.55631e-01  9.91667e-01  5.15834e+01 #[2022-01-18 17:41:27.042567]
   2.98100e+03  2.98100e-03  1.00000e-06  3.58199e+02  2.74698e-01 -9.56236e-01  9.91759e-01  5.15193e+01 #[2022-01-18 17:41:27.050266]
#                                                                                                        
#       iter         time           dt        res_c      rel_res        min_c        max_c   grad_c_mag  
#                                                                                                         #[2022-01-18 17:41:27.056170]
   3.00100e+03  3.00100e-03  1.00000e-06  3.56512e+02  2.73403e-01 -9.56804e-01  9.91845e-01  5.14554e+01 #[2022-01-18 17:41:27.056333]
   3.02100e+03  3.02100e-03  1.00000e-06  3.54934e+02  2.72193e-01 -9.57333e-01  9.91923e-01  5.13914e+01 #[2022-01-18 17:41:27.062233]
   3.04100e+03  3.04100e-03  1.00000e-06  3.53249e+02  2.70901e-01 -9.57825e-01  9.91997e-01  5.13276e+01 #[2022-01-18 17:41:27.069930]
   3.06100e+03  3.06100e-03  1.00000e-06  3.51224e+02  2.69348e-01 -9.58277e-01  9.92064e-01  5.12641e+01 #[2022-01-18 17:41:27.075836]
   3.08100e+03  3.08100e-03  1.00000e-06  3.48586e+02  2.67326e-01 -9.58686e-01  9.92125e-01  5.12012e+01 #[2022-01-18 17:41:27.083375]
   3.10100e+03  3.10100e-03  1.00000e-06  3.45167e+02  2.64703e-01 -9.59051e-01  9.92178e-01  5.11397e+01 #[2022-01-18 17:41:27.089265]
   3.12100e+03  3.12100e-03  1.00000e-06  3.41075e+02  2.61565e-01 -9.59368e-01  9.92220e-01  5.10798e+01 #[2022-01-18 17:41:27.095158]
   3.14100e+03  3.14100e-03  1.00000e-06  3.36631e+02  2.58157e-01 -9.59634e-01  9.92252e-01  5.10218e+01 #[2022-01-18 17:41:27.102638]
   3.16100e+03  3.16100e-03  1.00000e-06  3.32162e+02  2.54730e-01 -9.59844e-01  9.92271e-01  5.09651e+01 #[2022-01-18 17:41:27.108561]
   3.18100e+03  3.18100e-03  1.00000e-06  3.27892e+02  2.51456e-01 -9.59997e-01  9.92277e-01  5.09095e+01 #[2022-01-18 17:41:27.115686]
   3.20100e+03  3.20100e-03  1.00000e-06  3.23948e+02  2.48430e-01 -9.60090e-01  9.92269e-01  5.08547e+01 #[2022-01-18 17:41:27.121982]
   3.22100e+03  3.22100e-03  1.00000e-06  3.20383e+02  2.45697e-01 -9.60123e-01  9.92249e-01  5.08003e+01 #[2022-01-18 17:41:27.127895]
   3.24100e+03  3.24100e-03  1.00000e-06  3.17203e+02  2.43258e-01 -9.60095e-01  9.92216e-01  5.07458e+01 #[2022-01-18 17:41:27.135420]
   3.26100e+03  3.26100e-03  1.00000e-06  3.14371e+02  2.41086e-01 -9.60009e-01  9.92172e-01  5.06911e+01 #[2022-01-18 17:41:27.141359]
   3.28100e+03  3.28100e-03  1.00000e-06  3.11824e+02  2.39133e-01 -9.59867e-01  9.92117e-01  5.06360e+01 #[2022-01-18 17:41:27.147854]
   3.30100e+03  3.30100e-03  1.00000e-06  3.09486e+02  2.37340e-01 -9.59674e-01  9.92053e-01  5.05805e+01 #[2022-01-18 17:41:27.154871]
   3.32100e+03  3.32100e-03  1.00000e-06  3.07284e+02  2.35652e-01 -9.59437e-01  9.91981e-01  5.05247e+01 #[2022-01-18 17:41:27.160780]
   3.34100e+03  3.34100e-03  1.00000e-06  3.05172e+02  2.34032e-01 -9.59162e-01  9.91902e-01  5.04685e+01 #[2022-01-18 17:41:27.168233]
   3.36100e+03  3.36100e-03  1.00000e-06  3.03129e+02  2.32465e-01 -9.59227e-01  9.91818e-01  5.04122e+01 #[2022-01-18 17:41:27.174147]
   3.38100e+03  3.38100e-03  1.00000e-06  3.01151e+02  2.30948e-01 -9.59314e-01  9.91731e-01  5.03558e+01 #[2022-01-18 17:41:27.180696]
   3.40100e+03  3.40100e-03  1.00000e-06  2.99235e+02  2.29479e-01 -9.59353e-01  9.91640e-01  5.02996e+01 #[2022-01-18 17:41:27.187563]
   3.42100e+03  3.42100e-03  1.00000e-06  2.97370e+02  2.28049e-01 -9.59356e-01  9.91549e-01  5.02435e+01 #[2022-01-18 17:41:27.193463]
   3.44100e+03  3.44100e-03  1.00000e-06  2.95537e+02  2.26643e-01 -9.59335e-01  9.91457e-01  5.01875e+01 #[2022-01-18 17:41:27.200899]
   3.46100e+03  3.46100e-03  1.00000e-06  2.93710e+02  2.25242e-01 -9.59301e-01  9.91365e-01  5.01317e+01 #[2022-01-18 17:41:27.206796]
   3.48100e+03  3.48100e-03  1.00000e-06  2.91865e+02  2.23827e-01 -9.59657e-01  9.91276e-01  5.00759e+01 #[2022-01-18 17:41:27.213089]
   3.50100e+03  3.50100e-03  1.00000e-06  2.89981e+02  2.22382e-01 -9.60143e-01  9.91189e-01  5.00201e+01 #[2022-01-18 17:41:27.220268]
   3.52100e+03  3.52100e-03  1.00000e-06  2.88051e+02  2.20902e-01 -9.60648e-01  9.91106e-01  4.99644e+01 #[2022-01-18 17:41:27.226190]
   3.54100e+03  3.54100e-03  1.00000e-06  2.86094e+02  2.19401e-01 -9.61167e-01  9.91026e-01  4.99087e+01 #[2022-01-18 17:41:27.233731]
   3.56100e+03  3.56100e-03  1.00000e-06  2.84154e+02  2.17913e-01 -9.61694e-01  9.90952e-01  4.98532e+01 #[2022-01-18 17:41:27.239626]
   3.58100e+03  3.58100e-03  1.00000e-06  2.82295e+02  2.16488e-01 -9.62224e-01  9.90882e-01  4.97977e+01 #[2022-01-18 17:41:27.245516]
   3.60100e+03  3.60100e-03  1.00000e-06  2.80581e+02  2.15173e-01 -9.62755e-01  9.90817e-01  4.97423e+01 #[2022-01-18 17:41:27.252933]
   3.62100e+03  3.62100e-03  1.00000e-06  2.79060e+02  2.14007e-01 -9.63281e-01  9.90758e-01  4.96867e+01 #[2022-01-18 17:41:27.258822]
   3.64100e+03  3.64100e-03  1.00000e-06  2.77767e+02  2.13016e-01 -9.63799e-01  9.90704e-01  4.96310e+01 #[2022-01-18 17:41:27.266429]
   3.66100e+03  3.66100e-03  1.00000e-06  2.76723e+02  2.12214e-01 -9.64308e-01  9.90656e-01  4.95751e+01 #[2022-01-18 17:41:27.272318]
   3.68100e+03  3.68100e-03  1.00000e-06  2.75936e+02  2.11611e-01 -9.64806e-01  9.90613e-01  4.95189e+01 #[2022-01-18 17:41:27.278212]
   3.70100e+03  3.70100e-03  1.00000e-06  2.75413e+02  2.11210e-01 -9.65291e-01  9.90668e-01  4.94624e+01 #[2022-01-18 17:41:27.285651]
   3.72100e+03  3.72100e-03  1.00000e-06  2.75153e+02  2.11011e-01 -9.65763e-01  9.90832e-01  4.94056e+01 #[2022-01-18 17:41:27.291552]
   3.74100e+03  3.74100e-03  1.00000e-06  2.75158e+02  2.11014e-01 -9.66221e-01  9.90988e-01  4.93484e+01 #[2022-01-18 17:41:27.297966]
   3.76100e+03  3.76100e-03  1.00000e-06  2.75425e+02  2.11219e-01 -9.66666e-01  9.91135e-01  4.92907e+01 #[2022-01-18 17:41:27.305007]
   3.78100e+03  3.78100e-03  1.00000e-06  2.75954e+02  2.11625e-01 -9.67099e-01  9.91274e-01  4.92327e+01 #[2022-01-18 17:41:27.310912]
   3.80100e+03  3.80100e-03  1.00000e-06  2.76727e+02  2.12218e-01 -9.67519e-01  9.91405e-01  4.91745e+01 #[2022-01-18 17:41:27.318542]
   3.82100e+03  3.82100e-03  1.00000e-06  2.77687e+02  2.12954e-01 -9.67928e-01  9.91528e-01  4.91162e+01 #[2022-01-18 17:41:27.324446]
   3.84100e+03  3.84100e-03  1.00000e-06  2.78685e+02  2.13719e-01 -9.68327e-01  9.91642e-01  4.90575e+01 #[2022-01-18 17:41:27.330902]
   3.86100e+03  3.86100e-03  1.00000e-06  2.79453e+02  2.14308e-01 -9.68714e-01  9.91749e-01  4.89986e+01 #[2022-01-18 17:41:27.337834]
   3.88100e+03  3.88100e-03  1.00000e-06  2.79662e+02  2.14469e-01 -9.69092e-01  9.91848e-01  4.89396e+01 #[2022-01-18 17:41:27.343724]
   3.90100e+03  3.90100e-03  1.00000e-06  2.79096e+02  2.14035e-01 -9.69460e-01  9.91941e-01  4.88812e+01 #[2022-01-18 17:41:27.351188]
   3.92100e+03  3.92100e-03  1.00000e-06  2.77803e+02  2.13042e-01 -9.69817e-01  9.92026e-01  4.88233e+01 #[2022-01-18 17:41:27.357083]
   3.94100e+03  3.94100e-03  1.00000e-06  2.76032e+02  2.11684e-01 -9.70163e-01  9.92105e-01  4.87664e+01 #[2022-01-18 17:41:27.363677]
   3.96100e+03  3.96100e-03  1.00000e-06  2.74054e+02  2.10168e-01 -9.70497e-01  9.92178e-01  4.87107e+01 #[2022-01-18 17:41:27.370609]
   3.98100e+03  3.98100e-03  1.00000e-06  2.72064e+02  2.08641e-01 -9.70817e-01  9.92245e-01  4.86560e+01 #[2022-01-18 17:41:27.376499]
#                                                                                                        
#       iter         time           dt        res_c      rel_res        min_c        max_c   grad_c_mag  
#                                                                                                         #[2022-01-18 17:41:27.383975]
   4.00100e+03  4.00100e-03  1.00000e-06  2.70176e+02  2.07194e-01 -9.71122e-01  9.92306e-01  4.86022e+01 #[2022-01-18 17:41:27.384136]
   4.02100e+03  4.02100e-03  1.00000e-06  2.68462e+02  2.05879e-01 -9.71408e-01  9.92363e-01  4.85491e+01 #[2022-01-18 17:41:27.390026]
   4.04100e+03  4.04100e-03  1.00000e-06  2.66968e+02  2.04734e-01 -9.71674e-01  9.92414e-01  4.84968e+01 #[2022-01-18 17:41:27.396355]
   4.06100e+03  4.06100e-03  1.00000e-06  2.65744e+02  2.03795e-01 -9.71916e-01  9.92461e-01  4.84450e+01 #[2022-01-18 17:41:27.403430]
   4.08100e+03  4.08100e-03  1.00000e-06  2.64845e+02  2.03105e-01 -9.72131e-01  9.92504e-01  4.83934e+01 #[2022-01-18 17:41:27.409313]
   4.10100e+03  4.10100e-03  1.00000e-06  2.64315e+02  2.02699e-01 -9.72316e-01  9.92543e-01  4.83416e+01 #[2022-01-18 17:41:27.416905]
   4.12100e+03  4.12100e-03  1.00000e-06  2.64144e+02  2.02568e-01 -9.72468e-01  9.92578e-01  4.82897e+01 #[2022-01-18 17:41:27.422815]
   4.14100e+03  4.14100e-03  1.00000e-06  2.64211e+02  2.02619e-01 -9.72585e-01  9.92611e-01  4.82376e+01 #[2022-01-18 17:41:27.428747]
   4.16100e+03  4.16100e-03  1.00000e-06  2.64253e+02  2.02652e-01 -9.72663e-01  9.92641e-01  4.81854e+01 #[2022-01-18 17:41:27.436466]
   4.18100e+03  4.18100e-03  1.00000e-06  2.63907e+02  2.02386e-01 -9.72703e-01  9.92669e-01  4.81333e+01 #[2022-01-18 17:41:27.442376]
   4.20100e+03  4.20100e-03  1.00000e-06  2.62845e+02  2.01572e-01 -9.72702e-01  9.92694e-01  4.80815e+01 #[2022-01-18 17:41:27.449816]
   4.22100e+03  4.22100e-03  1.00000e-06  2.60932e+02  2.00105e-01 -9.72661e-01  9.92719e-01  4.80308e+01 #[2022-01-18 17:41:27.455723]
   4.24100e+03  4.24100e-03  1.00000e-06  2.58277e+02  1.98069e-01 -9.72581e-01  9.92742e-01  4.79812e+01 #[2022-01-18 17:41:27.461615]
   4.26100e+03  4.26100e-03  1.00000e-06  2.55150e+02  1.95671e-01 -9.72463e-01  9.92764e-01  4.79329e+01 #[2022-01-18 17:41:27.469281]
   4.28100e+03  4.28100e-03  1.00000e-06  2.51853e+02  1.93142e-01 -9.72525e-01  9.92786e-01  4.78857e+01 #[2022-01-18 17:41:27.475188]
   4.30100e+03  4.30100e-03  1.00000e-06  2.48618e+02  1.90662e-01 -9.72792e-01  9.92807e-01  4.78396e+01 #[2022-01-18 17:41:27.481571]
   4.32100e+03  4.32100e-03  1.00000e-06  2.45573e+02  1.88326e-01 -9.73036e-01  9.92828e-01  4.77941e+01 #[2022-01-18 17:41:27.488595]
   4.34100e+03  4.34100e-03  1.00000e-06  2.42760e+02  1.86169e-01 -9.73259e-01  9.92849e-01  4.77493e+01 #[2022-01-18 17:41:27.494484]
   4.36100e+03  4.36100e-03  1.00000e-06  2.40179e+02  1.84189e-01 -9.73462e-01  9.92870e-01  4.77050e+01 #[2022-01-18 17:41:27.502058]
   4.38100e+03  4.38100e-03  1.00000e-06  2.37813e+02  1.82375e-01 -9.73647e-01  9.92890e-01  4.76612e+01 #[2022-01-18 17:41:27.507957]
   4.40100e+03  4.40100e-03  1.00000e-06  2.35647e+02  1.80714e-01 -9.73816e-01  9.92912e-01  4.76176e+01 #[2022-01-18 17:41:27.514482]
   4.42100e+03  4.42100e-03  1.00000e-06  2.33673e+02  1.79200e-01 -9.73970e-01  9.92933e-01  4.75740e+01 #[2022-01-18 17:41:27.521504]
   4.44100e+03  4.44100e-03  1.00000e-06  2.31889e+02  1.77832e-01 -9.74111e-01  9.92954e-01  4.75303e+01 #[2022-01-18 17:41:27.527422]
   4.46100e+03  4.46100e-03  1.00000e-06  2.30296e+02  1.76611e-01 -9.74240e-01  9.92976e-01  4.74865e+01 #[2022-01-18 17:41:27.534919]
   4.48100e+03  4.48100e-03  1.00000e-06  2.28889e+02  1.75532e-01 -9.74359e-01  9.92998e-01  4.74424e+01 #[2022-01-18 17:41:27.540802]
   4.50100e+03  4.50100e-03  1.00000e-06  2.27658e+02  1.74587e-01 -9.74468e-01  9.93020e-01  4.73980e+01 #[2022-01-18 17:41:27.547350]
   4.52100e+03  4.52100e-03  1.00000e-06  2.26586e+02  1.73765e-01 -9.74569e-01  9.93042e-01  4.73533e+01 #[2022-01-18 17:41:27.554330]
   4.54100e+03  4.54100e-03  1.00000e-06  2.25656e+02  1.73052e-01 -9.74663e-01  9.93063e-01  4.73084e+01 #[2022-01-18 17:41:27.560255]
   4.56100e+03  4.56100e-03  1.00000e-06  2.24855e+02  1.72438e-01 -9.74751e-01  9.93085e-01  4.72633e+01 #[2022-01-18 17:41:27.567830]
   4.58100e+03  4.58100e-03  1.00000e-06  2.24172e+02  1.71914e-01 -9.74833e-01  9.93107e-01  4.72180e+01 #[2022-01-18 17:41:27.573724]
   4.60100e+03  4.60100e-03  1.00000e-06  2.23603e+02  1.71478e-01 -9.74911e-01  9.93128e-01  4.71725e+01 #[2022-01-18 17:41:27.580487]
   4.62100e+03  4.62100e-03  1.00000e-06  2.23143e+02  1.71125e-01 -9.74985e-01  9.93150e-01  4.71268e+01 #[2022-01-18 17:41:27.587381]
   4.64100e+03  4.64100e-03  1.00000e-06  2.22786e+02  1.70851e-01 -9.75056e-01  9.93170e-01  4.70811e+01 #[2022-01-18 17:41:27.593274]
   4.66100e+03  4.66100e-03  1.00000e-06  2.22515e+02  1.70643e-01 -9.75124e-01  9.93190e-01  4.70352e+01 #[2022-01-18 17:41:27.600902]
   4.68100e+03  4.68100e-03  1.00000e-06  2.22303e+02  1.70481e-01 -9.75189e-01  9.93210e-01  4.69893e+01 #[2022-01-18 17:41:27.606842]
   4.70100e+03  4.70100e-03  1.00000e-06  2.22107e+02  1.70330e-01 -9.75253e-01  9.93228e-01  4.69433e+01 #[2022-01-18 17:41:27.613294]
   4.72100e+03  4.72100e-03  1.00000e-06  2.21875e+02  1.70153e-01 -9.75315e-01  9.93246e-01  4.68974e+01 #[2022-01-18 17:41:27.620350]
   4.74100e+03  4.74100e-03  1.00000e-06  2.21555e+02  1.69907e-01 -9.75377e-01  9.93263e-01  4.68514e+01 #[2022-01-18 17:41:27.626238]
   4.76100e+03  4.76100e-03  1.00000e-06  2.21107e+02  1.69564e-01 -9.75437e-01  9.93279e-01  4.68055e+01 #[2022-01-18 17:41:27.633753]
   4.78100e+03  4.78100e-03  1.00000e-06  2.20515e+02  1.69110e-01 -9.75496e-01  9.93293e-01  4.67595e+01 #[2022-01-18 17:41:27.639654]
   4.80100e+03  4.80100e-03  1.00000e-06  2.19802e+02  1.68562e-01 -9.75556e-01  9.93306e-01  4.67135e+01 #[2022-01-18 17:41:27.645562]
   4.82100e+03  4.82100e-03  1.00000e-06  2.19027e+02  1.67969e-01 -9.75614e-01  9.93318e-01  4.66673e+01 #[2022-01-18 17:41:27.653115]
   4.84100e+03  4.84100e-03  1.00000e-06  2.18285e+02  1.67399e-01 -9.75673e-01  9.93328e-01  4.66210e+01 #[2022-01-18 17:41:27.659016]
   4.86100e+03  4.86100e-03  1.00000e-06  2.17679e+02  1.66934e-01 -9.75732e-01  9.93337e-01  4.65744e+01 #[2022-01-18 17:41:27.666079]
   4.88100e+03  4.88100e-03  1.00000e-06  2.17294e+02  1.66640e-01 -9.75791e-01  9.93344e-01  4.65276e+01 #[2022-01-18 17:41:27.672376]
   4.90100e+03  4.90100e-03  1.00000e-06  2.17178e+02  1.66550e-01 -9.75851e-01  9.93349e-01  4.64804e+01 #[2022-01-18 17:41:27.678270]
   4.92100e+03  4.92100e-03  1.00000e-06  2.17316e+02  1.66656e-01 -9.75910e-01  9.93353e-01  4.64330e+01 #[2022-01-18 17:41:27.685909]
   4.94100e+03  4.94100e-03  1.00000e-06  2.17622e+02  1.66891e-01 -9.75971e-01  9.93355e-01  4.63852e+01 #[2022-01-18 17:41:27.691809]
   4.96100e+03  4.96100e-03  1.00000e-06  2.17938e+02  1.67133e-01 -9.76031e-01  9.93422e-01  4.63371e+01 #[2022-01-18 17:41:27.698194]
   4.98100e+03  4.98100e-03  1.00000e-06  2.18080e+02  1.67242e-01 -9.76093e-01  9.93548e-01  4.62887e+01 #[2022-01-18 17:41:27.705345]
#                                                                                                        
#       iter         time           dt        res_c      rel_res        min_c        max_c   grad_c_mag  
#                                                                                                         #[2022-01-18 17:41:27.711239]
   5.00100e+03  5.00100e-03  1.00000e-06  2.17907e+02  1.67109e-01 -9.76154e-01  9.93668e-01  4.62403e+01 #[2022-01-18 17:41:27.711396]
   5.02100e+03  5.02100e-03  1.00000e-06  2.17373e+02  1.66700e-01 -9.76217e-01  9.93783e-01  4.61919e+01 #[2022-01-18 17:41:27.719227]
   5.04100e+03  5.04100e-03  1.00000e-06  2.16481e+02  1.66016e-01 -9.76280e-01  9.93892e-01  4.61437e+01 #[2022-01-18 17:41:27.725663]
   5.06100e+03  5.06100e-03  1.00000e-06  2.15198e+02  1.65032e-01 -9.76344e-01  9.93997e-01  4.60960e+01 #[2022-01-18 17:41:27.733818]
   5.08100e+03  5.08100e-03  1.00000e-06  2.13455e+02  1.63695e-01 -9.76408e-01  9.94096e-01  4.60490e+01 #[2022-01-18 17:41:27.739842]
   5.10100e+03  5.10100e-03  1.00000e-06  2.11247e+02  1.62002e-01 -9.76474e-01  9.94190e-01  4.60030e+01 #[2022-01-18 17:41:27.745845]
   5.12100e+03  5.12100e-03  1.00000e-06  2.08706e+02  1.60053e-01 -9.76540e-01  9.94279e-01  4.59579e+01 #[2022-01-18 17:41:27.753488]
   5.14100e+03  5.14100e-03  1.00000e-06  2.06046e+02  1.58013e-01 -9.76606e-01  9.94364e-01  4.59138e+01 #[2022-01-18 17:41:27.759416]
   5.16100e+03  5.16100e-03  1.00000e-06  2.03466e+02  1.56035e-01 -9.76674e-01  9.94443e-01  4.58708e+01 #[2022-01-18 17:41:27.766865]
   5.18100e+03  5.18100e-03  1.00000e-06  2.01089e+02  1.54212e-01 -9.76742e-01  9.94517e-01  4.58289e+01 #[2022-01-18 17:41:27.772782]
   5.20100e+03  5.20100e-03  1.00000e-06  1.98971e+02  1.52588e-01 -9.76811e-01  9.94587e-01  4.57882e+01 #[2022-01-18 17:41:27.778733]
   5.22100e+03  5.22100e-03  1.00000e-06  1.97135e+02  1.51180e-01 -9.76880e-01  9.94652e-01  4.57483e+01 #[2022-01-18 17:41:27.786322]
   5.24100e+03  5.24100e-03  1.00000e-06  1.95596e+02  1.50000e-01 -9.76951e-01  9.94712e-01  4.57091e+01 #[2022-01-18 17:41:27.792246]
   5.26100e+03  5.26100e-03  1.00000e-06  1.94380e+02  1.49067e-01 -9.77022e-01  9.94768e-01  4.56703e+01 #[2022-01-18 17:41:27.799493]
   5.28100e+03  5.28100e-03  1.00000e-06  1.93517e+02  1.48405e-01 -9.77094e-01  9.94819e-01  4.56318e+01 #[2022-01-18 17:41:27.805800]
   5.30100e+03  5.30100e-03  1.00000e-06  1.93033e+02  1.48034e-01 -9.77166e-01  9.94865e-01  4.55933e+01 #[2022-01-18 17:41:27.811739]
   5.32100e+03  5.32100e-03  1.00000e-06  1.92925e+02  1.47951e-01 -9.77240e-01  9.94907e-01  4.55549e+01 #[2022-01-18 17:41:27.819208]
   5.34100e+03  5.34100e-03  1.00000e-06  1.93115e+02  1.48097e-01 -9.77314e-01  9.94944e-01  4.55163e+01 #[2022-01-18 17:41:27.825128]
   5.36100e+03  5.36100e-03  1.00000e-06  1.93405e+02  1.48319e-01 -9.77389e-01  9.94977e-01  4.54777e+01 #[2022-01-18 17:41:27.831616]
   5.38100e+03  5.38100e-03  1.00000e-06  1.93472e+02  1.48371e-01 -9.77465e-01  9.95006e-01  4.54391e+01 #[2022-01-18 17:41:27.838693]
   5.40100e+03  5.40100e-03  1.00000e-06  1.92969e+02  1.47985e-01 -9.77543e-01  9.95031e-01  4.54007e+01 #[2022-01-18 17:41:27.844626]
   5.42100e+03  5.42100e-03  1.00000e-06  1.91723e+02  1.47030e-01 -9.77621e-01  9.95051e-01  4.53631e+01 #[2022-01-18 17:41:27.852257]
   5.44100e+03  5.44100e-03  1.00000e-06  1.89861e+02  1.45601e-01 -9.77701e-01  9.95068e-01  4.53260e+01 #[2022-01-18 17:41:27.858166]
   5.46100e+03  5.46100e-03  1.00000e-06  1.87701e+02  1.43945e-01 -9.77782e-01  9.95081e-01  4.52897e+01 #[2022-01-18 17:41:27.864783]
   5.48100e+03  5.48100e-03  1.00000e-06  1.85560e+02  1.42303e-01 -9.77864e-01  9.95090e-01  4.52543e+01 #[2022-01-18 17:41:27.871829]
   5.50100e+03  5.50100e-03  1.00000e-06  1.83637e+02  1.40828e-01 -9.77948e-01  9.95096e-01  4.52193e+01 #[2022-01-18 17:41:27.877741]
   5.52100e+03  5.52100e-03  1.00000e-06  1.82021e+02  1.39589e-01 -9.78033e-01  9.95156e-01  4.51848e+01 #[2022-01-18 17:41:27.885284]
   5.54100e+03  5.54100e-03  1.00000e-06  1.80733e+02  1.38602e-01 -9.78118e-01  9.95240e-01  4.51506e+01 #[2022-01-18 17:41:27.891201]
   5.56100e+03  5.56100e-03  1.00000e-06  1.79765e+02  1.37859e-01 -9.78204e-01  9.95321e-01  4.51165e+01 #[2022-01-18 17:41:27.897619]
   5.58100e+03  5.58100e-03  1.00000e-06  1.79099e+02  1.37348e-01 -9.78291e-01  9.95398e-01  4.50825e+01 #[2022-01-18 17:41:27.904550]
   5.60100e+03  5.60100e-03  1.00000e-06  1.78716e+02  1.37055e-01 -9.78377e-01  9.95472e-01  4.50486e+01 #[2022-01-18 17:41:27.910453]
   5.62100e+03  5.62100e-03  1.00000e-06  1.78600e+02  1.36966e-01 -9.78463e-01  9.95542e-01  4.50145e+01 #[2022-01-18 17:41:27.918059]
   5.64100e+03  5.64100e-03  1.00000e-06  1.78735e+02  1.37069e-01 -9.78548e-01  9.95608e-01  4.49804e+01 #[2022-01-18 17:41:27.923973]
   5.66100e+03  5.66100e-03  1.00000e-06  1.79105e+02  1.37353e-01 -9.78631e-01  9.95671e-01  4.49461e+01 #[2022-01-18 17:41:27.930448]
   5.68100e+03  5.68100e-03  1.00000e-06  1.79695e+02  1.37805e-01 -9.78712e-01  9.95731e-01  4.49117e+01 #[2022-01-18 17:41:27.937372]
   5.70100e+03  5.70100e-03  1.00000e-06  1.80488e+02  1.38414e-01 -9.78791e-01  9.95787e-01  4.48770e+01 #[2022-01-18 17:41:27.943314]
   5.72100e+03  5.72100e-03  1.00000e-06  1.81465e+02  1.39163e-01 -9.78865e-01  9.95840e-01  4.48419e+01 #[2022-01-18 17:41:27.950951]
   5.74100e+03  5.74100e-03  1.00000e-06  1.82604e+02  1.40036e-01 -9.78936e-01  9.95889e-01  4.48065e+01 #[2022-01-18 17:41:27.956855]
   5.76100e+03  5.76100e-03  1.00000e-06  1.83870e+02  1.41007e-01 -9.79001e-01  9.95935e-01  4.47708e+01 #[2022-01-18 17:41:27.963233]
   5.78100e+03  5.78100e-03  1.00000e-06  1.85196e+02  1.42024e-01 -9.79060e-01  9.95978e-01  4.47347e+01 #[2022-01-18 17:41:27.970414]
   5.80100e+03  5.80100e-03  1.00000e-06  1.86451e+02  1.42987e-01 -9.79114e-01  9.96018e-01  4.46983e+01 #[2022-01-18 17:41:27.976325]
   5.82100e+03  5.82100e-03  1.00000e-06  1.87420e+02  1.43729e-01 -9.79159e-01  9.96055e-01  4.46617e+01 #[2022-01-18 17:41:27.983859]
   5.84100e+03  5.84100e-03  1.00000e-06  1.87848e+02  1.44058e-01 -9.79197e-01  9.96088e-01  4.46250e+01 #[2022-01-18 17:41:27.989797]
   5.86100e+03  5.86100e-03  1.00000e-06  1.87576e+02  1.43849e-01 -9.79227e-01  9.96119e-01  4.45882e+01 #[2022-01-18 17:41:27.995727]
   5.88100e+03  5.88100e-03  1.00000e-06  1.86663e+02  1.43149e-01 -9.79247e-01  9.96146e-01  4.45517e+01 #[2022-01-18 17:41:28.003202]
   5.90100e+03  5.90100e-03  1.00000e-06  1.85368e+02  1.42156e-01 -9.79258e-01  9.96170e-01  4.45156e+01 #[2022-01-18 17:41:28.009107]
   5.92100e+03  5.92100e-03  1.00000e-06  1.84005e+02  1.41111e-01 -9.79259e-01  9.96192e-01  4.44800e+01 #[2022-01-18 17:41:28.016777]
   5.94100e+03  5.94100e-03  1.00000e-06  1.82816e+02  1.40199e-01 -9.79250e-01  9.96210e-01  4.44451e+01 #[2022-01-18 17:41:28.022692]
   5.96100e+03  5.96100e-03  1.00000e-06  1.81910e+02  1.39504e-01 -9.79231e-01  9.96226e-01  4.44109e+01 #[2022-01-18 17:41:28.028617]
   5.98100e+03  5.98100e-03  1.00000e-06  1.81262e+02  1.39007e-01 -9.79201e-01  9.96239e-01  4.43774e+01 #[2022-01-18 17:41:28.036096]
#                                                                                                        
#       iter         time           dt        res_c      rel_res        min_c        max_c   grad_c_mag  
#                                                                                                         #[2022-01-18 17:41:28.042001]
   6.00100e+03  6.00100e-03  1.00000e-06  1.80712e+02  1.38585e-01 -9.79162e-01  9.96249e-01  4.43448e+01 #[2022-01-18 17:41:28.042162]
   6.02100e+03  6.02100e-03  1.00000e-06  1.79974e+02  1.38019e-01 -9.79112e-01  9.96257e-01  4.43129e+01 #[2022-01-18 17:41:28.049283]
   6.04100e+03  6.04100e-03  1.00000e-06  1.78701e+02  1.37043e-01 -9.79053e-01  9.96262e-01  4.42816e+01 #[2022-01-18 17:41:28.055578]
   6.06100e+03  6.06100e-03  1.00000e-06  1.76637e+02  1.35460e-01 -9.78985e-01  9.96264e-01  4.42510e+01 #[2022-01-18 17:41:28.061484]
   6.08100e+03  6.08100e-03  1.00000e-06  1.73785e+02  1.33273e-01 -9.78908e-01  9.96264e-01  4.42213e+01 #[2022-01-18 17:41:28.069178]
   6.10100e+03  6.10100e-03  1.00000e-06  1.70399e+02  1.30676e-01 -9.78822e-01  9.96261e-01  4.41928e+01 #[2022-01-18 17:41:28.075064]
   6.12100e+03  6.12100e-03  1.00000e-06  1.66812e+02  1.27926e-01 -9.78728e-01  9.96256e-01  4.41657e+01 #[2022-01-18 17:41:28.081570]
   6.14100e+03  6.14100e-03  1.00000e-06  1.63287e+02  1.25222e-01 -9.78627e-01  9.96249e-01  4.41397e+01 #[2022-01-18 17:41:28.088640]
   6.16100e+03  6.16100e-03  1.00000e-06  1.59975e+02  1.22682e-01 -9.78520e-01  9.96239e-01  4.41147e+01 #[2022-01-18 17:41:28.094536]
   6.18100e+03  6.18100e-03  1.00000e-06  1.56946e+02  1.20359e-01 -9.78406e-01  9.96227e-01  4.40903e+01 #[2022-01-18 17:41:28.102117]
   6.20100e+03  6.20100e-03  1.00000e-06  1.54225e+02  1.18273e-01 -9.78286e-01  9.96214e-01  4.40665e+01 #[2022-01-18 17:41:28.108013]
   6.22100e+03  6.22100e-03  1.00000e-06  1.51811e+02  1.16421e-01 -9.78161e-01  9.96198e-01  4.40430e+01 #[2022-01-18 17:41:28.114428]
   6.24100e+03  6.24100e-03  1.00000e-06  1.49690e+02  1.14795e-01 -9.78032e-01  9.96181e-01  4.40199e+01 #[2022-01-18 17:41:28.121423]
   6.26100e+03  6.26100e-03  1.00000e-06  1.47839e+02  1.13375e-01 -9.77976e-01  9.96222e-01  4.39969e+01 #[2022-01-18 17:41:28.127315]
   6.28100e+03  6.28100e-03  1.00000e-06  1.46233e+02  1.12144e-01 -9.78011e-01  9.96264e-01  4.39740e+01 #[2022-01-18 17:41:28.134819]
   6.30100e+03  6.30100e-03  1.00000e-06  1.44844e+02  1.11078e-01 -9.78043e-01  9.96307e-01  4.39511e+01 #[2022-01-18 17:41:28.140709]
   6.32100e+03  6.32100e-03  1.00000e-06  1.43646e+02  1.10160e-01 -9.78073e-01  9.96351e-01  4.39281e+01 #[2022-01-18 17:41:28.147249]
   6.34100e+03  6.34100e-03  1.00000e-06  1.42613e+02  1.09368e-01 -9.78101e-01  9.96396e-01  4.39050e+01 #[2022-01-18 17:41:28.154238]
   6.36100e+03  6.36100e-03  1.00000e-06  1.41726e+02  1.08687e-01 -9.78127e-01  9.96442e-01  4.38818e+01 #[2022-01-18 17:41:28.160133]
   6.38100e+03  6.38100e-03  1.00000e-06  1.40965e+02  1.08104e-01 -9.78150e-01  9.96489e-01  4.38585e+01 #[2022-01-18 17:41:28.167752]
   6.40100e+03  6.40100e-03  1.00000e-06  1.40315e+02  1.07606e-01 -9.78172e-01  9.96537e-01  4.38351e+01 #[2022-01-18 17:41:28.173639]
   6.42100e+03  6.42100e-03  1.00000e-06  1.39764e+02  1.07183e-01 -9.78192e-01  9.96585e-01  4.38115e+01 #[2022-01-18 17:41:28.180135]
   6.44100e+03  6.44100e-03  1.00000e-06  1.39302e+02  1.06829e-01 -9.78211e-01  9.96633e-01  4.37879e+01 #[2022-01-18 17:41:28.187009]
   6.46100e+03  6.46100e-03  1.00000e-06  1.38919e+02  1.06535e-01 -9.78228e-01  9.96682e-01  4.37641e+01 #[2022-01-18 17:41:28.192904]
   6.48100e+03  6.48100e-03  1.00000e-06  1.38606e+02  1.06295e-01 -9.78244e-01  9.96731e-01  4.37402e+01 #[2022-01-18 17:41:28.200537]
   6.50100e+03  6.50100e-03  1.00000e-06  1.38353e+02  1.06101e-01 -9.78259e-01  9.96781e-01  4.37162e+01 #[2022-01-18 17:41:28.206436]
   6.52100e+03  6.52100e-03  1.00000e-06  1.38150e+02  1.05945e-01 -9.78272e-01  9.96830e-01  4.36920e+01 #[2022-01-18 17:41:28.212344]
   6.54100e+03  6.54100e-03  1.00000e-06  1.37986e+02  1.05820e-01 -9.78285e-01  9.96879e-01  4.36677e+01 #[2022-01-18 17:41:28.219857]
   6.56100e+03  6.56100e-03  1.00000e-06  1.37855e+02  1.05719e-01 -9.78296e-01  9.96928e-01  4.36433e+01 #[2022-01-18 17:41:28.225756]
   6.58100e+03  6.58100e-03  1.00000e-06  1.37752e+02  1.05640e-01 -9.78306e-01  9.96977e-01  4.36187e+01 #[2022-01-18 17:41:28.233402]
   6.60100e+03  6.60100e-03  1.00000e-06  1.37676e+02  1.05581e-01 -9.78316e-01  9.97025e-01  4.35941e+01 #[2022-01-18 17:41:28.239307]
   6.62100e+03  6.62100e-03  1.00000e-06  1.37634e+02  1.05549e-01 -9.78325e-01  9.97073e-01  4.35692e+01 #[2022-01-18 17:41:28.245200]
   6.64100e+03  6.64100e-03  1.00000e-06  1.37640e+02  1.05554e-01 -9.78333e-01  9.97120e-01  4.35442e+01 #[2022-01-18 17:41:28.252695]
   6.66100e+03  6.66100e-03  1.00000e-06  1.37714e+02  1.05611e-01 -9.78340e-01  9.97166e-01  4.35191e+01 #[2022-01-18 17:41:28.258582]
   6.68100e+03  6.68100e-03  1.00000e-06  1.37884e+02  1.05741e-01 -9.78346e-01  9.97211e-01  4.34938e+01 #[2022-01-18 17:41:28.264902]
   6.70100e+03  6.70100e-03  1.00000e-06  1.38181e+02  1.05969e-01 -9.78352e-01  9.97254e-01  4.34682e+01 #[2022-01-18 17:41:28.271913]
   6.72100e+03  6.72100e-03  1.00000e-06  1.38640e+02  1.06321e-01 -9.78357e-01  9.97296e-01  4.34425e+01 #[2022-01-18 17:41:28.277806]
   6.74100e+03  6.74100e-03  1.00000e-06  1.39293e+02  1.06821e-01 -9.78362e-01  9.97336e-01  4.34166e+01 #[2022-01-18 17:41:28.285222]
   6.76100e+03  6.76100e-03  1.00000e-06  1.40163e+02  1.07489e-01 -9.78366e-01  9.97373e-01  4.33905e+01 #[2022-01-18 17:41:28.291123]
   6.78100e+03  6.78100e-03  1.00000e-06  1.41248e+02  1.08321e-01 -9.78369e-01  9.97409e-01  4.33641e+01 #[2022-01-18 17:41:28.297587]
   6.80100e+03  6.80100e-03  1.00000e-06  1.42481e+02  1.09267e-01 -9.78372e-01  9.97441e-01  4.33375e+01 #[2022-01-18 17:41:28.304468]
   6.82100e+03  6.82100e-03  1.00000e-06  1.43694e+02  1.10196e-01 -9.78375e-01  9.97471e-01  4.33107e+01 #[2022-01-18 17:41:28.310356]
   6.84100e+03  6.84100e-03  1.00000e-06  1.44583e+02  1.10878e-01 -9.78377e-01  9.97497e-01  4.32838e+01 #[2022-01-18 17:41:28.317863]
   6.86100e+03  6.86100e-03  1.00000e-06  1.44781e+02  1.11030e-01 -9.78378e-01  9.97520e-01  4.32569e+01 #[2022-01-18 17:41:28.323799]
   6.88100e+03  6.88100e-03  1.00000e-06  1.44052e+02  1.10471e-01 -9.78379e-01  9.97539e-01  4.32302e+01 #[2022-01-18 17:41:28.330370]
   6.90100e+03  6.90100e-03  1.00000e-06  1.42469e+02  1.09257e-01 -9.78380e-01  9.97554e-01  4.32040e+01 #[2022-01-18 17:41:28.337256]
   6.92100e+03  6.92100e-03  1.00000e-06  1.40366e+02  1.07644e-01 -9.78380e-01  9.97564e-01  4.31785e+01 #[2022-01-18 17:41:28.343148]
   6.94100e+03  6.94100e-03  1.00000e-06  1.38107e+02  1.05912e-01 -9.78380e-01  9.97569e-01  4.31535e+01 #[2022-01-18 17:41:28.350523]
   6.96100e+03  6.96100e-03  1.00000e-06  1.35930e+02  1.04243e-01 -9.78379e-01  9.97570e-01  4.31293e+01 #[2022-01-18 17:41:28.356436]
   6.98100e+03  6.98100e-03  1.00000e-06  1.33934e+02  1.02712e-01 -9.78378e-01  9.97566e-01  4.31058e+01 #[2022-01-18 17:41:28.362333]
#                                                                                                        
#       iter         time           dt        res_c      rel_res        min_c        max_c   grad_c_mag  
#                                                                                                         #[2022-01-18 17:41:28.369761]
   7.00100e+03  7.00100e-03  1.00000e-06  1.32130e+02  1.01328e-01 -9.78377e-01  9.97556e-01  4.30830e+01 #[2022-01-18 17:41:28.369938]
   7.02100e+03  7.02100e-03  1.00000e-06  1.30494e+02  1.00074e-01 -9.78375e-01  9.97540e-01  4.30607e+01 #[2022-01-18 17:41:28.375849]
   7.04100e+03  7.04100e-03  1.00000e-06  1.28997e+02  9.89255e-02 -9.78373e-01  9.97519e-01  4.30391e+01 #[2022-01-18 17:41:28.383384]
   7.06100e+03  7.06100e-03  1.00000e-06  1.27613e+02  9.78645e-02 -9.78371e-01  9.97493e-01  4.30180e+01 #[2022-01-18 17:41:28.389282]
   7.08100e+03  7.08100e-03  1.00000e-06  1.26325e+02  9.68763e-02 -9.78368e-01  9.97460e-01  4.29973e+01 #[2022-01-18 17:41:28.395184]
   7.10100e+03  7.10100e-03  1.00000e-06  1.25117e+02  9.59505e-02 -9.78365e-01  9.97422e-01  4.29769e+01 #[2022-01-18 17:41:28.402570]
   7.12100e+03  7.12100e-03  1.00000e-06  1.23980e+02  9.50780e-02 -9.78362e-01  9.97377e-01  4.29569e+01 #[2022-01-18 17:41:28.408470]
   7.14100e+03  7.14100e-03  1.00000e-06  1.22901e+02  9.42506e-02 -9.78359e-01  9.97328e-01  4.29371e+01 #[2022-01-18 17:41:28.414792]
   7.16100e+03  7.16100e-03  1.00000e-06  1.21870e+02  9.34603e-02 -9.78355e-01  9.97272e-01  4.29175e+01 #[2022-01-18 17:41:28.421829]
   7.18100e+03  7.18100e-03  1.00000e-06  1.20879e+02  9.27004e-02 -9.78351e-01  9.97211e-01  4.28980e+01 #[2022-01-18 17:41:28.427728]
   7.20100e+03  7.20100e-03  1.00000e-06  1.19921e+02  9.19656e-02 -9.78347e-01  9.97144e-01  4.28787e+01 #[2022-01-18 17:41:28.435248]
   7.22100e+03  7.22100e-03  1.00000e-06  1.18992e+02  9.12532e-02 -9.78342e-01  9.97072e-01  4.28595e+01 #[2022-01-18 17:41:28.441145]
   7.24100e+03  7.24100e-03  1.00000e-06  1.18092e+02  9.05626e-02 -9.78338e-01  9.97036e-01  4.28403e+01 #[2022-01-18 17:41:28.447685]
   7.26100e+03  7.26100e-03  1.00000e-06  1.17221e+02  8.98953e-02 -9.78333e-01  9.97094e-01  4.28213e+01 #[2022-01-18 17:41:28.454650]
   7.28100e+03  7.28100e-03  1.00000e-06  1.16385e+02  8.92539e-02 -9.78328e-01  9.97153e-01  4.28024e+01 #[2022-01-18 17:41:28.460549]
   7.30100e+03  7.30100e-03  1.00000e-06  1.15586e+02  8.86414e-02 -9.78322e-01  9.97212e-01  4.27836e+01 #[2022-01-18 17:41:28.467969]
   7.32100e+03  7.32100e-03  1.00000e-06  1.14829e+02  8.80605e-02 -9.78317e-01  9.97271e-01  4.27649e+01 #[2022-01-18 17:41:28.473865]
   7.34100e+03  7.34100e-03  1.00000e-06  1.14115e+02  8.75129e-02 -9.78311e-01  9.97329e-01  4.27462e+01 #[2022-01-18 17:41:28.480408]
   7.36100e+03  7.36100e-03  1.00000e-06  1.13445e+02  8.69991e-02 -9.78306e-01  9.97387e-01  4.27277e+01 #[2022-01-18 17:41:28.487260]
   7.38100e+03  7.38100e-03  1.00000e-06  1.12819e+02  8.65188e-02 -9.78300e-01  9.97445e-01  4.27092e+01 #[2022-01-18 17:41:28.493153]
   7.40100e+03  7.40100e-03  1.00000e-06  1.12234e+02  8.60705e-02 -9.78294e-01  9.97501e-01  4.26908e+01 #[2022-01-18 17:41:28.500572]
   7.42100e+03  7.42100e-03  1.00000e-06  1.11688e+02  8.56519e-02 -9.78288e-01  9.97556e-01  4.26725e+01 #[2022-01-18 17:41:28.506463]
   7.44100e+03  7.44100e-03  1.00000e-06  1.11177e+02  8.52601e-02 -9.78282e-01  9.97609e-01  4.26542e+01 #[2022-01-18 17:41:28.512367]
   7.46100e+03  7.46100e-03  1.00000e-06  1.10697e+02  8.48919e-02 -9.78275e-01  9.97659e-01  4.26361e+01 #[2022-01-18 17:41:28.520006]
   7.48100e+03  7.48100e-03  1.00000e-06  1.10243e+02  8.45436e-02 -9.78269e-01  9.97707e-01  4.26180e+01 #[2022-01-18 17:41:28.525909]
   7.50100e+03  7.50100e-03  1.00000e-06  1.09810e+02  8.42117e-02 -9.78263e-01  9.97752e-01  4.26000e+01 #[2022-01-18 17:41:28.533295]
   7.52100e+03  7.52100e-03  1.00000e-06  1.09394e+02  8.38924e-02 -9.78257e-01  9.97793e-01  4.25820e+01 #[2022-01-18 17:41:28.539201]
   7.54100e+03  7.54100e-03  1.00000e-06  1.08989e+02  8.35822e-02 -9.78251e-01  9.97829e-01  4.25642e+01 #[2022-01-18 17:41:28.545111]
   7.56100e+03  7.56100e-03  1.00000e-06  1.08592e+02  8.32776e-02 -9.78245e-01  9.97861e-01  4.25464e+01 #[2022-01-18 17:41:28.552545]
   7.58100e+03  7.58100e-03  1.00000e-06  1.08198e+02  8.29753e-02 -9.78239e-01  9.97888e-01  4.25287e+01 #[2022-01-18 17:41:28.558450]
   7.60100e+03  7.60100e-03  1.00000e-06  1.07803e+02  8.26726e-02 -9.78233e-01  9.97908e-01  4.25111e+01 #[2022-01-18 17:41:28.564889]
   7.62100e+03  7.62100e-03  1.00000e-06  1.07405e+02  8.23669e-02 -9.78227e-01  9.97922e-01  4.24935e+01 #[2022-01-18 17:41:28.571942]
   7.64100e+03  7.64100e-03  1.00000e-06  1.06999e+02  8.20562e-02 -9.78221e-01  9.97929e-01  4.24761e+01 #[2022-01-18 17:41:28.577847]
   7.66100e+03  7.66100e-03  1.00000e-06  1.06586e+02  8.17391e-02 -9.78216e-01  9.97928e-01  4.24587e+01 #[2022-01-18 17:41:28.585268]
   7.68100e+03  7.68100e-03  1.00000e-06  1.06163e+02  8.14146e-02 -9.78210e-01  9.97920e-01  4.24414e+01 #[2022-01-18 17:41:28.591181]
   7.70100e+03  7.70100e-03  1.00000e-06  1.05729e+02  8.10822e-02 -9.78205e-01  9.97903e-01  4.24241e+01 #[2022-01-18 17:41:28.597678]
   7.72100e+03  7.72100e-03  1.00000e-06  1.05286e+02  8.07421e-02 -9.78200e-01  9.97877e-01  4.24070e+01 #[2022-01-18 17:41:28.604615]
   7.74100e+03  7.74100e-03  1.00000e-06  1.04833e+02  8.03945e-02 -9.78195e-01  9.97843e-01  4.23899e+01 #[2022-01-18 17:41:28.610512]
   7.76100e+03  7.76100e-03  1.00000e-06  1.04370e+02  8.00401e-02 -9.78190e-01  9.97799e-01  4.23729e+01 #[2022-01-18 17:41:28.618112]
   7.78100e+03  7.78100e-03  1.00000e-06  1.03900e+02  7.96795e-02 -9.78185e-01  9.97746e-01  4.23559e+01 #[2022-01-18 17:41:28.624024]
   7.80100e+03  7.80100e-03  1.00000e-06  1.03423e+02  7.93137e-02 -9.78180e-01  9.97684e-01  4.23391e+01 #[2022-01-18 17:41:28.630481]
   7.82100e+03  7.82100e-03  1.00000e-06  1.02941e+02  7.89435e-02 -9.78176e-01  9.97612e-01  4.23223e+01 #[2022-01-18 17:41:28.637472]
   7.84100e+03  7.84100e-03  1.00000e-06  1.02453e+02  7.85697e-02 -9.78172e-01  9.97532e-01  4.23056e+01 #[2022-01-18 17:41:28.643396]
   7.86100e+03  7.86100e-03  1.00000e-06  1.01962e+02  7.81931e-02 -9.78168e-01  9.97442e-01  4.22890e+01 #[2022-01-18 17:41:28.650842]
   7.88100e+03  7.88100e-03  1.00000e-06  1.01468e+02  7.78145e-02 -9.78164e-01  9.97344e-01  4.22724e+01 #[2022-01-18 17:41:28.656754]
   7.90100e+03  7.90100e-03  1.00000e-06  1.00973e+02  7.74348e-02 -9.78160e-01  9.97238e-01  4.22559e+01 #[2022-01-18 17:41:28.663029]
   7.92100e+03  7.92100e-03  1.00000e-06  1.00477e+02  7.70546e-02 -9.78157e-01  9.97123e-01  4.22395e+01 #[2022-01-18 17:41:28.670217]
   7.94100e+03  7.94100e-03  1.00000e-06  9.99819e+01  7.66745e-02 -9.78154e-01  9.97000e-01  4.22232e+01 #[2022-01-18 17:41:28.676116]
   7.96100e+03  7.96100e-03  1.00000e-06  9.94871e+01  7.62951e-02 -9.78151e-01  9.96870e-01  4.22070e+01 #[2022-01-18 17:41:28.683559]
   7.98100e+03  7.98100e-03  1.00000e-06  9.89938e+01  7.59168e-02 -9.78148e-01  9.96733e-01  4.21908e+01 #[2022-01-18 17:41:28.689475]
#                                                                                                        
#       iter         time           dt        res_c      rel_res        min_c        max_c   grad_c_mag  
#                                                                                                         #[2022-01-18 17:41:28.695381]
   8.00100e+03  8.00100e-03  1.00000e-06  9.85024e+01  7.55400e-02 -9.78145e-01  9.96590e-01  4.21747e+01 #[2022-01-18 17:41:28.695566]
   8.02100e+03  8.02100e-03  1.00000e-06  9.80132e+01  7.51648e-02 -9.78143e-01  9.96440e-01  4.21586e+01 #[2022-01-18 17:41:28.702977]
   8.04100e+03  8.04100e-03  1.00000e-06  9.75266e+01  7.47916e-02 -9.78140e-01  9.96285e-01  4.21426e+01 #[2022-01-18 17:41:28.708878]
   8.06100e+03  8.06100e-03  1.00000e-06  9.70427e+01  7.44206e-02 -9.78139e-01  9.96124e-01  4.21266e+01 #[2022-01-18 17:41:28.716285]
   8.08100e+03  8.08100e-03  1.00000e-06  9.65619e+01  7.40518e-02 -9.78137e-01  9.95958e-01  4.21107e+01 #[2022-01-18 17:41:28.722260]
   8.10100e+03  8.10100e-03  1.00000e-06  9.60841e+01  7.36854e-02 -9.78135e-01  9.95788e-01  4.20949e+01 #[2022-01-18 17:41:28.728171]
   8.12100e+03  8.12100e-03  1.00000e-06  9.56096e+01  7.33215e-02 -9.78134e-01  9.95613e-01  4.20791e+01 #[2022-01-18 17:41:28.735845]
   8.14100e+03  8.14100e-03  1.00000e-06  9.51387e+01  7.29604e-02 -9.78133e-01  9.95435e-01  4.20633e+01 #[2022-01-18 17:41:28.741747]
   8.16100e+03  8.16100e-03  1.00000e-06  9.46717e+01  7.26022e-02 -9.78133e-01  9.95253e-01  4.20476e+01 #[2022-01-18 17:41:28.748235]
   8.18100e+03  8.18100e-03  1.00000e-06  9.42094e+01  7.22477e-02 -9.78133e-01  9.95067e-01  4.20319e+01 #[2022-01-18 17:41:28.755334]
   8.20100e+03  8.20100e-03  1.00000e-06  9.37530e+01  7.18977e-02 -9.78133e-01  9.94878e-01  4.20163e+01 #[2022-01-18 17:41:28.761216]
   8.22100e+03  8.22100e-03  1.00000e-06  9.33041e+01  7.15535e-02 -9.78134e-01  9.94687e-01  4.20008e+01 #[2022-01-18 17:41:28.768614]
   8.24100e+03  8.24100e-03  1.00000e-06  9.28649e+01  7.12167e-02 -9.78135e-01  9.94492e-01  4.19852e+01 #[2022-01-18 17:41:28.774505]
   8.26100e+03  8.26100e-03  1.00000e-06  9.24379e+01  7.08892e-02 -9.78136e-01  9.94296e-01  4.19697e+01 #[2022-01-18 17:41:28.780911]
   8.28100e+03  8.28100e-03  1.00000e-06  9.20262e+01  7.05735e-02 -9.78138e-01  9.94097e-01  4.19543e+01 #[2022-01-18 17:41:28.787817]
   8.30100e+03  8.30100e-03  1.00000e-06  9.16329e+01  7.02719e-02 -9.78140e-01  9.93896e-01  4.19388e+01 #[2022-01-18 17:41:28.793704]
   8.32100e+03  8.32100e-03  1.00000e-06  9.12616e+01  6.99871e-02 -9.78143e-01  9.93693e-01  4.19234e+01 #[2022-01-18 17:41:28.801198]
   8.34100e+03  8.34100e-03  1.00000e-06  9.09157e+01  6.97218e-02 -9.78146e-01  9.93488e-01  4.19080e+01 #[2022-01-18 17:41:28.807090]
   8.36100e+03  8.36100e-03  1.00000e-06  9.05988e+01  6.94788e-02 -9.78150e-01  9.93282e-01  4.18927e+01 #[2022-01-18 17:41:28.813639]
   8.38100e+03  8.38100e-03  1.00000e-06  9.03143e+01  6.92606e-02 -9.78155e-01  9.93074e-01  4.18773e+01 #[2022-01-18 17:41:28.820541]
   8.40100e+03  8.40100e-03  1.00000e-06  9.00658e+01  6.90701e-02 -9.78159e-01  9.92968e-01  4.18619e+01 #[2022-01-18 17:41:28.826423]
   8.42100e+03  8.42100e-03  1.00000e-06  8.98569e+01  6.89099e-02 -9.78165e-01  9.92976e-01  4.18466e+01 #[2022-01-18 17:41:28.833819]
   8.44100e+03  8.44100e-03  1.00000e-06  8.96914e+01  6.87829e-02 -9.78171e-01  9.92981e-01  4.18312e+01 #[2022-01-18 17:41:28.839710]
   8.46100e+03  8.46100e-03  1.00000e-06  8.95731e+01  6.86922e-02 -9.78177e-01  9.92985e-01  4.18158e+01 #[2022-01-18 17:41:28.845587]
   8.48100e+03  8.48100e-03  1.00000e-06  8.95066e+01  6.86413e-02 -9.78184e-01  9.92987e-01  4.18004e+01 #[2022-01-18 17:41:28.853107]
   8.50100e+03  8.50100e-03  1.00000e-06  8.94969e+01  6.86338e-02 -9.78192e-01  9.92987e-01  4.17850e+01 #[2022-01-18 17:41:28.859002]
   8.52100e+03  8.52100e-03  1.00000e-06  8.95498e+01  6.86743e-02 -9.78200e-01  9.92986e-01  4.17695e+01 #[2022-01-18 17:41:28.866233]
   8.54100e+03  8.54100e-03  1.00000e-06  8.96721e+01  6.87682e-02 -9.78209e-01  9.92983e-01  4.17540e+01 #[2022-01-18 17:41:28.872274]
   8.56100e+03  8.56100e-03  1.00000e-06  8.98720e+01  6.89215e-02 -9.78218e-01  9.92979e-01  4.17384e+01 #[2022-01-18 17:41:28.878153]
   8.58100e+03  8.58100e-03  1.00000e-06  9.01593e+01  6.91418e-02 -9.78228e-01  9.92974e-01  4.17227e+01 #[2022-01-18 17:41:28.885654]
   8.60100e+03  8.60100e-03  1.00000e-06  9.05456e+01  6.94380e-02 -9.78238e-01  9.92967e-01  4.17069e+01 #[2022-01-18 17:41:28.891554]
   8.62100e+03  8.62100e-03  1.00000e-06  9.10449e+01  6.98209e-02 -9.78249e-01  9.92958e-01  4.16910e+01 #[2022-01-18 17:41:28.897987]
   8.64100e+03  8.64100e-03  1.00000e-06  9.16736e+01  7.03030e-02 -9.78260e-01  9.92949e-01  4.16751e+01 #[2022-01-18 17:41:28.904970]
   8.66100e+03  8.66100e-03  1.00000e-06  9.24505e+01  7.08989e-02 -9.78272e-01  9.92973e-01  4.16590e+01 #[2022-01-18 17:41:28.910854]
   8.68100e+03  8.68100e-03  1.00000e-06  9.33964e+01  7.16243e-02 -9.78285e-01  9.93021e-01  4.16427e+01 #[2022-01-18 17:41:28.918275]
   8.70100e+03  8.70100e-03  1.00000e-06  9.45318e+01  7.24950e-02 -9.78298e-01  9.93070e-01  4.16263e+01 #[2022-01-18 17:41:28.924172]
   8.72100e+03  8.72100e-03  1.00000e-06  9.58721e+01  7.35228e-02 -9.78312e-01  9.93119e-01  4.16097e+01 #[2022-01-18 17:41:28.930692]
   8.74100e+03  8.74100e-03  1.00000e-06  9.74176e+01  7.47080e-02 -9.78326e-01  9.93170e-01  4.15928e+01 #[2022-01-18 17:41:28.937575]
   8.76100e+03  8.76100e-03  1.00000e-06  9.91342e+01  7.60245e-02 -9.78341e-01  9.93221e-01  4.15758e+01 #[2022-01-18 17:41:28.943471]
   8.78100e+03  8.78100e-03  1.00000e-06  1.00926e+02  7.73985e-02 -9.78356e-01  9.93273e-01  4.15585e+01 #[2022-01-18 17:41:28.950867]
   8.80100e+03  8.80100e-03  1.00000e-06  1.02607e+02  7.86876e-02 -9.78372e-01  9.93326e-01  4.15411e+01 #[2022-01-18 17:41:28.956760]
   8.82100e+03  8.82100e-03  1.00000e-06  1.03906e+02  7.96841e-02 -9.78389e-01  9.93379e-01  4.15235e+01 #[2022-01-18 17:41:28.963031]
   8.84100e+03  8.84100e-03  1.00000e-06  1.04540e+02  8.01701e-02 -9.78406e-01  9.93433e-01  4.15059e+01 #[2022-01-18 17:41:28.970026]
   8.86100e+03  8.86100e-03  1.00000e-06  1.04342e+02  8.00183e-02 -9.78424e-01  9.93488e-01  4.14884e+01 #[2022-01-18 17:41:28.975924]
   8.88100e+03  8.88100e-03  1.00000e-06  1.03359e+02  7.92644e-02 -9.78442e-01  9.93543e-01  4.14712e+01 #[2022-01-18 17:41:28.983515]
   8.90100e+03  8.90100e-03  1.00000e-06  1.01817e+02  7.80821e-02 -9.78461e-01  9.93598e-01  4.14545e+01 #[2022-01-18 17:41:28.989412]
   8.92100e+03  8.92100e-03  1.00000e-06  9.99938e+01  7.66837e-02 -9.78480e-01  9.93653e-01  4.14383e+01 #[2022-01-18 17:41:28.995299]
   8.94100e+03  8.94100e-03  1.00000e-06  9.81057e+01  7.52357e-02 -9.78500e-01  9.93709e-01  4.14229e+01 #[2022-01-18 17:41:29.002651]
   8.96100e+03  8.96100e-03  1.00000e-06  9.62779e+01  7.38341e-02 -9.78521e-01  9.93765e-01  4.14081e+01 #[2022-01-18 17:41:29.008541]
   8.98100e+03  8.98100e-03  1.00000e-06  9.45646e+01  7.25201e-02 -9.78542e-01  9.93821e-01  4.13940e+01 #[2022-01-18 17:41:29.014858]
#                                                                                                        
#       iter         time           dt        res_c      rel_res        min_c        max_c   grad_c_mag  
#                                                                                                         #[2022-01-18 17:41:29.021866]
   9.00100e+03  9.00100e-03  1.00000e-06  9.29812e+01  7.13059e-02 -9.78564e-01  9.93878e-01  4.13803e+01 #[2022-01-18 17:41:29.022029]
   9.02100e+03  9.02100e-03  1.00000e-06  9.15282e+01  7.01916e-02 -9.78586e-01  9.93934e-01  4.13670e+01 #[2022-01-18 17:41:29.027920]
   9.04100e+03  9.04100e-03  1.00000e-06  9.02027e+01  6.91750e-02 -9.78608e-01  9.93989e-01  4.13542e+01 #[2022-01-18 17:41:29.035433]
   9.06100e+03  9.06100e-03  1.00000e-06  8.90025e+01  6.82547e-02 -9.78632e-01  9.94045e-01  4.13416e+01 #[2022-01-18 17:41:29.041329]
   9.08100e+03  9.08100e-03  1.00000e-06  8.79274e+01  6.74301e-02 -9.78655e-01  9.94100e-01  4.13292e+01 #[2022-01-18 17:41:29.047709]
   9.10100e+03  9.10100e-03  1.00000e-06  8.69778e+01  6.67019e-02 -9.78680e-01  9.94155e-01  4.13170e+01 #[2022-01-18 17:41:29.054639]
   9.12100e+03  9.12100e-03  1.00000e-06  8.61543e+01  6.60704e-02 -9.78704e-01  9.94209e-01  4.13050e+01 #[2022-01-18 17:41:29.060538]
   9.14100e+03  9.14100e-03  1.00000e-06  8.54569e+01  6.55356e-02 -9.78729e-01  9.94262e-01  4.12930e+01 #[2022-01-18 17:41:29.067998]
   9.16100e+03  9.16100e-03  1.00000e-06  8.48839e+01  6.50962e-02 -9.78755e-01  9.94314e-01  4.12811e+01 #[2022-01-18 17:41:29.073946]
   9.18100e+03  9.18100e-03  1.00000e-06  8.44320e+01  6.47496e-02 -9.78781e-01  9.94365e-01  4.12693e+01 #[2022-01-18 17:41:29.080525]
   9.20100e+03  9.20100e-03  1.00000e-06  8.40956e+01  6.44916e-02 -9.78808e-01  9.94416e-01  4.12575e+01 #[2022-01-18 17:41:29.087515]
   9.22100e+03  9.22100e-03  1.00000e-06  8.38674e+01  6.43166e-02 -9.78835e-01  9.94465e-01  4.12457e+01 #[2022-01-18 17:41:29.093415]
   9.24100e+03  9.24100e-03  1.00000e-06  8.37378e+01  6.42172e-02 -9.78862e-01  9.94513e-01  4.12339e+01 #[2022-01-18 17:41:29.101056]
   9.26100e+03  9.26100e-03  1.00000e-06  8.36952e+01  6.41846e-02 -9.78890e-01  9.94559e-01  4.12221e+01 #[2022-01-18 17:41:29.106986]
   9.28100e+03  9.28100e-03  1.00000e-06  8.37264e+01  6.42085e-02 -9.78918e-01  9.94604e-01  4.12104e+01 #[2022-01-18 17:41:29.113474]
   9.30100e+03  9.30100e-03  1.00000e-06  8.38165e+01  6.42776e-02 -9.78946e-01  9.94647e-01  4.11986e+01 #[2022-01-18 17:41:29.120415]
   9.32100e+03  9.32100e-03  1.00000e-06  8.39496e+01  6.43797e-02 -9.78975e-01  9.94689e-01  4.11868e+01 #[2022-01-18 17:41:29.126331]
   9.34100e+03  9.34100e-03  1.00000e-06  8.41093e+01  6.45021e-02 -9.79004e-01  9.94729e-01  4.11749e+01 #[2022-01-18 17:41:29.133988]
   9.36100e+03  9.36100e-03  1.00000e-06  8.42796e+01  6.46327e-02 -9.79033e-01  9.94767e-01  4.11630e+01 #[2022-01-18 17:41:29.139909]
   9.38100e+03  9.38100e-03  1.00000e-06  8.44460e+01  6.47604e-02 -9.79062e-01  9.94804e-01  4.11512e+01 #[2022-01-18 17:41:29.145837]
   9.40100e+03  9.40100e-03  1.00000e-06  8.45969e+01  6.48760e-02 -9.79092e-01  9.94838e-01  4.11393e+01 #[2022-01-18 17:41:29.153306]
   9.42100e+03  9.42100e-03  1.00000e-06  8.47240e+01  6.49735e-02 -9.79121e-01  9.94871e-01  4.11274e+01 #[2022-01-18 17:41:29.159217]
   9.44100e+03  9.44100e-03  1.00000e-06  8.48238e+01  6.50501e-02 -9.79151e-01  9.94902e-01  4.11155e+01 #[2022-01-18 17:41:29.166838]
   9.46100e+03  9.46100e-03  1.00000e-06  8.48974e+01  6.51065e-02 -9.79180e-01  9.94930e-01  4.11036e+01 #[2022-01-18 17:41:29.172753]
   9.48100e+03  9.48100e-03  1.00000e-06  8.49496e+01  6.51466e-02 -9.79209e-01  9.94957e-01  4.10917e+01 #[2022-01-18 17:41:29.178665]
   9.50100e+03  9.50100e-03  1.00000e-06  8.49885e+01  6.51764e-02 -9.79239e-01  9.94982e-01  4.10798e+01 #[2022-01-18 17:41:29.186252]
   9.52100e+03  9.52100e-03  1.00000e-06  8.50227e+01  6.52026e-02 -9.79268e-01  9.95005e-01  4.10679e+01 #[2022-01-18 17:41:29.192167]
   9.54100e+03  9.54100e-03  1.00000e-06  8.50597e+01  6.52310e-02 -9.79297e-01  9.95025e-01  4.10561e+01 #[2022-01-18 17:41:29.199251]
   9.56100e+03  9.56100e-03  1.00000e-06  8.51038e+01  6.52648e-02 -9.79325e-01  9.95044e-01  4.10442e+01 #[2022-01-18 17:41:29.205522]
   9.58100e+03  9.58100e-03  1.00000e-06  8.51541e+01  6.53034e-02 -9.79353e-01  9.95061e-01  4.10324e+01 #[2022-01-18 17:41:29.211427]
   9.60100e+03  9.60100e-03  1.00000e-06  8.52046e+01  6.53421e-02 -9.79381e-01  9.95077e-01  4.10206e+01 #[2022-01-18 17:41:29.219021]
   9.62100e+03  9.62100e-03  1.00000e-06  8.52438e+01  6.53722e-02 -9.79408e-01  9.95090e-01  4.10089e+01 #[2022-01-18 17:41:29.224929]
   9.64100e+03  9.64100e-03  1.00000e-06  8.52573e+01  6.53825e-02 -9.79434e-01  9.95102e-01  4.09971e+01 #[2022-01-18 17:41:29.231291]
   9.66100e+03  9.66100e-03  1.00000e-06  8.52300e+01  6.53615e-02 -9.79460e-01  9.95112e-01  4.09854e+01 #[2022-01-18 17:41:29.238295]
   9.68100e+03  9.68100e-03  1.00000e-06  8.51495e+01  6.52998e-02 -9.79485e-01  9.95120e-01  4.09738e+01 #[2022-01-18 17:41:29.244188]
   9.70100e+03  9.70100e-03  1.00000e-06  8.50089e+01  6.51920e-02 -9.79508e-01  9.95127e-01  4.09622e+01 #[2022-01-18 17:41:29.251742]
   9.72100e+03  9.72100e-03  1.00000e-06  8.48078e+01  6.50378e-02 -9.79531e-01  9.95132e-01  4.09506e+01 #[2022-01-18 17:41:29.257632]
   9.74100e+03  9.74100e-03  1.00000e-06  8.45517e+01  6.48414e-02 -9.79553e-01  9.95136e-01  4.09391e+01 #[2022-01-18 17:41:29.264170]
   9.76100e+03  9.76100e-03  1.00000e-06  8.42504e+01  6.46104e-02 -9.79574e-01  9.95138e-01  4.09276e+01 #[2022-01-18 17:41:29.271125]
   9.78100e+03  9.78100e-03  1.00000e-06  8.39152e+01  6.43532e-02 -9.79593e-01  9.95139e-01  4.09162e+01 #[2022-01-18 17:41:29.277018]
   9.80100e+03  9.80100e-03  1.00000e-06  8.35563e+01  6.40780e-02 -9.79612e-01  9.95139e-01  4.09048e+01 #[2022-01-18 17:41:29.284544]
   9.82100e+03  9.82100e-03  1.00000e-06  8.31819e+01  6.37909e-02 -9.79629e-01  9.95138e-01  4.08934e+01 #[2022-01-18 17:41:29.290434]
   9.84100e+03  9.84100e-03  1.00000e-06  8.27977e+01  6.34963e-02 -9.79644e-01  9.95135e-01  4.08821e+01 #[2022-01-18 17:41:29.296891]
   9.86100e+03  9.86100e-03  1.00000e-06  8.24071e+01  6.31967e-02 -9.79658e-01  9.95132e-01  4.08708e+01 #[2022-01-18 17:41:29.303792]
   9.88100e+03  9.88100e-03  1.00000e-06  8.20124e+01  6.28940e-02 -9.79670e-01  9.95127e-01  4.08595e+01 #[2022-01-18 17:41:29.309689]
   9.90100e+03  9.90100e-03  1.00000e-06  8.16153e+01  6.25895e-02 -9.79681e-01  9.95122e-01  4.08483e+01 #[2022-01-18 17:41:29.317215]
   9.92100e+03  9.92100e-03  1.00000e-06  8.12178e+01  6.22847e-02 -9.79689e-01  9.95115e-01  4.08371e+01 #[2022-01-18 17:41:29.323119]
   9.94100e+03  9.94100e-03  1.00000e-06  8.08223e+01  6.19814e-02 -9.79697e-01  9.95108e-01  4.08259e+01 #[2022-01-18 17:41:29.328998]
   9.96100e+03  9.96100e-03  1.00000e-06  8.04315e+01  6.16817e-02 -9.79702e-01  9.95100e-01  4.08148e+01 #[2022-01-18 17:41:29.336441]
   9.98100e+03  9.98100e-03  1.00000e-06  8.00485e+01  6.13879e-02 -9.79705e-01  9.95092e-01  4.08037e+01 #[2022-01-18 17:41:29.342328]
# [Trace] Timing: Writing VTK file maDGiCart.vts... #[2022-01-18 17:41:29.349179]
# [Trace] Timing: Writing VTK file maDGiCart.vts finished in 0.017953 seconds. #[2022-01-18 17:41:29.367139]
# [Info] +----------------------------------------------------------------------+---------+-----------+------------+
# [Info] | Function                                                             | # calls | Time (s)  | Percentage |
# [Info] +----------------------------------------------------------------------+---------+-----------+------------+
# [Info] | void TimeIntegrator::solve(TimeIntegrableRHS&, InitialConditions&)   | 1       | 3.319e+00 |    100.00% |
# [Info] +----------------------------------------------------------------------+---------+-----------+------------+
# [Info] | virtual void RK3SSP::doTimeStep(TimeIntegrableRHS&, SolutionState&,  | 10000   | 3.253e+00 |     98.00% |
# [Info] | SolutionState&, double, double)                                      |         |           |            |
# [Info] +----------------------------------------------------------------------+---------+-----------+------------+
# [Info] | virtual void CahnHilliard2DFD::evalRHSImpl(const SolutionState&,     | 30000   | 2.926e+00 |     88.16% |
# [Info] | double, SolutionState&)                                              |         |           |            |
# [Info] +----------------------------------------------------------------------+---------+-----------+------------+
# [Info] | void                                                                 | 30000   | 9.338e-01 |     28.14% |
# [Info] | Discretization2DCart::applyPeriodicBoundaryConditions(ManagedArray2- |         |           |            |
# [Info] | D<double>&) const                                                    |         |           |            |
# [Info] +----------------------------------------------------------------------+---------+-----------+------------+
# [Info] | void Observable::notifyObservers(const Event&) const                 | 10000   | 6.379e-02 |      1.92% |
# [Info] +----------------------------------------------------------------------+---------+-----------+------------+
# [Info] | void MemoryManager<BaseType>::copyDeviceToHost(MemoryHandle) [with   | 1       | 4.723e-05 |      0.00% |
# [Info] | BaseType = double]                                                   |         |           |            |
# [Info] +----------------------------------------------------------------------+---------+-----------+------------+
# [Info] | void MemoryManager<BaseType>::copyHostToDevice(MemoryHandle) [with   | 1       | 3.033e-05 |      0.00% |
# [Info] | BaseType = double]                                                   |         |           |            |
# [Info] +----------------------------------------------------------------------+---------+-----------+------------+
# [Info] | void MemoryManager<BaseType>::copyHostToDevice(MemoryHandle) [with   | 1       | 1.026e-05 |      0.00% |
# [Info] | BaseType = int]                                                      |         |           |            |
# [Info] +----------------------------------------------------------------------+---------+-----------+------------+
# [Info] | void Puppeteer::run()                                                | 1       | 0.000e+00 |      0.00% |
# [Info] +----------------------------------------------------------------------+---------+-----------+------------+
# [Info]  #[2022-01-18 17:41:29.368065]
# [Trace] Timing: Starting solver finished in 3.337835 seconds. #[2022-01-18 17:41:29.368113]
