#                                           
#                       ______ _____        
#                       |  _  \  __ \       
#        _ __ ___   __ _| | | | |  \/       
#       | '_ ` _ \ / _` | | | | | __        
#       | | | | | | (_| | |/ /| |_\ \       
#       |_| |_| |_|\__,_|___/  \____/       
#                                           
#     Hostname           borges
#     Username           adegennaro
#     Work directory     /home/adegennaro/Projects/appmath/maDGiCart-CH/scripts/output/run_2
#     Processor model    AMD Ryzen 7 3700X 8-Core Processor
#     GPU model          NVIDIA GeForce GTX 1070 Ti
#     GPUs per node      1
#     OpenMP max threads Not compiled with OpenMP support
#     System time        2022-Jan-18 17:41:29
#     git branch         refs/heads/master
#     git commit hash    ceb47bf85522ced8af0812d2bceeb5f687f407e4
#     C++ compiler       /usr/bin/c++ GNU 9.3.0
#                        
# #[2022-01-18 17:41:29.530159]
# [Info] 
# [Info] # ****** File Options ****** #
# [Info] 
# [Info]                    config_file = 
# [Info]           solution_output_file = 
# [Info]                       log_file = maDGiCart
# [Info]                  log_frequency = 20
# [Info] 
# [Info] # ****** Physics Options ****** #
# [Info] 
# [Info]                  equation_type = cahn-hilliard
# [Info]                              m = -0.501289
# [Info]                           eps2 = 2.78108e-05
# [Info]                          sigma = 447.396
# [Info] 
# [Info] # ****** Discretization Options ****** #
# [Info] 
# [Info]                 domain_x_begin = 0
# [Info]                   domain_x_end = 1
# [Info]              domain_resolution = 128
# [Info]                      dimension = 2
# [Info] 
# [Info] # ****** Time Stepping Options ****** #
# [Info] 
# [Info]                time_integrator = rk3ssp
# [Info]                 time_step_size = 1e-06
# [Info]                   initial_time = 0
# [Info]                     final_time = 1
# [Info]                 max_time_steps = 10000
# [Info]              use_cfl_time_step = false
# [Info]                            cfl = 1
# [Info]         use_adaptive_time_step = false
# [Info]             min_time_step_size = 2.22045e-16
# [Info]             max_time_step_size = 1.79769e+308
# [Info]               time_abs_err_tol = 0.0001
# [Info]               time_rel_err_tol = 0.0001
# [Info]              converged_rel_tol = 0
# [Info]              converged_abs_tol = 0
# [Info] 
# [Info]  #[2022-01-18 17:41:29.530578]
# [Trace] Timing: Starting solver... #[2022-01-18 17:41:29.570765]
# [Info] RNG initial conditions have mean -0.501285, renormalizing. #[2022-01-18 17:41:29.571030]
# [Warning] bad size: 17424 != 16384 #[2022-01-18 17:41:29.571051]
#
# Logger outputs:  #[2022-01-18 17:41:29.582952]
iter time dt res_c rel_res min_c max_c grad_c_mag  #[2022-01-18 17:41:29.582996]
#                                                                                                        
#       iter         time           dt        res_c      rel_res        min_c        max_c   grad_c_mag  
#                                                                                                         #[2022-01-18 17:41:29.583030]
   1.00000e+00  1.00000e-06  1.00000e-06  4.40332e+02  1.00000e+00 -5.06388e-01 2.22507e-308  3.02084e-01 #[2022-01-18 17:41:29.583282]
   2.10000e+01  2.10000e-05  1.00000e-06  3.02246e+01  6.86406e-02 -5.05676e-01 2.22507e-308  1.24868e-01 #[2022-01-18 17:41:29.590197]
   4.10000e+01  4.10000e-05  1.00000e-06  1.12465e+01  2.55409e-02 -5.05007e-01 2.22507e-308  9.57402e-02 #[2022-01-18 17:41:29.597040]
   6.10000e+01  6.10000e-05  1.00000e-06  6.45206e+00  1.46527e-02 -5.04594e-01 2.22507e-308  8.21154e-02 #[2022-01-18 17:41:29.604291]
   8.10000e+01  8.10000e-05  1.00000e-06  4.41194e+00  1.00196e-02 -5.04306e-01 2.22507e-308  7.38134e-02 #[2022-01-18 17:41:29.610209]
   1.01000e+02  1.01000e-04  1.00000e-06  3.30221e+00  7.49937e-03 -5.04087e-01 2.22507e-308  6.80914e-02 #[2022-01-18 17:41:29.617098]
   1.21000e+02  1.21000e-04  1.00000e-06  2.61113e+00  5.92991e-03 -5.03971e-01 2.22507e-308  6.38448e-02 #[2022-01-18 17:41:29.623501]
   1.41000e+02  1.41000e-04  1.00000e-06  2.14238e+00  4.86539e-03 -5.03948e-01 2.22507e-308  6.05362e-02 #[2022-01-18 17:41:29.629822]
   1.61000e+02  1.61000e-04  1.00000e-06  1.80529e+00  4.09985e-03 -5.03925e-01 2.22507e-308  5.78724e-02 #[2022-01-18 17:41:29.636876]
   1.81000e+02  1.81000e-04  1.00000e-06  1.55238e+00  3.52548e-03 -5.03906e-01 2.22507e-308  5.56696e-02 #[2022-01-18 17:41:29.642801]
   2.01000e+02  2.01000e-04  1.00000e-06  1.35641e+00  3.08043e-03 -5.03897e-01 2.22507e-308  5.38100e-02 #[2022-01-18 17:41:29.649702]
   2.21000e+02  2.21000e-04  1.00000e-06  1.20065e+00  2.72669e-03 -5.03886e-01 2.22507e-308  5.22144e-02 #[2022-01-18 17:41:29.656213]
   2.41000e+02  2.41000e-04  1.00000e-06  1.07424e+00  2.43963e-03 -5.03873e-01 2.22507e-308  5.08271e-02 #[2022-01-18 17:41:29.662119]
   2.61000e+02  2.61000e-04  1.00000e-06  9.69878e-01  2.20261e-03 -5.03859e-01 2.22507e-308  4.96067e-02 #[2022-01-18 17:41:29.669616]
   2.81000e+02  2.81000e-04  1.00000e-06  8.82430e-01  2.00401e-03 -5.03845e-01 2.22507e-308  4.85219e-02 #[2022-01-18 17:41:29.675512]
   3.01000e+02  3.01000e-04  1.00000e-06  8.08224e-01  1.83549e-03 -5.03830e-01 2.22507e-308  4.75507e-02 #[2022-01-18 17:41:29.681984]
   3.21000e+02  3.21000e-04  1.00000e-06  7.44560e-01  1.69091e-03 -5.03815e-01 2.22507e-308  4.66747e-02 #[2022-01-18 17:41:29.688800]
   3.41000e+02  3.41000e-04  1.00000e-06  6.89409e-01  1.56566e-03 -5.03800e-01 2.22507e-308  4.58799e-02 #[2022-01-18 17:41:29.694720]
   3.61000e+02  3.61000e-04  1.00000e-06  6.41226e-01  1.45623e-03 -5.03785e-01 2.22507e-308  4.51550e-02 #[2022-01-18 17:41:29.702240]
   3.81000e+02  3.81000e-04  1.00000e-06  5.98809e-01  1.35991e-03 -5.03770e-01 2.22507e-308  4.44901e-02 #[2022-01-18 17:41:29.708148]
   4.01000e+02  4.01000e-04  1.00000e-06  5.61216e-01  1.27453e-03 -5.03756e-01 2.22507e-308  4.38777e-02 #[2022-01-18 17:41:29.714536]
   4.21000e+02  4.21000e-04  1.00000e-06  5.27695e-01  1.19840e-03 -5.03741e-01 2.22507e-308  4.33116e-02 #[2022-01-18 17:41:29.721452]
   4.41000e+02  4.41000e-04  1.00000e-06  4.97640e-01  1.13015e-03 -5.03727e-01 2.22507e-308  4.27864e-02 #[2022-01-18 17:41:29.727346]
   4.61000e+02  4.61000e-04  1.00000e-06  4.70557e-01  1.06864e-03 -5.03713e-01 2.22507e-308  4.22978e-02 #[2022-01-18 17:41:29.734745]
   4.81000e+02  4.81000e-04  1.00000e-06  4.46043e-01  1.01297e-03 -5.03699e-01 2.22507e-308  4.18420e-02 #[2022-01-18 17:41:29.740649]
   5.01000e+02  5.01000e-04  1.00000e-06  4.23761e-01  9.62369e-04 -5.03686e-01 2.22507e-308  4.14155e-02 #[2022-01-18 17:41:29.746884]
   5.21000e+02  5.21000e-04  1.00000e-06  4.03431e-01  9.16198e-04 -5.03673e-01 2.22507e-308  4.10157e-02 #[2022-01-18 17:41:29.754031]
   5.41000e+02  5.41000e-04  1.00000e-06  3.84816e-01  8.73924e-04 -5.03660e-01 2.22507e-308  4.06401e-02 #[2022-01-18 17:41:29.759935]
   5.61000e+02  5.61000e-04  1.00000e-06  3.67717e-01  8.35091e-04 -5.03648e-01 2.22507e-308  4.02866e-02 #[2022-01-18 17:41:29.766761]
   5.81000e+02  5.81000e-04  1.00000e-06  3.51963e-01  7.99313e-04 -5.03635e-01 2.22507e-308  3.99531e-02 #[2022-01-18 17:41:29.773212]
   6.01000e+02  6.01000e-04  1.00000e-06  3.37407e-01  7.66257e-04 -5.03623e-01 2.22507e-308  3.96380e-02 #[2022-01-18 17:41:29.779120]
   6.21000e+02  6.21000e-04  1.00000e-06  3.23924e-01  7.35637e-04 -5.03612e-01 2.22507e-308  3.93398e-02 #[2022-01-18 17:41:29.786621]
   6.41000e+02  6.41000e-04  1.00000e-06  3.11405e-01  7.07205e-04 -5.03600e-01 2.22507e-308  3.90573e-02 #[2022-01-18 17:41:29.792541]
   6.61000e+02  6.61000e-04  1.00000e-06  2.99753e-01  6.80745e-04 -5.03589e-01 2.22507e-308  3.87894e-02 #[2022-01-18 17:41:29.799148]
   6.81000e+02  6.81000e-04  1.00000e-06  2.88888e-01  6.56069e-04 -5.03578e-01 2.22507e-308  3.85349e-02 #[2022-01-18 17:41:29.805973]
   7.01000e+02  7.01000e-04  1.00000e-06  2.78734e-01  6.33010e-04 -5.03568e-01 2.22507e-308  3.82928e-02 #[2022-01-18 17:41:29.811884]
   7.21000e+02  7.21000e-04  1.00000e-06  2.69229e-01  6.11423e-04 -5.03557e-01 2.22507e-308  3.80625e-02 #[2022-01-18 17:41:29.819266]
   7.41000e+02  7.41000e-04  1.00000e-06  2.60315e-01  5.91179e-04 -5.03547e-01 2.22507e-308  3.78430e-02 #[2022-01-18 17:41:29.825152]
   7.61000e+02  7.61000e-04  1.00000e-06  2.51942e-01  5.72164e-04 -5.03537e-01 2.22507e-308  3.76336e-02 #[2022-01-18 17:41:29.831559]
   7.81000e+02  7.81000e-04  1.00000e-06  2.44064e-01  5.54273e-04 -5.03531e-01 2.22507e-308  3.74335e-02 #[2022-01-18 17:41:29.838482]
   8.01000e+02  8.01000e-04  1.00000e-06  2.36642e-01  5.37418e-04 -5.03526e-01 2.22507e-308  3.72424e-02 #[2022-01-18 17:41:29.844361]
   8.21000e+02  8.21000e-04  1.00000e-06  2.29640e-01  5.21516e-04 -5.03521e-01 2.22507e-308  3.70596e-02 #[2022-01-18 17:41:29.851822]
   8.41000e+02  8.41000e-04  1.00000e-06  2.23025e-01  5.06492e-04 -5.03517e-01 2.22507e-308  3.68845e-02 #[2022-01-18 17:41:29.857746]
   8.61000e+02  8.61000e-04  1.00000e-06  2.16767e-01  4.92282e-04 -5.03512e-01 2.22507e-308  3.67168e-02 #[2022-01-18 17:41:29.864239]
   8.81000e+02  8.81000e-04  1.00000e-06  2.10842e-01  4.78825e-04 -5.03506e-01 2.22507e-308  3.65560e-02 #[2022-01-18 17:41:29.871209]
   9.01000e+02  9.01000e-04  1.00000e-06  2.05224e-01  4.66068e-04 -5.03501e-01 2.22507e-308  3.64016e-02 #[2022-01-18 17:41:29.877116]
   9.21000e+02  9.21000e-04  1.00000e-06  1.99893e-01  4.53959e-04 -5.03496e-01 2.22507e-308  3.62534e-02 #[2022-01-18 17:41:29.884624]
   9.41000e+02  9.41000e-04  1.00000e-06  1.94827e-01  4.42456e-04 -5.03491e-01 2.22507e-308  3.61111e-02 #[2022-01-18 17:41:29.890618]
   9.61000e+02  9.61000e-04  1.00000e-06  1.90010e-01  4.31517e-04 -5.03486e-01 2.22507e-308  3.59742e-02 #[2022-01-18 17:41:29.897311]
   9.81000e+02  9.81000e-04  1.00000e-06  1.85425e-01  4.21104e-04 -5.03480e-01 2.22507e-308  3.58427e-02 #[2022-01-18 17:41:29.904254]
#                                                                                                        
#       iter         time           dt        res_c      rel_res        min_c        max_c   grad_c_mag  
#                                                                                                         #[2022-01-18 17:41:29.910448]
   1.00100e+03  1.00100e-03  1.00000e-06  1.81057e-01  4.11183e-04 -5.03475e-01 2.22507e-308  3.57162e-02 #[2022-01-18 17:41:29.910702]
   1.02100e+03  1.02100e-03  1.00000e-06  1.76892e-01  4.01724e-04 -5.03470e-01 2.22507e-308  3.55944e-02 #[2022-01-18 17:41:29.918650]
   1.04100e+03  1.04100e-03  1.00000e-06  1.72916e-01  3.92696e-04 -5.03465e-01 2.22507e-308  3.54772e-02 #[2022-01-18 17:41:29.924627]
   1.06100e+03  1.06100e-03  1.00000e-06  1.69120e-01  3.84073e-04 -5.03459e-01 2.22507e-308  3.53643e-02 #[2022-01-18 17:41:29.930878]
   1.08100e+03  1.08100e-03  1.00000e-06  1.65490e-01  3.75831e-04 -5.03454e-01 2.22507e-308  3.52554e-02 #[2022-01-18 17:41:29.937049]
   1.10100e+03  1.10100e-03  1.00000e-06  1.62019e-01  3.67948e-04 -5.03449e-01 2.22507e-308  3.51505e-02 #[2022-01-18 17:41:29.943177]
   1.12100e+03  1.12100e-03  1.00000e-06  1.58696e-01  3.60401e-04 -5.03443e-01 2.22507e-308  3.50493e-02 #[2022-01-18 17:41:29.951370]
   1.14100e+03  1.14100e-03  1.00000e-06  1.55513e-01  3.53172e-04 -5.03438e-01 2.22507e-308  3.49516e-02 #[2022-01-18 17:41:29.957311]
   1.16100e+03  1.16100e-03  1.00000e-06  1.52461e-01  3.46242e-04 -5.03433e-01 2.22507e-308  3.48573e-02 #[2022-01-18 17:41:29.963629]
   1.18100e+03  1.18100e-03  1.00000e-06  1.49534e-01  3.39595e-04 -5.03428e-01 2.22507e-308  3.47663e-02 #[2022-01-18 17:41:29.970900]
   1.20100e+03  1.20100e-03  1.00000e-06  1.46725e-01  3.33215e-04 -5.03423e-01 2.22507e-308  3.46784e-02 #[2022-01-18 17:41:29.977395]
   1.22100e+03  1.22100e-03  1.00000e-06  1.44027e-01  3.27088e-04 -5.03418e-01 2.22507e-308  3.45935e-02 #[2022-01-18 17:41:29.984690]
   1.24100e+03  1.24100e-03  1.00000e-06  1.41434e-01  3.21199e-04 -5.03413e-01 2.22507e-308  3.45115e-02 #[2022-01-18 17:41:29.991323]
   1.26100e+03  1.26100e-03  1.00000e-06  1.38941e-01  3.15537e-04 -5.03408e-01 2.22507e-308  3.44322e-02 #[2022-01-18 17:41:29.997533]
   1.28100e+03  1.28100e-03  1.00000e-06  1.36542e-01  3.10089e-04 -5.03403e-01 2.22507e-308  3.43555e-02 #[2022-01-18 17:41:30.004725]
   1.30100e+03  1.30100e-03  1.00000e-06  1.34233e-01  3.04845e-04 -5.03398e-01 2.22507e-308  3.42814e-02 #[2022-01-18 17:41:30.010643]
   1.32100e+03  1.32100e-03  1.00000e-06  1.32009e-01  2.99794e-04 -5.03393e-01 2.22507e-308  3.42097e-02 #[2022-01-18 17:41:30.018126]
   1.34100e+03  1.34100e-03  1.00000e-06  1.29865e-01  2.94926e-04 -5.03388e-01 2.22507e-308  3.41403e-02 #[2022-01-18 17:41:30.025253]
   1.36100e+03  1.36100e-03  1.00000e-06  1.27799e-01  2.90233e-04 -5.03383e-01 2.22507e-308  3.40733e-02 #[2022-01-18 17:41:30.031559]
   1.38100e+03  1.38100e-03  1.00000e-06  1.25805e-01  2.85705e-04 -5.03378e-01 2.22507e-308  3.40084e-02 #[2022-01-18 17:41:30.038676]
   1.40100e+03  1.40100e-03  1.00000e-06  1.23881e-01  2.81335e-04 -5.03373e-01 2.22507e-308  3.39458e-02 #[2022-01-18 17:41:30.044588]
   1.42100e+03  1.42100e-03  1.00000e-06  1.22023e-01  2.77115e-04 -5.03369e-01 2.22507e-308  3.38852e-02 #[2022-01-18 17:41:30.052000]
   1.44100e+03  1.44100e-03  1.00000e-06  1.20227e-01  2.73038e-04 -5.03364e-01 2.22507e-308  3.38266e-02 #[2022-01-18 17:41:30.057909]
   1.46100e+03  1.46100e-03  1.00000e-06  1.18492e-01  2.69098e-04 -5.03360e-01 2.22507e-308  3.37699e-02 #[2022-01-18 17:41:30.064209]
   1.48100e+03  1.48100e-03  1.00000e-06  1.16814e-01  2.65288e-04 -5.03355e-01 2.22507e-308  3.37151e-02 #[2022-01-18 17:41:30.071265]
   1.50100e+03  1.50100e-03  1.00000e-06  1.15191e-01  2.61601e-04 -5.03350e-01 2.22507e-308  3.36621e-02 #[2022-01-18 17:41:30.077155]
   1.52100e+03  1.52100e-03  1.00000e-06  1.13621e-01  2.58034e-04 -5.03346e-01 2.22507e-308  3.36109e-02 #[2022-01-18 17:41:30.084752]
   1.54100e+03  1.54100e-03  1.00000e-06  1.12100e-01  2.54580e-04 -5.03342e-01 2.22507e-308  3.35614e-02 #[2022-01-18 17:41:30.090644]
   1.56100e+03  1.56100e-03  1.00000e-06  1.10626e-01  2.51234e-04 -5.03337e-01 2.22507e-308  3.35135e-02 #[2022-01-18 17:41:30.096946]
   1.58100e+03  1.58100e-03  1.00000e-06  1.09199e-01  2.47992e-04 -5.03333e-01 2.22507e-308  3.34673e-02 #[2022-01-18 17:41:30.104001]
   1.60100e+03  1.60100e-03  1.00000e-06  1.07815e-01  2.44849e-04 -5.03329e-01 2.22507e-308  3.34225e-02 #[2022-01-18 17:41:30.109893]
   1.62100e+03  1.62100e-03  1.00000e-06  1.06473e-01  2.41801e-04 -5.03327e-01 2.22507e-308  3.33792e-02 #[2022-01-18 17:41:30.117392]
   1.64100e+03  1.64100e-03  1.00000e-06  1.05171e-01  2.38844e-04 -5.03325e-01 2.22507e-308  3.33374e-02 #[2022-01-18 17:41:30.123287]
   1.66100e+03  1.66100e-03  1.00000e-06  1.03907e-01  2.35974e-04 -5.03323e-01 2.22507e-308  3.32971e-02 #[2022-01-18 17:41:30.129181]
   1.68100e+03  1.68100e-03  1.00000e-06  1.02680e-01  2.33188e-04 -5.03322e-01 2.22507e-308  3.32581e-02 #[2022-01-18 17:41:30.136556]
   1.70100e+03  1.70100e-03  1.00000e-06  1.01489e-01  2.30483e-04 -5.03320e-01 2.22507e-308  3.32204e-02 #[2022-01-18 17:41:30.142452]
   1.72100e+03  1.72100e-03  1.00000e-06  1.00331e-01  2.27854e-04 -5.03318e-01 2.22507e-308  3.31841e-02 #[2022-01-18 17:41:30.149143]
   1.74100e+03  1.74100e-03  1.00000e-06  9.92065e-02  2.25299e-04 -5.03317e-01 2.22507e-308  3.31490e-02 #[2022-01-18 17:41:30.155899]
   1.76100e+03  1.76100e-03  1.00000e-06  9.81130e-02  2.22816e-04 -5.03315e-01 2.22507e-308  3.31152e-02 #[2022-01-18 17:41:30.161797]
   1.78100e+03  1.78100e-03  1.00000e-06  9.70495e-02  2.20401e-04 -5.03314e-01 2.22507e-308  3.30825e-02 #[2022-01-18 17:41:30.169322]
   1.80100e+03  1.80100e-03  1.00000e-06  9.60151e-02  2.18052e-04 -5.03313e-01 2.22507e-308  3.30511e-02 #[2022-01-18 17:41:30.175215]
   1.82100e+03  1.82100e-03  1.00000e-06  9.50085e-02  2.15766e-04 -5.03311e-01 2.22507e-308  3.30209e-02 #[2022-01-18 17:41:30.181596]
   1.84100e+03  1.84100e-03  1.00000e-06  9.40288e-02  2.13541e-04 -5.03310e-01 2.22507e-308  3.29917e-02 #[2022-01-18 17:41:30.188557]
   1.86100e+03  1.86100e-03  1.00000e-06  9.30750e-02  2.11375e-04 -5.03309e-01 2.22507e-308  3.29637e-02 #[2022-01-18 17:41:30.194492]
   1.88100e+03  1.88100e-03  1.00000e-06  9.21460e-02  2.09265e-04 -5.03307e-01 2.22507e-308  3.29367e-02 #[2022-01-18 17:41:30.201926]
   1.90100e+03  1.90100e-03  1.00000e-06  9.12411e-02  2.07210e-04 -5.03306e-01 2.22507e-308  3.29108e-02 #[2022-01-18 17:41:30.207870]
   1.92100e+03  1.92100e-03  1.00000e-06  9.03593e-02  2.05207e-04 -5.03305e-01 2.22507e-308  3.28859e-02 #[2022-01-18 17:41:30.214017]
   1.94100e+03  1.94100e-03  1.00000e-06  8.94999e-02  2.03256e-04 -5.03304e-01 2.22507e-308  3.28620e-02 #[2022-01-18 17:41:30.221169]
   1.96100e+03  1.96100e-03  1.00000e-06  8.86620e-02  2.01353e-04 -5.03303e-01 2.22507e-308  3.28391e-02 #[2022-01-18 17:41:30.227100]
   1.98100e+03  1.98100e-03  1.00000e-06  8.78450e-02  1.99497e-04 -5.03302e-01 2.22507e-308  3.28171e-02 #[2022-01-18 17:41:30.234526]
#                                                                                                        
#       iter         time           dt        res_c      rel_res        min_c        max_c   grad_c_mag  
#                                                                                                         #[2022-01-18 17:41:30.240444]
   2.00100e+03  2.00100e-03  1.00000e-06  8.70481e-02  1.97688e-04 -5.03301e-01 2.22507e-308  3.27960e-02 #[2022-01-18 17:41:30.240606]
   2.02100e+03  2.02100e-03  1.00000e-06  8.62707e-02  1.95922e-04 -5.03300e-01 2.22507e-308  3.27759e-02 #[2022-01-18 17:41:30.246860]
   2.04100e+03  2.04100e-03  1.00000e-06  8.55121e-02  1.94199e-04 -5.03299e-01 2.22507e-308  3.27567e-02 #[2022-01-18 17:41:30.254038]
   2.06100e+03  2.06100e-03  1.00000e-06  8.47717e-02  1.92518e-04 -5.03298e-01 2.22507e-308  3.27384e-02 #[2022-01-18 17:41:30.259959]
   2.08100e+03  2.08100e-03  1.00000e-06  8.40489e-02  1.90876e-04 -5.03297e-01 2.22507e-308  3.27209e-02 #[2022-01-18 17:41:30.266898]
   2.10100e+03  2.10100e-03  1.00000e-06  8.33431e-02  1.89274e-04 -5.03296e-01 2.22507e-308  3.27042e-02 #[2022-01-18 17:41:30.273363]
   2.12100e+03  2.12100e-03  1.00000e-06  8.26539e-02  1.87708e-04 -5.03295e-01 2.22507e-308  3.26884e-02 #[2022-01-18 17:41:30.279665]
   2.14100e+03  2.14100e-03  1.00000e-06  8.19806e-02  1.86179e-04 -5.03294e-01 2.22507e-308  3.26734e-02 #[2022-01-18 17:41:30.286763]
   2.16100e+03  2.16100e-03  1.00000e-06  8.13228e-02  1.84685e-04 -5.03294e-01 2.22507e-308  3.26591e-02 #[2022-01-18 17:41:30.292681]
   2.18100e+03  2.18100e-03  1.00000e-06  8.06801e-02  1.83226e-04 -5.03293e-01 2.22507e-308  3.26456e-02 #[2022-01-18 17:41:30.299706]
   2.20100e+03  2.20100e-03  1.00000e-06  8.00519e-02  1.81799e-04 -5.03292e-01 2.22507e-308  3.26329e-02 #[2022-01-18 17:41:30.306168]
   2.22100e+03  2.22100e-03  1.00000e-06  7.94379e-02  1.80405e-04 -5.03291e-01 2.22507e-308  3.26209e-02 #[2022-01-18 17:41:30.312108]
   2.24100e+03  2.24100e-03  1.00000e-06  7.88375e-02  1.79041e-04 -5.03291e-01 2.22507e-308  3.26097e-02 #[2022-01-18 17:41:30.319511]
   2.26100e+03  2.26100e-03  1.00000e-06  7.82505e-02  1.77708e-04 -5.03290e-01 2.22507e-308  3.25991e-02 #[2022-01-18 17:41:30.325450]
   2.28100e+03  2.28100e-03  1.00000e-06  7.76764e-02  1.76404e-04 -5.03290e-01 2.22507e-308  3.25893e-02 #[2022-01-18 17:41:30.331981]
   2.30100e+03  2.30100e-03  1.00000e-06  7.71149e-02  1.75129e-04 -5.03289e-01 2.22507e-308  3.25801e-02 #[2022-01-18 17:41:30.338869]
   2.32100e+03  2.32100e-03  1.00000e-06  7.65656e-02  1.73882e-04 -5.03288e-01 2.22507e-308  3.25716e-02 #[2022-01-18 17:41:30.344785]
   2.34100e+03  2.34100e-03  1.00000e-06  7.60282e-02  1.72661e-04 -5.03288e-01 2.22507e-308  3.25638e-02 #[2022-01-18 17:41:30.352249]
   2.36100e+03  2.36100e-03  1.00000e-06  7.55023e-02  1.71467e-04 -5.03287e-01 2.22507e-308  3.25566e-02 #[2022-01-18 17:41:30.358270]
   2.38100e+03  2.38100e-03  1.00000e-06  7.49877e-02  1.70298e-04 -5.03287e-01 2.22507e-308  3.25500e-02 #[2022-01-18 17:41:30.364916]
   2.40100e+03  2.40100e-03  1.00000e-06  7.44839e-02  1.69154e-04 -5.03286e-01 2.22507e-308  3.25441e-02 #[2022-01-18 17:41:30.371966]
   2.42100e+03  2.42100e-03  1.00000e-06  7.39909e-02  1.68034e-04 -5.03286e-01 2.22507e-308  3.25388e-02 #[2022-01-18 17:41:30.377979]
   2.44100e+03  2.44100e-03  1.00000e-06  7.35081e-02  1.66938e-04 -5.03286e-01 2.22507e-308  3.25341e-02 #[2022-01-18 17:41:30.385519]
   2.46100e+03  2.46100e-03  1.00000e-06  7.30355e-02  1.65865e-04 -5.03285e-01 2.22507e-308  3.25301e-02 #[2022-01-18 17:41:30.391456]
   2.48100e+03  2.48100e-03  1.00000e-06  7.25726e-02  1.64814e-04 -5.03285e-01 2.22507e-308  3.25266e-02 #[2022-01-18 17:41:30.398188]
   2.50100e+03  2.50100e-03  1.00000e-06  7.21194e-02  1.63784e-04 -5.03284e-01 2.22507e-308  3.25237e-02 #[2022-01-18 17:41:30.405167]
   2.52100e+03  2.52100e-03  1.00000e-06  7.16754e-02  1.62776e-04 -5.03284e-01 2.22507e-308  3.25213e-02 #[2022-01-18 17:41:30.411130]
   2.54100e+03  2.54100e-03  1.00000e-06  7.12406e-02  1.61789e-04 -5.03284e-01 2.22507e-308  3.25195e-02 #[2022-01-18 17:41:30.418718]
   2.56100e+03  2.56100e-03  1.00000e-06  7.08146e-02  1.60821e-04 -5.03283e-01 2.22507e-308  3.25183e-02 #[2022-01-18 17:41:30.424637]
   2.58100e+03  2.58100e-03  1.00000e-06  7.03973e-02  1.59873e-04 -5.03283e-01 2.22507e-308  3.25175e-02 #[2022-01-18 17:41:30.430769]
   2.60100e+03  2.60100e-03  1.00000e-06  6.99885e-02  1.58945e-04 -5.03283e-01 2.22507e-308  3.25173e-02 #[2022-01-18 17:41:30.437942]
   2.62100e+03  2.62100e-03  1.00000e-06  6.95878e-02  1.58035e-04 -5.03283e-01 2.22507e-308  3.25176e-02 #[2022-01-18 17:41:30.443860]
   2.64100e+03  2.64100e-03  1.00000e-06  6.91953e-02  1.57144e-04 -5.03282e-01 2.22507e-308  3.25184e-02 #[2022-01-18 17:41:30.451332]
   2.66100e+03  2.66100e-03  1.00000e-06  6.88105e-02  1.56270e-04 -5.03282e-01 2.22507e-308  3.25197e-02 #[2022-01-18 17:41:30.457255]
   2.68100e+03  2.68100e-03  1.00000e-06  6.84335e-02  1.55414e-04 -5.03282e-01 2.22507e-308  3.25215e-02 #[2022-01-18 17:41:30.463487]
   2.70100e+03  2.70100e-03  1.00000e-06  6.80639e-02  1.54574e-04 -5.03282e-01 2.22507e-308  3.25238e-02 #[2022-01-18 17:41:30.470568]
   2.72100e+03  2.72100e-03  1.00000e-06  6.77017e-02  1.53752e-04 -5.03282e-01 2.22507e-308  3.25266e-02 #[2022-01-18 17:41:30.476481]
   2.74100e+03  2.74100e-03  1.00000e-06  6.73467e-02  1.52945e-04 -5.03282e-01 2.22507e-308  3.25298e-02 #[2022-01-18 17:41:30.483447]
   2.76100e+03  2.76100e-03  1.00000e-06  6.69986e-02  1.52155e-04 -5.03282e-01 2.22507e-308  3.25335e-02 #[2022-01-18 17:41:30.489878]
   2.78100e+03  2.78100e-03  1.00000e-06  6.66574e-02  1.51380e-04 -5.03281e-01 2.22507e-308  3.25377e-02 #[2022-01-18 17:41:30.495766]
   2.80100e+03  2.80100e-03  1.00000e-06  6.63228e-02  1.50620e-04 -5.03281e-01 2.22507e-308  3.25423e-02 #[2022-01-18 17:41:30.503224]
   2.82100e+03  2.82100e-03  1.00000e-06  6.59949e-02  1.49875e-04 -5.03281e-01 2.22507e-308  3.25474e-02 #[2022-01-18 17:41:30.509114]
   2.84100e+03  2.84100e-03  1.00000e-06  6.56733e-02  1.49145e-04 -5.03281e-01 2.22507e-308  3.25529e-02 #[2022-01-18 17:41:30.515728]
   2.86100e+03  2.86100e-03  1.00000e-06  6.53580e-02  1.48429e-04 -5.03281e-01 2.22507e-308  3.25588e-02 #[2022-01-18 17:41:30.522489]
   2.88100e+03  2.88100e-03  1.00000e-06  6.50488e-02  1.47727e-04 -5.03281e-01 2.22507e-308  3.25652e-02 #[2022-01-18 17:41:30.528385]
   2.90100e+03  2.90100e-03  1.00000e-06  6.47457e-02  1.47038e-04 -5.03281e-01 2.22507e-308  3.25720e-02 #[2022-01-18 17:41:30.535837]
   2.92100e+03  2.92100e-03  1.00000e-06  6.44484e-02  1.46363e-04 -5.03281e-01 2.22507e-308  3.25792e-02 #[2022-01-18 17:41:30.541738]
   2.94100e+03  2.94100e-03  1.00000e-06  6.41569e-02  1.45701e-04 -5.03281e-01 2.22507e-308  3.25869e-02 #[2022-01-18 17:41:30.548125]
   2.96100e+03  2.96100e-03  1.00000e-06  6.38710e-02  1.45052e-04 -5.03281e-01 2.22507e-308  3.25949e-02 #[2022-01-18 17:41:30.555085]
   2.98100e+03  2.98100e-03  1.00000e-06  6.35907e-02  1.44415e-04 -5.03281e-01 2.22507e-308  3.26033e-02 #[2022-01-18 17:41:30.561007]
#                                                                                                        
#       iter         time           dt        res_c      rel_res        min_c        max_c   grad_c_mag  
#                                                                                                         #[2022-01-18 17:41:30.568538]
   3.00100e+03  3.00100e-03  1.00000e-06  6.33157e-02  1.43791e-04 -5.03282e-01 2.22507e-308  3.26121e-02 #[2022-01-18 17:41:30.568707]
   3.02100e+03  3.02100e-03  1.00000e-06  6.30461e-02  1.43179e-04 -5.03282e-01 2.22507e-308  3.26213e-02 #[2022-01-18 17:41:30.574599]
   3.04100e+03  3.04100e-03  1.00000e-06  6.27817e-02  1.42578e-04 -5.03282e-01 2.22507e-308  3.26309e-02 #[2022-01-18 17:41:30.581110]
   3.06100e+03  3.06100e-03  1.00000e-06  6.25224e-02  1.41989e-04 -5.03282e-01 2.22507e-308  3.26408e-02 #[2022-01-18 17:41:30.588013]
   3.08100e+03  3.08100e-03  1.00000e-06  6.22681e-02  1.41412e-04 -5.03282e-01 2.22507e-308  3.26511e-02 #[2022-01-18 17:41:30.593902]
   3.10100e+03  3.10100e-03  1.00000e-06  6.20187e-02  1.40846e-04 -5.03282e-01 2.22507e-308  3.26618e-02 #[2022-01-18 17:41:30.601283]
   3.12100e+03  3.12100e-03  1.00000e-06  6.17742e-02  1.40290e-04 -5.03282e-01 2.22507e-308  3.26729e-02 #[2022-01-18 17:41:30.607202]
   3.14100e+03  3.14100e-03  1.00000e-06  6.15343e-02  1.39745e-04 -5.03283e-01 2.22507e-308  3.26843e-02 #[2022-01-18 17:41:30.613407]
   3.16100e+03  3.16100e-03  1.00000e-06  6.12991e-02  1.39211e-04 -5.03283e-01 2.22507e-308  3.26960e-02 #[2022-01-18 17:41:30.620499]
   3.18100e+03  3.18100e-03  1.00000e-06  6.10685e-02  1.38687e-04 -5.03283e-01 2.22507e-308  3.27081e-02 #[2022-01-18 17:41:30.626398]
   3.20100e+03  3.20100e-03  1.00000e-06  6.08423e-02  1.38174e-04 -5.03283e-01 2.22507e-308  3.27206e-02 #[2022-01-18 17:41:30.633828]
   3.22100e+03  3.22100e-03  1.00000e-06  6.06204e-02  1.37670e-04 -5.03283e-01 2.22507e-308  3.27333e-02 #[2022-01-18 17:41:30.639732]
   3.24100e+03  3.24100e-03  1.00000e-06  6.04029e-02  1.37176e-04 -5.03284e-01 2.22507e-308  3.27465e-02 #[2022-01-18 17:41:30.645628]
   3.26100e+03  3.26100e-03  1.00000e-06  6.01896e-02  1.36692e-04 -5.03284e-01 2.22507e-308  3.27599e-02 #[2022-01-18 17:41:30.652931]
   3.28100e+03  3.28100e-03  1.00000e-06  5.99805e-02  1.36217e-04 -5.03284e-01 2.22507e-308  3.27737e-02 #[2022-01-18 17:41:30.658872]
   3.30100e+03  3.30100e-03  1.00000e-06  5.97754e-02  1.35751e-04 -5.03284e-01 2.22507e-308  3.27878e-02 #[2022-01-18 17:41:30.665573]
   3.32100e+03  3.32100e-03  1.00000e-06  5.95744e-02  1.35294e-04 -5.03285e-01 2.22507e-308  3.28022e-02 #[2022-01-18 17:41:30.672353]
   3.34100e+03  3.34100e-03  1.00000e-06  5.93772e-02  1.34847e-04 -5.03285e-01 2.22507e-308  3.28169e-02 #[2022-01-18 17:41:30.678270]
   3.36100e+03  3.36100e-03  1.00000e-06  5.91840e-02  1.34408e-04 -5.03285e-01 2.22507e-308  3.28320e-02 #[2022-01-18 17:41:30.685831]
   3.38100e+03  3.38100e-03  1.00000e-06  5.89945e-02  1.33977e-04 -5.03286e-01 2.22507e-308  3.28473e-02 #[2022-01-18 17:41:30.691771]
   3.40100e+03  3.40100e-03  1.00000e-06  5.88087e-02  1.33556e-04 -5.03286e-01 2.22507e-308  3.28630e-02 #[2022-01-18 17:41:30.698221]
   3.42100e+03  3.42100e-03  1.00000e-06  5.86267e-02  1.33142e-04 -5.03286e-01 2.22507e-308  3.28789e-02 #[2022-01-18 17:41:30.705847]
   3.44100e+03  3.44100e-03  1.00000e-06  5.84482e-02  1.32737e-04 -5.03287e-01 2.22507e-308  3.28952e-02 #[2022-01-18 17:41:30.712355]
   3.46100e+03  3.46100e-03  1.00000e-06  5.82733e-02  1.32340e-04 -5.03287e-01 2.22507e-308  3.29117e-02 #[2022-01-18 17:41:30.720262]
   3.48100e+03  3.48100e-03  1.00000e-06  5.81019e-02  1.31950e-04 -5.03288e-01 2.22507e-308  3.29286e-02 #[2022-01-18 17:41:30.726287]
   3.50100e+03  3.50100e-03  1.00000e-06  5.79338e-02  1.31569e-04 -5.03288e-01 2.22507e-308  3.29458e-02 #[2022-01-18 17:41:30.733388]
   3.52100e+03  3.52100e-03  1.00000e-06  5.77692e-02  1.31195e-04 -5.03288e-01 2.22507e-308  3.29632e-02 #[2022-01-18 17:41:30.739855]
   3.54100e+03  3.54100e-03  1.00000e-06  5.76079e-02  1.30828e-04 -5.03289e-01 2.22507e-308  3.29809e-02 #[2022-01-18 17:41:30.745758]
   3.56100e+03  3.56100e-03  1.00000e-06  5.74498e-02  1.30469e-04 -5.03289e-01 2.22507e-308  3.29989e-02 #[2022-01-18 17:41:30.753157]
   3.58100e+03  3.58100e-03  1.00000e-06  5.72950e-02  1.30118e-04 -5.03290e-01 2.22507e-308  3.30172e-02 #[2022-01-18 17:41:30.759069]
   3.60100e+03  3.60100e-03  1.00000e-06  5.71433e-02  1.29773e-04 -5.03290e-01 2.22507e-308  3.30358e-02 #[2022-01-18 17:41:30.765683]
   3.62100e+03  3.62100e-03  1.00000e-06  5.69947e-02  1.29436e-04 -5.03291e-01 2.22507e-308  3.30546e-02 #[2022-01-18 17:41:30.772445]
   3.64100e+03  3.64100e-03  1.00000e-06  5.68491e-02  1.29105e-04 -5.03291e-01 2.22507e-308  3.30737e-02 #[2022-01-18 17:41:30.778336]
   3.66100e+03  3.66100e-03  1.00000e-06  5.67066e-02  1.28782e-04 -5.03292e-01 2.22507e-308  3.30931e-02 #[2022-01-18 17:41:30.785724]
   3.68100e+03  3.68100e-03  1.00000e-06  5.65671e-02  1.28465e-04 -5.03292e-01 2.22507e-308  3.31127e-02 #[2022-01-18 17:41:30.791644]
   3.70100e+03  3.70100e-03  1.00000e-06  5.64304e-02  1.28154e-04 -5.03293e-01 2.22507e-308  3.31327e-02 #[2022-01-18 17:41:30.797993]
   3.72100e+03  3.72100e-03  1.00000e-06  5.62966e-02  1.27851e-04 -5.03293e-01 2.22507e-308  3.31528e-02 #[2022-01-18 17:41:30.804973]
   3.74100e+03  3.74100e-03  1.00000e-06  5.61657e-02  1.27553e-04 -5.03294e-01 2.22507e-308  3.31733e-02 #[2022-01-18 17:41:30.810865]
   3.76100e+03  3.76100e-03  1.00000e-06  5.60375e-02  1.27262e-04 -5.03294e-01 2.22507e-308  3.31940e-02 #[2022-01-18 17:41:30.818391]
   3.78100e+03  3.78100e-03  1.00000e-06  5.59121e-02  1.26977e-04 -5.03295e-01 2.22507e-308  3.32150e-02 #[2022-01-18 17:41:30.824283]
   3.80100e+03  3.80100e-03  1.00000e-06  5.57893e-02  1.26698e-04 -5.03296e-01 2.22507e-308  3.32363e-02 #[2022-01-18 17:41:30.830701]
   3.82100e+03  3.82100e-03  1.00000e-06  5.56693e-02  1.26426e-04 -5.03296e-01 2.22507e-308  3.32578e-02 #[2022-01-18 17:41:30.837513]
   3.84100e+03  3.84100e-03  1.00000e-06  5.55518e-02  1.26159e-04 -5.03297e-01 2.22507e-308  3.32795e-02 #[2022-01-18 17:41:30.843406]
   3.86100e+03  3.86100e-03  1.00000e-06  5.54369e-02  1.25898e-04 -5.03297e-01 2.22507e-308  3.33015e-02 #[2022-01-18 17:41:30.850308]
   3.88100e+03  3.88100e-03  1.00000e-06  5.53246e-02  1.25643e-04 -5.03298e-01 2.22507e-308  3.33238e-02 #[2022-01-18 17:41:30.856744]
   3.90100e+03  3.90100e-03  1.00000e-06  5.52147e-02  1.25393e-04 -5.03299e-01 2.22507e-308  3.33462e-02 #[2022-01-18 17:41:30.863048]
   3.92100e+03  3.92100e-03  1.00000e-06  5.51073e-02  1.25150e-04 -5.03299e-01 2.22507e-308  3.33690e-02 #[2022-01-18 17:41:30.870141]
   3.94100e+03  3.94100e-03  1.00000e-06  5.50024e-02  1.24911e-04 -5.03300e-01 2.22507e-308  3.33920e-02 #[2022-01-18 17:41:30.876040]
   3.96100e+03  3.96100e-03  1.00000e-06  5.48998e-02  1.24678e-04 -5.03301e-01 2.22507e-308  3.34152e-02 #[2022-01-18 17:41:30.882565]
   3.98100e+03  3.98100e-03  1.00000e-06  5.47996e-02  1.24451e-04 -5.03301e-01 2.22507e-308  3.34387e-02 #[2022-01-18 17:41:30.889322]
#                                                                                                        
#       iter         time           dt        res_c      rel_res        min_c        max_c   grad_c_mag  
#                                                                                                         #[2022-01-18 17:41:30.895213]
   4.00100e+03  4.00100e-03  1.00000e-06  5.47018e-02  1.24229e-04 -5.03302e-01 2.22507e-308  3.34624e-02 #[2022-01-18 17:41:30.895370]
   4.02100e+03  4.02100e-03  1.00000e-06  5.46062e-02  1.24012e-04 -5.03303e-01 2.22507e-308  3.34863e-02 #[2022-01-18 17:41:30.902787]
   4.04100e+03  4.04100e-03  1.00000e-06  5.45129e-02  1.23800e-04 -5.03303e-01 2.22507e-308  3.35105e-02 #[2022-01-18 17:41:30.908671]
   4.06100e+03  4.06100e-03  1.00000e-06  5.44218e-02  1.23593e-04 -5.03304e-01 2.22507e-308  3.35348e-02 #[2022-01-18 17:41:30.915242]
   4.08100e+03  4.08100e-03  1.00000e-06  5.43329e-02  1.23391e-04 -5.03305e-01 2.22507e-308  3.35595e-02 #[2022-01-18 17:41:30.922248]
   4.10100e+03  4.10100e-03  1.00000e-06  5.42461e-02  1.23194e-04 -5.03305e-01 2.22507e-308  3.35843e-02 #[2022-01-18 17:41:30.928153]
   4.12100e+03  4.12100e-03  1.00000e-06  5.41615e-02  1.23002e-04 -5.03306e-01 2.22507e-308  3.36094e-02 #[2022-01-18 17:41:30.935567]
   4.14100e+03  4.14100e-03  1.00000e-06  5.40790e-02  1.22814e-04 -5.03307e-01 2.22507e-308  3.36347e-02 #[2022-01-18 17:41:30.941472]
   4.16100e+03  4.16100e-03  1.00000e-06  5.39986e-02  1.22632e-04 -5.03308e-01 2.22507e-308  3.36602e-02 #[2022-01-18 17:41:30.947600]
   4.18100e+03  4.18100e-03  1.00000e-06  5.39203e-02  1.22454e-04 -5.03308e-01 2.22507e-308  3.36860e-02 #[2022-01-18 17:41:30.954721]
   4.20100e+03  4.20100e-03  1.00000e-06  5.38439e-02  1.22280e-04 -5.03309e-01 2.22507e-308  3.37119e-02 #[2022-01-18 17:41:30.960625]
   4.22100e+03  4.22100e-03  1.00000e-06  5.37695e-02  1.22111e-04 -5.03310e-01 2.22507e-308  3.37381e-02 #[2022-01-18 17:41:30.967493]
   4.24100e+03  4.24100e-03  1.00000e-06  5.36971e-02  1.21947e-04 -5.03311e-01 2.22507e-308  3.37645e-02 #[2022-01-18 17:41:30.973939]
   4.26100e+03  4.26100e-03  1.00000e-06  5.36267e-02  1.21787e-04 -5.03312e-01 2.22507e-308  3.37911e-02 #[2022-01-18 17:41:30.980146]
   4.28100e+03  4.28100e-03  1.00000e-06  5.35581e-02  1.21631e-04 -5.03312e-01 2.22507e-308  3.38179e-02 #[2022-01-18 17:41:30.987178]
   4.30100e+03  4.30100e-03  1.00000e-06  5.34915e-02  1.21480e-04 -5.03313e-01 2.22507e-308  3.38450e-02 #[2022-01-18 17:41:30.993066]
   4.32100e+03  4.32100e-03  1.00000e-06  5.34267e-02  1.21333e-04 -5.03314e-01 2.22507e-308  3.38722e-02 #[2022-01-18 17:41:30.999941]
   4.34100e+03  4.34100e-03  1.00000e-06  5.33637e-02  1.21190e-04 -5.03315e-01 2.22507e-308  3.38997e-02 #[2022-01-18 17:41:31.006336]
   4.36100e+03  4.36100e-03  1.00000e-06  5.33025e-02  1.21051e-04 -5.03316e-01 2.22507e-308  3.39273e-02 #[2022-01-18 17:41:31.012232]
   4.38100e+03  4.38100e-03  1.00000e-06  5.32432e-02  1.20916e-04 -5.03317e-01 2.22507e-308  3.39552e-02 #[2022-01-18 17:41:31.019489]
   4.40100e+03  4.40100e-03  1.00000e-06  5.31855e-02  1.20785e-04 -5.03317e-01 2.22507e-308  3.39833e-02 #[2022-01-18 17:41:31.025378]
   4.42100e+03  4.42100e-03  1.00000e-06  5.31297e-02  1.20658e-04 -5.03318e-01 2.22507e-308  3.40116e-02 #[2022-01-18 17:41:31.031507]
   4.44100e+03  4.44100e-03  1.00000e-06  5.30755e-02  1.20535e-04 -5.03319e-01 2.22507e-308  3.40401e-02 #[2022-01-18 17:41:31.038656]
   4.46100e+03  4.46100e-03  1.00000e-06  5.30231e-02  1.20416e-04 -5.03320e-01 2.22507e-308  3.40688e-02 #[2022-01-18 17:41:31.044567]
   4.48100e+03  4.48100e-03  1.00000e-06  5.29723e-02  1.20301e-04 -5.03321e-01 2.22507e-308  3.40977e-02 #[2022-01-18 17:41:31.052014]
   4.50100e+03  4.50100e-03  1.00000e-06  5.29232e-02  1.20189e-04 -5.03322e-01 2.22507e-308  3.41268e-02 #[2022-01-18 17:41:31.057926]
   4.52100e+03  4.52100e-03  1.00000e-06  5.28757e-02  1.20082e-04 -5.03323e-01 2.22507e-308  3.41561e-02 #[2022-01-18 17:41:31.064339]
   4.54100e+03  4.54100e-03  1.00000e-06  5.28298e-02  1.19977e-04 -5.03324e-01 2.22507e-308  3.41856e-02 #[2022-01-18 17:41:31.071310]
   4.56100e+03  4.56100e-03  1.00000e-06  5.27855e-02  1.19877e-04 -5.03325e-01 2.22507e-308  3.42153e-02 #[2022-01-18 17:41:31.077207]
   4.58100e+03  4.58100e-03  1.00000e-06  5.27428e-02  1.19780e-04 -5.03326e-01 2.22507e-308  3.42452e-02 #[2022-01-18 17:41:31.084089]
   4.60100e+03  4.60100e-03  1.00000e-06  5.27016e-02  1.19686e-04 -5.03327e-01 2.22507e-308  3.42753e-02 #[2022-01-18 17:41:31.090517]
   4.62100e+03  4.62100e-03  1.00000e-06  5.26620e-02  1.19596e-04 -5.03328e-01 2.22507e-308  3.43056e-02 #[2022-01-18 17:41:31.096764]
   4.64100e+03  4.64100e-03  1.00000e-06  5.26238e-02  1.19510e-04 -5.03329e-01 2.22507e-308  3.43360e-02 #[2022-01-18 17:41:31.103888]
   4.66100e+03  4.66100e-03  1.00000e-06  5.25872e-02  1.19426e-04 -5.03330e-01 2.22507e-308  3.43667e-02 #[2022-01-18 17:41:31.109776]
   4.68100e+03  4.68100e-03  1.00000e-06  5.25520e-02  1.19346e-04 -5.03331e-01 2.22507e-308  3.43976e-02 #[2022-01-18 17:41:31.116814]
   4.70100e+03  4.70100e-03  1.00000e-06  5.25183e-02  1.19270e-04 -5.03331e-01 2.22507e-308  3.44286e-02 #[2022-01-18 17:41:31.123137]
   4.72100e+03  4.72100e-03  1.00000e-06  5.24860e-02  1.19197e-04 -5.03333e-01 2.22507e-308  3.44599e-02 #[2022-01-18 17:41:31.129024]
   4.74100e+03  4.74100e-03  1.00000e-06  5.24552e-02  1.19127e-04 -5.03334e-01 2.22507e-308  3.44913e-02 #[2022-01-18 17:41:31.136483]
   4.76100e+03  4.76100e-03  1.00000e-06  5.24257e-02  1.19060e-04 -5.03335e-01 2.22507e-308  3.45229e-02 #[2022-01-18 17:41:31.142374]
   4.78100e+03  4.78100e-03  1.00000e-06  5.23977e-02  1.18996e-04 -5.03336e-01 2.22507e-308  3.45547e-02 #[2022-01-18 17:41:31.148806]
   4.80100e+03  4.80100e-03  1.00000e-06  5.23710e-02  1.18935e-04 -5.03337e-01 2.22507e-308  3.45867e-02 #[2022-01-18 17:41:31.155734]
   4.82100e+03  4.82100e-03  1.00000e-06  5.23457e-02  1.18878e-04 -5.03338e-01 2.22507e-308  3.46189e-02 #[2022-01-18 17:41:31.161675]
   4.84100e+03  4.84100e-03  1.00000e-06  5.23217e-02  1.18823e-04 -5.03339e-01 2.22507e-308  3.46513e-02 #[2022-01-18 17:41:31.169333]
   4.86100e+03  4.86100e-03  1.00000e-06  5.22990e-02  1.18772e-04 -5.03340e-01 2.22507e-308  3.46839e-02 #[2022-01-18 17:41:31.175245]
   4.88100e+03  4.88100e-03  1.00000e-06  5.22776e-02  1.18723e-04 -5.03341e-01 2.22507e-308  3.47166e-02 #[2022-01-18 17:41:31.181663]
   4.90100e+03  4.90100e-03  1.00000e-06  5.22575e-02  1.18678e-04 -5.03342e-01 2.22507e-308  3.47495e-02 #[2022-01-18 17:41:31.188669]
   4.92100e+03  4.92100e-03  1.00000e-06  5.22387e-02  1.18635e-04 -5.03343e-01 2.22507e-308  3.47826e-02 #[2022-01-18 17:41:31.194564]
   4.94100e+03  4.94100e-03  1.00000e-06  5.22211e-02  1.18595e-04 -5.03344e-01 2.22507e-308  3.48159e-02 #[2022-01-18 17:41:31.201314]
   4.96100e+03  4.96100e-03  1.00000e-06  5.22048e-02  1.18558e-04 -5.03345e-01 2.22507e-308  3.48494e-02 #[2022-01-18 17:41:31.207735]
   4.98100e+03  4.98100e-03  1.00000e-06  5.21897e-02  1.18524e-04 -5.03346e-01 2.22507e-308  3.48831e-02 #[2022-01-18 17:41:31.214018]
#                                                                                                        
#       iter         time           dt        res_c      rel_res        min_c        max_c   grad_c_mag  
#                                                                                                         #[2022-01-18 17:41:31.221089]
   5.00100e+03  5.00100e-03  1.00000e-06  5.21759e-02  1.18492e-04 -5.03347e-01 2.22507e-308  3.49169e-02 #[2022-01-18 17:41:31.221246]
   5.02100e+03  5.02100e-03  1.00000e-06  5.21632e-02  1.18463e-04 -5.03349e-01 2.22507e-308  3.49510e-02 #[2022-01-18 17:41:31.227145]
   5.04100e+03  5.04100e-03  1.00000e-06  5.21517e-02  1.18437e-04 -5.03350e-01 2.22507e-308  3.49852e-02 #[2022-01-18 17:41:31.234126]
   5.06100e+03  5.06100e-03  1.00000e-06  5.21414e-02  1.18414e-04 -5.03351e-01 2.22507e-308  3.50195e-02 #[2022-01-18 17:41:31.240536]
   5.08100e+03  5.08100e-03  1.00000e-06  5.21323e-02  1.18393e-04 -5.03352e-01 2.22507e-308  3.50541e-02 #[2022-01-18 17:41:31.246819]
   5.10100e+03  5.10100e-03  1.00000e-06  5.21243e-02  1.18375e-04 -5.03353e-01 2.22507e-308  3.50888e-02 #[2022-01-18 17:41:31.253789]
   5.12100e+03  5.12100e-03  1.00000e-06  5.21174e-02  1.18360e-04 -5.03354e-01 2.22507e-308  3.51237e-02 #[2022-01-18 17:41:31.259684]
   5.14100e+03  5.14100e-03  1.00000e-06  5.21117e-02  1.18347e-04 -5.03355e-01 2.22507e-308  3.51588e-02 #[2022-01-18 17:41:31.266655]
   5.16100e+03  5.16100e-03  1.00000e-06  5.21071e-02  1.18336e-04 -5.03357e-01 2.22507e-308  3.51941e-02 #[2022-01-18 17:41:31.273039]
   5.18100e+03  5.18100e-03  1.00000e-06  5.21036e-02  1.18328e-04 -5.03358e-01 2.22507e-308  3.52295e-02 #[2022-01-18 17:41:31.278943]
   5.20100e+03  5.20100e-03  1.00000e-06  5.21011e-02  1.18322e-04 -5.03359e-01 2.22507e-308  3.52651e-02 #[2022-01-18 17:41:31.286433]
   5.22100e+03  5.22100e-03  1.00000e-06  5.20997e-02  1.18319e-04 -5.03360e-01 2.22507e-308  3.53008e-02 #[2022-01-18 17:41:31.292316]
   5.24100e+03  5.24100e-03  1.00000e-06  5.20994e-02  1.18319e-04 -5.03361e-01 2.22507e-308  3.53368e-02 #[2022-01-18 17:41:31.299283]
   5.26100e+03  5.26100e-03  1.00000e-06  5.21001e-02  1.18320e-04 -5.03363e-01 2.22507e-308  3.53729e-02 #[2022-01-18 17:41:31.305550]
   5.28100e+03  5.28100e-03  1.00000e-06  5.21019e-02  1.18324e-04 -5.03364e-01 2.22507e-308  3.54092e-02 #[2022-01-18 17:41:31.311442]
   5.30100e+03  5.30100e-03  1.00000e-06  5.21047e-02  1.18331e-04 -5.03365e-01 2.22507e-308  3.54456e-02 #[2022-01-18 17:41:31.318837]
   5.32100e+03  5.32100e-03  1.00000e-06  5.21085e-02  1.18339e-04 -5.03366e-01 2.22507e-308  3.54822e-02 #[2022-01-18 17:41:31.324725]
   5.34100e+03  5.34100e-03  1.00000e-06  5.21133e-02  1.18350e-04 -5.03368e-01 2.22507e-308  3.55190e-02 #[2022-01-18 17:41:31.331354]
   5.36100e+03  5.36100e-03  1.00000e-06  5.21191e-02  1.18363e-04 -5.03369e-01 2.22507e-308  3.55559e-02 #[2022-01-18 17:41:31.337746]
   5.38100e+03  5.38100e-03  1.00000e-06  5.21259e-02  1.18379e-04 -5.03370e-01 2.22507e-308  3.55931e-02 #[2022-01-18 17:41:31.343633]
   5.40100e+03  5.40100e-03  1.00000e-06  5.21337e-02  1.18396e-04 -5.03371e-01 2.22507e-308  3.56303e-02 #[2022-01-18 17:41:31.350799]
   5.42100e+03  5.42100e-03  1.00000e-06  5.21424e-02  1.18416e-04 -5.03373e-01 2.22507e-308  3.56678e-02 #[2022-01-18 17:41:31.356735]
   5.44100e+03  5.44100e-03  1.00000e-06  5.21521e-02  1.18438e-04 -5.03374e-01 2.22507e-308  3.57054e-02 #[2022-01-18 17:41:31.363069]
   5.46100e+03  5.46100e-03  1.00000e-06  5.21627e-02  1.18462e-04 -5.03375e-01 2.22507e-308  3.57432e-02 #[2022-01-18 17:41:31.370069]
   5.48100e+03  5.48100e-03  1.00000e-06  5.21742e-02  1.18488e-04 -5.03377e-01 2.22507e-308  3.57812e-02 #[2022-01-18 17:41:31.375969]
   5.50100e+03  5.50100e-03  1.00000e-06  5.21867e-02  1.18517e-04 -5.03378e-01 2.22507e-308  3.58193e-02 #[2022-01-18 17:41:31.383094]
   5.52100e+03  5.52100e-03  1.00000e-06  5.22001e-02  1.18547e-04 -5.03379e-01 2.22507e-308  3.58576e-02 #[2022-01-18 17:41:31.388989]
   5.54100e+03  5.54100e-03  1.00000e-06  5.22143e-02  1.18580e-04 -5.03380e-01 2.22507e-308  3.58960e-02 #[2022-01-18 17:41:31.394880]
   5.56100e+03  5.56100e-03  1.00000e-06  5.22295e-02  1.18614e-04 -5.03382e-01 2.22507e-308  3.59346e-02 #[2022-01-18 17:41:31.402124]
   5.58100e+03  5.58100e-03  1.00000e-06  5.22456e-02  1.18650e-04 -5.03383e-01 2.22507e-308  3.59734e-02 #[2022-01-18 17:41:31.408018]
   5.60100e+03  5.60100e-03  1.00000e-06  5.22625e-02  1.18689e-04 -5.03384e-01 2.22507e-308  3.60123e-02 #[2022-01-18 17:41:31.414797]
   5.62100e+03  5.62100e-03  1.00000e-06  5.22803e-02  1.18729e-04 -5.03386e-01 2.22507e-308  3.60514e-02 #[2022-01-18 17:41:31.421226]
   5.64100e+03  5.64100e-03  1.00000e-06  5.22989e-02  1.18772e-04 -5.03387e-01 2.22507e-308  3.60907e-02 #[2022-01-18 17:41:31.427119]
   5.66100e+03  5.66100e-03  1.00000e-06  5.23184e-02  1.18816e-04 -5.03389e-01 2.22507e-308  3.61301e-02 #[2022-01-18 17:41:31.434214]
   5.68100e+03  5.68100e-03  1.00000e-06  5.23387e-02  1.18862e-04 -5.03390e-01 2.22507e-308  3.61697e-02 #[2022-01-18 17:41:31.440113]
   5.70100e+03  5.70100e-03  1.00000e-06  5.23599e-02  1.18910e-04 -5.03391e-01 2.22507e-308  3.62095e-02 #[2022-01-18 17:41:31.446461]
   5.72100e+03  5.72100e-03  1.00000e-06  5.23819e-02  1.18960e-04 -5.03393e-01 2.22507e-308  3.62494e-02 #[2022-01-18 17:41:31.453322]
   5.74100e+03  5.74100e-03  1.00000e-06  5.24047e-02  1.19012e-04 -5.03394e-01 2.22507e-308  3.62895e-02 #[2022-01-18 17:41:31.459222]
   5.76100e+03  5.76100e-03  1.00000e-06  5.24283e-02  1.19066e-04 -5.03395e-01 2.22507e-308  3.63297e-02 #[2022-01-18 17:41:31.465961]
   5.78100e+03  5.78100e-03  1.00000e-06  5.24527e-02  1.19121e-04 -5.03397e-01 2.22507e-308  3.63701e-02 #[2022-01-18 17:41:31.472214]
   5.80100e+03  5.80100e-03  1.00000e-06  5.24779e-02  1.19178e-04 -5.03398e-01 2.22507e-308  3.64107e-02 #[2022-01-18 17:41:31.478108]
   5.82100e+03  5.82100e-03  1.00000e-06  5.25039e-02  1.19237e-04 -5.03400e-01 2.22507e-308  3.64514e-02 #[2022-01-18 17:41:31.485371]
   5.84100e+03  5.84100e-03  1.00000e-06  5.25307e-02  1.19298e-04 -5.03401e-01 2.22507e-308  3.64923e-02 #[2022-01-18 17:41:31.491262]
   5.86100e+03  5.86100e-03  1.00000e-06  5.25582e-02  1.19360e-04 -5.03403e-01 2.22507e-308  3.65333e-02 #[2022-01-18 17:41:31.497879]
   5.88100e+03  5.88100e-03  1.00000e-06  5.25865e-02  1.19425e-04 -5.03404e-01 2.22507e-308  3.65745e-02 #[2022-01-18 17:41:31.504261]
   5.90100e+03  5.90100e-03  1.00000e-06  5.26155e-02  1.19491e-04 -5.03405e-01 2.22507e-308  3.66159e-02 #[2022-01-18 17:41:31.510144]
   5.92100e+03  5.92100e-03  1.00000e-06  5.26453e-02  1.19558e-04 -5.03407e-01 2.22507e-308  3.66574e-02 #[2022-01-18 17:41:31.517252]
   5.94100e+03  5.94100e-03  1.00000e-06  5.26758e-02  1.19628e-04 -5.03408e-01 2.22507e-308  3.66990e-02 #[2022-01-18 17:41:31.523145]
   5.96100e+03  5.96100e-03  1.00000e-06  5.27071e-02  1.19699e-04 -5.03412e-01 2.22507e-308  3.67408e-02 #[2022-01-18 17:41:31.529043]
   5.98100e+03  5.98100e-03  1.00000e-06  5.27390e-02  1.19771e-04 -5.03415e-01 2.22507e-308  3.67828e-02 #[2022-01-18 17:41:31.536196]
#                                                                                                        
#       iter         time           dt        res_c      rel_res        min_c        max_c   grad_c_mag  
#                                                                                                         #[2022-01-18 17:41:31.542080]
   6.00100e+03  6.00100e-03  1.00000e-06  5.27717e-02  1.19845e-04 -5.03419e-01 2.22507e-308  3.68249e-02 #[2022-01-18 17:41:31.542233]
   6.02100e+03  6.02100e-03  1.00000e-06  5.28051e-02  1.19921e-04 -5.03422e-01 2.22507e-308  3.68672e-02 #[2022-01-18 17:41:31.549157]
   6.04100e+03  6.04100e-03  1.00000e-06  5.28392e-02  1.19999e-04 -5.03425e-01 2.22507e-308  3.69096e-02 #[2022-01-18 17:41:31.555445]
   6.06100e+03  6.06100e-03  1.00000e-06  5.28741e-02  1.20078e-04 -5.03429e-01 2.22507e-308  3.69522e-02 #[2022-01-18 17:41:31.561336]
   6.08100e+03  6.08100e-03  1.00000e-06  5.29096e-02  1.20158e-04 -5.03432e-01 2.22507e-308  3.69949e-02 #[2022-01-18 17:41:31.568403]
   6.10100e+03  6.10100e-03  1.00000e-06  5.29457e-02  1.20241e-04 -5.03436e-01 2.22507e-308  3.70378e-02 #[2022-01-18 17:41:31.574302]
   6.12100e+03  6.12100e-03  1.00000e-06  5.29826e-02  1.20324e-04 -5.03439e-01 2.22507e-308  3.70809e-02 #[2022-01-18 17:41:31.580911]
   6.14100e+03  6.14100e-03  1.00000e-06  5.30201e-02  1.20410e-04 -5.03443e-01 2.22507e-308  3.71240e-02 #[2022-01-18 17:41:31.587244]
   6.16100e+03  6.16100e-03  1.00000e-06  5.30584e-02  1.20496e-04 -5.03446e-01 2.22507e-308  3.71674e-02 #[2022-01-18 17:41:31.593126]
   6.18100e+03  6.18100e-03  1.00000e-06  5.30972e-02  1.20585e-04 -5.03450e-01 2.22507e-308  3.72109e-02 #[2022-01-18 17:41:31.600244]
   6.20100e+03  6.20100e-03  1.00000e-06  5.31367e-02  1.20674e-04 -5.03453e-01 2.22507e-308  3.72545e-02 #[2022-01-18 17:41:31.606133]
   6.22100e+03  6.22100e-03  1.00000e-06  5.31769e-02  1.20766e-04 -5.03456e-01 2.22507e-308  3.72983e-02 #[2022-01-18 17:41:31.612019]
   6.24100e+03  6.24100e-03  1.00000e-06  5.32177e-02  1.20858e-04 -5.03460e-01 2.22507e-308  3.73422e-02 #[2022-01-18 17:41:31.619241]
   6.26100e+03  6.26100e-03  1.00000e-06  5.32592e-02  1.20952e-04 -5.03463e-01 2.22507e-308  3.73863e-02 #[2022-01-18 17:41:31.625114]
   6.28100e+03  6.28100e-03  1.00000e-06  5.33013e-02  1.21048e-04 -5.03467e-01 2.22507e-308  3.74305e-02 #[2022-01-18 17:41:31.631653]
   6.30100e+03  6.30100e-03  1.00000e-06  5.33440e-02  1.21145e-04 -5.03470e-01 2.22507e-308  3.74749e-02 #[2022-01-18 17:41:31.638066]
   6.32100e+03  6.32100e-03  1.00000e-06  5.33873e-02  1.21243e-04 -5.03474e-01 2.22507e-308  3.75194e-02 #[2022-01-18 17:41:31.643953]
   6.34100e+03  6.34100e-03  1.00000e-06  5.34313e-02  1.21343e-04 -5.03477e-01 2.22507e-308  3.75641e-02 #[2022-01-18 17:41:31.651154]
   6.36100e+03  6.36100e-03  1.00000e-06  5.34759e-02  1.21445e-04 -5.03481e-01 2.22507e-308  3.76089e-02 #[2022-01-18 17:41:31.657051]
   6.38100e+03  6.38100e-03  1.00000e-06  5.35210e-02  1.21547e-04 -5.03484e-01 2.22507e-308  3.76539e-02 #[2022-01-18 17:41:31.663518]
   6.40100e+03  6.40100e-03  1.00000e-06  5.35668e-02  1.21651e-04 -5.03488e-01 2.22507e-308  3.76990e-02 #[2022-01-18 17:41:31.669985]
   6.42100e+03  6.42100e-03  1.00000e-06  5.36132e-02  1.21756e-04 -5.03491e-01 2.22507e-308  3.77443e-02 #[2022-01-18 17:41:31.675870]
   6.44100e+03  6.44100e-03  1.00000e-06  5.36601e-02  1.21863e-04 -5.03495e-01 2.22507e-308  3.77897e-02 #[2022-01-18 17:41:31.682898]
   6.46100e+03  6.46100e-03  1.00000e-06  5.37077e-02  1.21971e-04 -5.03498e-01 2.22507e-308  3.78353e-02 #[2022-01-18 17:41:31.688938]
   6.48100e+03  6.48100e-03  1.00000e-06  5.37558e-02  1.22080e-04 -5.03502e-01 2.22507e-308  3.78810e-02 #[2022-01-18 17:41:31.694836]
   6.50100e+03  6.50100e-03  1.00000e-06  5.38045e-02  1.22191e-04 -5.03505e-01 2.22507e-308  3.79268e-02 #[2022-01-18 17:41:31.701994]
   6.52100e+03  6.52100e-03  1.00000e-06  5.38538e-02  1.22303e-04 -5.03509e-01 2.22507e-308  3.79728e-02 #[2022-01-18 17:41:31.707892]
   6.54100e+03  6.54100e-03  1.00000e-06  5.39036e-02  1.22416e-04 -5.03513e-01 2.22507e-308  3.80190e-02 #[2022-01-18 17:41:31.714633]
   6.56100e+03  6.56100e-03  1.00000e-06  5.39541e-02  1.22530e-04 -5.03516e-01 2.22507e-308  3.80653e-02 #[2022-01-18 17:41:31.721041]
   6.58100e+03  6.58100e-03  1.00000e-06  5.40050e-02  1.22646e-04 -5.03520e-01 2.22507e-308  3.81117e-02 #[2022-01-18 17:41:31.726935]
   6.60100e+03  6.60100e-03  1.00000e-06  5.40565e-02  1.22763e-04 -5.03523e-01 2.22507e-308  3.81583e-02 #[2022-01-18 17:41:31.733993]
   6.62100e+03  6.62100e-03  1.00000e-06  5.41086e-02  1.22882e-04 -5.03527e-01 2.22507e-308  3.82050e-02 #[2022-01-18 17:41:31.739876]
   6.64100e+03  6.64100e-03  1.00000e-06  5.41612e-02  1.23001e-04 -5.03530e-01 2.22507e-308  3.82519e-02 #[2022-01-18 17:41:31.745769]
   6.66100e+03  6.66100e-03  1.00000e-06  5.42144e-02  1.23122e-04 -5.03534e-01 2.22507e-308  3.82989e-02 #[2022-01-18 17:41:31.752991]
   6.68100e+03  6.68100e-03  1.00000e-06  5.42681e-02  1.23244e-04 -5.03537e-01 2.22507e-308  3.83461e-02 #[2022-01-18 17:41:31.758896]
   6.70100e+03  6.70100e-03  1.00000e-06  5.43223e-02  1.23367e-04 -5.03541e-01 2.22507e-308  3.83934e-02 #[2022-01-18 17:41:31.765830]
   6.72100e+03  6.72100e-03  1.00000e-06  5.43771e-02  1.23491e-04 -5.03545e-01 2.22507e-308  3.84409e-02 #[2022-01-18 17:41:31.772105]
   6.74100e+03  6.74100e-03  1.00000e-06  5.44324e-02  1.23617e-04 -5.03548e-01 2.22507e-308  3.84885e-02 #[2022-01-18 17:41:31.778008]
   6.76100e+03  6.76100e-03  1.00000e-06  5.44882e-02  1.23743e-04 -5.03552e-01 2.22507e-308  3.85362e-02 #[2022-01-18 17:41:31.785249]
   6.78100e+03  6.78100e-03  1.00000e-06  5.45445e-02  1.23871e-04 -5.03555e-01 2.22507e-308  3.85841e-02 #[2022-01-18 17:41:31.791149]
   6.80100e+03  6.80100e-03  1.00000e-06  5.46013e-02  1.24000e-04 -5.03559e-01 2.22507e-308  3.86321e-02 #[2022-01-18 17:41:31.797790]
   6.82100e+03  6.82100e-03  1.00000e-06  5.46587e-02  1.24131e-04 -5.03563e-01 2.22507e-308  3.86803e-02 #[2022-01-18 17:41:31.804176]
   6.84100e+03  6.84100e-03  1.00000e-06  5.47165e-02  1.24262e-04 -5.03566e-01 2.22507e-308  3.87287e-02 #[2022-01-18 17:41:31.810069]
   6.86100e+03  6.86100e-03  1.00000e-06  5.47749e-02  1.24395e-04 -5.03570e-01 2.22507e-308  3.87771e-02 #[2022-01-18 17:41:31.817313]
   6.88100e+03  6.88100e-03  1.00000e-06  5.48337e-02  1.24528e-04 -5.03574e-01 2.22507e-308  3.88257e-02 #[2022-01-18 17:41:31.823200]
   6.90100e+03  6.90100e-03  1.00000e-06  5.48931e-02  1.24663e-04 -5.03577e-01 2.22507e-308  3.88745e-02 #[2022-01-18 17:41:31.829093]
   6.92100e+03  6.92100e-03  1.00000e-06  5.49529e-02  1.24799e-04 -5.03581e-01 2.22507e-308  3.89234e-02 #[2022-01-18 17:41:31.836159]
   6.94100e+03  6.94100e-03  1.00000e-06  5.50132e-02  1.24936e-04 -5.03584e-01 2.22507e-308  3.89724e-02 #[2022-01-18 17:41:31.842069]
   6.96100e+03  6.96100e-03  1.00000e-06  5.50740e-02  1.25074e-04 -5.03588e-01 2.22507e-308  3.90216e-02 #[2022-01-18 17:41:31.848685]
   6.98100e+03  6.98100e-03  1.00000e-06  5.51353e-02  1.25213e-04 -5.03592e-01 2.22507e-308  3.90709e-02 #[2022-01-18 17:41:31.855046]
#                                                                                                        
#       iter         time           dt        res_c      rel_res        min_c        max_c   grad_c_mag  
#                                                                                                         #[2022-01-18 17:41:31.860968]
   7.00100e+03  7.00100e-03  1.00000e-06  5.51971e-02  1.25353e-04 -5.03595e-01 2.22507e-308  3.91204e-02 #[2022-01-18 17:41:31.861125]
   7.02100e+03  7.02100e-03  1.00000e-06  5.52593e-02  1.25495e-04 -5.03599e-01 2.22507e-308  3.91700e-02 #[2022-01-18 17:41:31.868464]
   7.04100e+03  7.04100e-03  1.00000e-06  5.53221e-02  1.25637e-04 -5.03603e-01 2.22507e-308  3.92198e-02 #[2022-01-18 17:41:31.874365]
   7.06100e+03  7.06100e-03  1.00000e-06  5.53852e-02  1.25781e-04 -5.03606e-01 2.22507e-308  3.92697e-02 #[2022-01-18 17:41:31.881050]
   7.08100e+03  7.08100e-03  1.00000e-06  5.54489e-02  1.25925e-04 -5.03610e-01 2.22507e-308  3.93197e-02 #[2022-01-18 17:41:31.887426]
   7.10100e+03  7.10100e-03  1.00000e-06  5.55130e-02  1.26071e-04 -5.03614e-01 2.22507e-308  3.93699e-02 #[2022-01-18 17:41:31.893345]
   7.12100e+03  7.12100e-03  1.00000e-06  5.55776e-02  1.26218e-04 -5.03617e-01 2.22507e-308  3.94202e-02 #[2022-01-18 17:41:31.900461]
   7.14100e+03  7.14100e-03  1.00000e-06  5.56426e-02  1.26365e-04 -5.03621e-01 2.22507e-308  3.94707e-02 #[2022-01-18 17:41:31.906369]
   7.16100e+03  7.16100e-03  1.00000e-06  5.57081e-02  1.26514e-04 -5.03625e-01 2.22507e-308  3.95213e-02 #[2022-01-18 17:41:31.912280]
   7.18100e+03  7.18100e-03  1.00000e-06  5.57740e-02  1.26664e-04 -5.03629e-01 2.22507e-308  3.95721e-02 #[2022-01-18 17:41:31.919388]
   7.20100e+03  7.20100e-03  1.00000e-06  5.58404e-02  1.26814e-04 -5.03632e-01 2.22507e-308  3.96230e-02 #[2022-01-18 17:41:31.925296]
   7.22100e+03  7.22100e-03  1.00000e-06  5.59072e-02  1.26966e-04 -5.03636e-01 2.22507e-308  3.96740e-02 #[2022-01-18 17:41:31.931960]
   7.24100e+03  7.24100e-03  1.00000e-06  5.59745e-02  1.27119e-04 -5.03640e-01 2.22507e-308  3.97252e-02 #[2022-01-18 17:41:31.938320]
   7.26100e+03  7.26100e-03  1.00000e-06  5.60422e-02  1.27273e-04 -5.03643e-01 2.22507e-308  3.97765e-02 #[2022-01-18 17:41:31.944221]
   7.28100e+03  7.28100e-03  1.00000e-06  5.61104e-02  1.27428e-04 -5.03647e-01 2.22507e-308  3.98280e-02 #[2022-01-18 17:41:31.951324]
   7.30100e+03  7.30100e-03  1.00000e-06  5.61789e-02  1.27583e-04 -5.03651e-01 2.22507e-308  3.98796e-02 #[2022-01-18 17:41:31.957240]
   7.32100e+03  7.32100e-03  1.00000e-06  5.62480e-02  1.27740e-04 -5.03655e-01 2.22507e-308  3.99313e-02 #[2022-01-18 17:41:31.963762]
   7.34100e+03  7.34100e-03  1.00000e-06  5.63174e-02  1.27898e-04 -5.03658e-01 2.22507e-308  3.99832e-02 #[2022-01-18 17:41:31.970317]
   7.36100e+03  7.36100e-03  1.00000e-06  5.63873e-02  1.28056e-04 -5.03662e-01 2.22507e-308  4.00352e-02 #[2022-01-18 17:41:31.976219]
   7.38100e+03  7.38100e-03  1.00000e-06  5.64575e-02  1.28216e-04 -5.03666e-01 2.22507e-308  4.00874e-02 #[2022-01-18 17:41:31.983472]
   7.40100e+03  7.40100e-03  1.00000e-06  5.65283e-02  1.28377e-04 -5.03670e-01 2.22507e-308  4.01397e-02 #[2022-01-18 17:41:31.989383]
   7.42100e+03  7.42100e-03  1.00000e-06  5.65994e-02  1.28538e-04 -5.03673e-01 2.22507e-308  4.01922e-02 #[2022-01-18 17:41:31.995290]
   7.44100e+03  7.44100e-03  1.00000e-06  5.66709e-02  1.28701e-04 -5.03677e-01 2.22507e-308  4.02448e-02 #[2022-01-18 17:41:32.002628]
   7.46100e+03  7.46100e-03  1.00000e-06  5.67429e-02  1.28864e-04 -5.03681e-01 2.22507e-308  4.02975e-02 #[2022-01-18 17:41:32.008510]
   7.48100e+03  7.48100e-03  1.00000e-06  5.68153e-02  1.29028e-04 -5.03685e-01 2.22507e-308  4.03504e-02 #[2022-01-18 17:41:32.015087]
   7.50100e+03  7.50100e-03  1.00000e-06  5.68880e-02  1.29194e-04 -5.03689e-01 2.22507e-308  4.04035e-02 #[2022-01-18 17:41:32.021507]
   7.52100e+03  7.52100e-03  1.00000e-06  5.69612e-02  1.29360e-04 -5.03692e-01 2.22507e-308  4.04566e-02 #[2022-01-18 17:41:32.027409]
   7.54100e+03  7.54100e-03  1.00000e-06  5.70348e-02  1.29527e-04 -5.03696e-01 2.22507e-308  4.05100e-02 #[2022-01-18 17:41:32.034468]
   7.56100e+03  7.56100e-03  1.00000e-06  5.71088e-02  1.29695e-04 -5.03700e-01 2.22507e-308  4.05634e-02 #[2022-01-18 17:41:32.040352]
   7.58100e+03  7.58100e-03  1.00000e-06  5.71832e-02  1.29864e-04 -5.03704e-01 2.22507e-308  4.06170e-02 #[2022-01-18 17:41:32.046755]
   7.60100e+03  7.60100e-03  1.00000e-06  5.72580e-02  1.30034e-04 -5.03708e-01 2.22507e-308  4.06708e-02 #[2022-01-18 17:41:32.053334]
   7.62100e+03  7.62100e-03  1.00000e-06  5.73332e-02  1.30205e-04 -5.03712e-01 2.22507e-308  4.07247e-02 #[2022-01-18 17:41:32.059252]
   7.64100e+03  7.64100e-03  1.00000e-06  5.74088e-02  1.30376e-04 -5.03715e-01 2.22507e-308  4.07787e-02 #[2022-01-18 17:41:32.066281]
   7.66100e+03  7.66100e-03  1.00000e-06  5.74848e-02  1.30549e-04 -5.03719e-01 2.22507e-308  4.08329e-02 #[2022-01-18 17:41:32.072234]
   7.68100e+03  7.68100e-03  1.00000e-06  5.75612e-02  1.30722e-04 -5.03723e-01 2.22507e-308  4.08872e-02 #[2022-01-18 17:41:32.078127]
   7.70100e+03  7.70100e-03  1.00000e-06  5.76379e-02  1.30897e-04 -5.03727e-01 2.22507e-308  4.09417e-02 #[2022-01-18 17:41:32.085219]
   7.72100e+03  7.72100e-03  1.00000e-06  5.77151e-02  1.31072e-04 -5.03731e-01 2.22507e-308  4.09963e-02 #[2022-01-18 17:41:32.091102]
   7.74100e+03  7.74100e-03  1.00000e-06  5.77926e-02  1.31248e-04 -5.03735e-01 2.22507e-308  4.10511e-02 #[2022-01-18 17:41:32.097714]
   7.76100e+03  7.76100e-03  1.00000e-06  5.78705e-02  1.31425e-04 -5.03738e-01 2.22507e-308  4.11060e-02 #[2022-01-18 17:41:32.104075]
   7.78100e+03  7.78100e-03  1.00000e-06  5.79488e-02  1.31603e-04 -5.03742e-01 2.22507e-308  4.11610e-02 #[2022-01-18 17:41:32.109958]
   7.80100e+03  7.80100e-03  1.00000e-06  5.80275e-02  1.31781e-04 -5.03746e-01 2.22507e-308  4.12162e-02 #[2022-01-18 17:41:32.117248]
   7.82100e+03  7.82100e-03  1.00000e-06  5.81065e-02  1.31961e-04 -5.03750e-01 2.22507e-308  4.12715e-02 #[2022-01-18 17:41:32.123145]
   7.84100e+03  7.84100e-03  1.00000e-06  5.81860e-02  1.32141e-04 -5.03754e-01 2.22507e-308  4.13270e-02 #[2022-01-18 17:41:32.129032]
   7.86100e+03  7.86100e-03  1.00000e-06  5.82658e-02  1.32322e-04 -5.03758e-01 2.22507e-308  4.13826e-02 #[2022-01-18 17:41:32.136315]
   7.88100e+03  7.88100e-03  1.00000e-06  5.83459e-02  1.32505e-04 -5.03762e-01 2.22507e-308  4.14383e-02 #[2022-01-18 17:41:32.142236]
   7.90100e+03  7.90100e-03  1.00000e-06  5.84265e-02  1.32687e-04 -5.03766e-01 2.22507e-308  4.14942e-02 #[2022-01-18 17:41:32.148963]
   7.92100e+03  7.92100e-03  1.00000e-06  5.85074e-02  1.32871e-04 -5.03770e-01 2.22507e-308  4.15502e-02 #[2022-01-18 17:41:32.155267]
   7.94100e+03  7.94100e-03  1.00000e-06  5.85887e-02  1.33056e-04 -5.03774e-01 2.22507e-308  4.16064e-02 #[2022-01-18 17:41:32.161193]
   7.96100e+03  7.96100e-03  1.00000e-06  5.86703e-02  1.33241e-04 -5.03777e-01 2.22507e-308  4.16627e-02 #[2022-01-18 17:41:32.168327]
   7.98100e+03  7.98100e-03  1.00000e-06  5.87523e-02  1.33427e-04 -5.03781e-01 2.22507e-308  4.17192e-02 #[2022-01-18 17:41:32.174247]
#                                                                                                        
#       iter         time           dt        res_c      rel_res        min_c        max_c   grad_c_mag  
#                                                                                                         #[2022-01-18 17:41:32.180897]
   8.00100e+03  8.00100e-03  1.00000e-06  5.88347e-02  1.33614e-04 -5.03785e-01 2.22507e-308  4.17758e-02 #[2022-01-18 17:41:32.181086]
   8.02100e+03  8.02100e-03  1.00000e-06  5.89174e-02  1.33802e-04 -5.03789e-01 2.22507e-308  4.18325e-02 #[2022-01-18 17:41:32.187478]
   8.04100e+03  8.04100e-03  1.00000e-06  5.90005e-02  1.33991e-04 -5.03793e-01 2.22507e-308  4.18894e-02 #[2022-01-18 17:41:32.193403]
   8.06100e+03  8.06100e-03  1.00000e-06  5.90840e-02  1.34181e-04 -5.03797e-01 2.22507e-308  4.19464e-02 #[2022-01-18 17:41:32.200480]
   8.08100e+03  8.08100e-03  1.00000e-06  5.91678e-02  1.34371e-04 -5.03801e-01 2.22507e-308  4.20036e-02 #[2022-01-18 17:41:32.206405]
   8.10100e+03  8.10100e-03  1.00000e-06  5.92519e-02  1.34562e-04 -5.03805e-01 2.22507e-308  4.20609e-02 #[2022-01-18 17:41:32.212324]
   8.12100e+03  8.12100e-03  1.00000e-06  5.93364e-02  1.34754e-04 -5.03809e-01 2.22507e-308  4.21184e-02 #[2022-01-18 17:41:32.219402]
   8.14100e+03  8.14100e-03  1.00000e-06  5.94213e-02  1.34947e-04 -5.03813e-01 2.22507e-308  4.21760e-02 #[2022-01-18 17:41:32.225325]
   8.16100e+03  8.16100e-03  1.00000e-06  5.95065e-02  1.35140e-04 -5.03817e-01 2.22507e-308  4.22337e-02 #[2022-01-18 17:41:32.232054]
   8.18100e+03  8.18100e-03  1.00000e-06  5.95921e-02  1.35335e-04 -5.03821e-01 2.22507e-308  4.22916e-02 #[2022-01-18 17:41:32.238425]
   8.20100e+03  8.20100e-03  1.00000e-06  5.96780e-02  1.35530e-04 -5.03825e-01 2.22507e-308  4.23496e-02 #[2022-01-18 17:41:32.244316]
   8.22100e+03  8.22100e-03  1.00000e-06  5.97642e-02  1.35726e-04 -5.03829e-01 2.22507e-308  4.24078e-02 #[2022-01-18 17:41:32.251392]
   8.24100e+03  8.24100e-03  1.00000e-06  5.98509e-02  1.35922e-04 -5.03833e-01 2.22507e-308  4.24661e-02 #[2022-01-18 17:41:32.257273]
   8.26100e+03  8.26100e-03  1.00000e-06  5.99378e-02  1.36120e-04 -5.03837e-01 2.22507e-308  4.25246e-02 #[2022-01-18 17:41:32.263722]
   8.28100e+03  8.28100e-03  1.00000e-06  6.00251e-02  1.36318e-04 -5.03841e-01 2.22507e-308  4.25831e-02 #[2022-01-18 17:41:32.270210]
   8.30100e+03  8.30100e-03  1.00000e-06  6.01127e-02  1.36517e-04 -5.03845e-01 2.22507e-308  4.26419e-02 #[2022-01-18 17:41:32.276106]
   8.32100e+03  8.32100e-03  1.00000e-06  6.02007e-02  1.36717e-04 -5.03849e-01 2.22507e-308  4.27008e-02 #[2022-01-18 17:41:32.283243]
   8.34100e+03  8.34100e-03  1.00000e-06  6.02890e-02  1.36917e-04 -5.03853e-01 2.22507e-308  4.27598e-02 #[2022-01-18 17:41:32.289132]
   8.36100e+03  8.36100e-03  1.00000e-06  6.03777e-02  1.37119e-04 -5.03857e-01 2.22507e-308  4.28190e-02 #[2022-01-18 17:41:32.295024]
   8.38100e+03  8.38100e-03  1.00000e-06  6.04667e-02  1.37321e-04 -5.03861e-01 2.22507e-308  4.28783e-02 #[2022-01-18 17:41:32.302091]
   8.40100e+03  8.40100e-03  1.00000e-06  6.05560e-02  1.37524e-04 -5.03865e-01 2.22507e-308  4.29377e-02 #[2022-01-18 17:41:32.307983]
   8.42100e+03  8.42100e-03  1.00000e-06  6.06457e-02  1.37727e-04 -5.03869e-01 2.22507e-308  4.29973e-02 #[2022-01-18 17:41:32.314581]
   8.44100e+03  8.44100e-03  1.00000e-06  6.07356e-02  1.37932e-04 -5.03873e-01 2.22507e-308  4.30571e-02 #[2022-01-18 17:41:32.320980]
   8.46100e+03  8.46100e-03  1.00000e-06  6.08260e-02  1.38137e-04 -5.03877e-01 2.22507e-308  4.31170e-02 #[2022-01-18 17:41:32.326869]
   8.48100e+03  8.48100e-03  1.00000e-06  6.09166e-02  1.38343e-04 -5.03881e-01 2.22507e-308  4.31770e-02 #[2022-01-18 17:41:32.334032]
   8.50100e+03  8.50100e-03  1.00000e-06  6.10076e-02  1.38549e-04 -5.03886e-01 2.22507e-308  4.32372e-02 #[2022-01-18 17:41:32.339916]
   8.52100e+03  8.52100e-03  1.00000e-06  6.10989e-02  1.38757e-04 -5.03890e-01 2.22507e-308  4.32975e-02 #[2022-01-18 17:41:32.345802]
   8.54100e+03  8.54100e-03  1.00000e-06  6.11906e-02  1.38965e-04 -5.03894e-01 2.22507e-308  4.33580e-02 #[2022-01-18 17:41:32.352982]
   8.56100e+03  8.56100e-03  1.00000e-06  6.12826e-02  1.39174e-04 -5.03898e-01 2.22507e-308  4.34186e-02 #[2022-01-18 17:41:32.358883]
   8.58100e+03  8.58100e-03  1.00000e-06  6.13749e-02  1.39383e-04 -5.03902e-01 2.22507e-308  4.34793e-02 #[2022-01-18 17:41:32.365639]
   8.60100e+03  8.60100e-03  1.00000e-06  6.14675e-02  1.39594e-04 -5.03906e-01 2.22507e-308  4.35402e-02 #[2022-01-18 17:41:32.371908]
   8.62100e+03  8.62100e-03  1.00000e-06  6.15604e-02  1.39805e-04 -5.03910e-01 2.22507e-308  4.36013e-02 #[2022-01-18 17:41:32.377806]
   8.64100e+03  8.64100e-03  1.00000e-06  6.16537e-02  1.40017e-04 -5.03914e-01 2.22507e-308  4.36624e-02 #[2022-01-18 17:41:32.384912]
   8.66100e+03  8.66100e-03  1.00000e-06  6.17473e-02  1.40229e-04 -5.03918e-01 2.22507e-308  4.37238e-02 #[2022-01-18 17:41:32.390797]
   8.68100e+03  8.68100e-03  1.00000e-06  6.18412e-02  1.40442e-04 -5.03923e-01 2.22507e-308  4.37852e-02 #[2022-01-18 17:41:32.397448]
   8.70100e+03  8.70100e-03  1.00000e-06  6.19355e-02  1.40656e-04 -5.03927e-01 2.22507e-308  4.38469e-02 #[2022-01-18 17:41:32.403796]
   8.72100e+03  8.72100e-03  1.00000e-06  6.20301e-02  1.40871e-04 -5.03931e-01 2.22507e-308  4.39086e-02 #[2022-01-18 17:41:32.409687]
   8.74100e+03  8.74100e-03  1.00000e-06  6.21249e-02  1.41087e-04 -5.03935e-01 2.22507e-308  4.39705e-02 #[2022-01-18 17:41:32.416994]
   8.76100e+03  8.76100e-03  1.00000e-06  6.22201e-02  1.41303e-04 -5.03939e-01 2.22507e-308  4.40326e-02 #[2022-01-18 17:41:32.422894]
   8.78100e+03  8.78100e-03  1.00000e-06  6.23157e-02  1.41520e-04 -5.03943e-01 2.22507e-308  4.40947e-02 #[2022-01-18 17:41:32.428773]
   8.80100e+03  8.80100e-03  1.00000e-06  6.24115e-02  1.41737e-04 -5.03947e-01 2.22507e-308  4.41571e-02 #[2022-01-18 17:41:32.435919]
   8.82100e+03  8.82100e-03  1.00000e-06  6.25076e-02  1.41956e-04 -5.03952e-01 2.22507e-308  4.42196e-02 #[2022-01-18 17:41:32.441808]
   8.84100e+03  8.84100e-03  1.00000e-06  6.26041e-02  1.42175e-04 -5.03956e-01 2.22507e-308  4.42822e-02 #[2022-01-18 17:41:32.448374]
   8.86100e+03  8.86100e-03  1.00000e-06  6.27009e-02  1.42395e-04 -5.03960e-01 2.22507e-308  4.43450e-02 #[2022-01-18 17:41:32.454805]
   8.88100e+03  8.88100e-03  1.00000e-06  6.27980e-02  1.42615e-04 -5.03964e-01 2.22507e-308  4.44079e-02 #[2022-01-18 17:41:32.460698]
   8.90100e+03  8.90100e-03  1.00000e-06  6.28954e-02  1.42836e-04 -5.03968e-01 2.22507e-308  4.44709e-02 #[2022-01-18 17:41:32.467803]
   8.92100e+03  8.92100e-03  1.00000e-06  6.29931e-02  1.43058e-04 -5.03973e-01 2.22507e-308  4.45341e-02 #[2022-01-18 17:41:32.473697]
   8.94100e+03  8.94100e-03  1.00000e-06  6.30912e-02  1.43281e-04 -5.03977e-01 2.22507e-308  4.45975e-02 #[2022-01-18 17:41:32.480260]
   8.96100e+03  8.96100e-03  1.00000e-06  6.31895e-02  1.43504e-04 -5.03981e-01 2.22507e-308  4.46610e-02 #[2022-01-18 17:41:32.486776]
   8.98100e+03  8.98100e-03  1.00000e-06  6.32882e-02  1.43728e-04 -5.03985e-01 2.22507e-308  4.47246e-02 #[2022-01-18 17:41:32.492661]
#                                                                                                        
#       iter         time           dt        res_c      rel_res        min_c        max_c   grad_c_mag  
#                                                                                                         #[2022-01-18 17:41:32.499721]
   9.00100e+03  9.00100e-03  1.00000e-06  6.33871e-02  1.43953e-04 -5.03990e-01 2.22507e-308  4.47884e-02 #[2022-01-18 17:41:32.499877]
   9.02100e+03  9.02100e-03  1.00000e-06  6.34864e-02  1.44179e-04 -5.03994e-01 2.22507e-308  4.48523e-02 #[2022-01-18 17:41:32.505761]
   9.04100e+03  9.04100e-03  1.00000e-06  6.35860e-02  1.44405e-04 -5.03998e-01 2.22507e-308  4.49164e-02 #[2022-01-18 17:41:32.511652]
   9.06100e+03  9.06100e-03  1.00000e-06  6.36859e-02  1.44632e-04 -5.04002e-01 2.22507e-308  4.49807e-02 #[2022-01-18 17:41:32.518861]
   9.08100e+03  9.08100e-03  1.00000e-06  6.37861e-02  1.44859e-04 -5.04007e-01 2.22507e-308  4.50450e-02 #[2022-01-18 17:41:32.524759]
   9.10100e+03  9.10100e-03  1.00000e-06  6.38866e-02  1.45088e-04 -5.04011e-01 2.22507e-308  4.51096e-02 #[2022-01-18 17:41:32.531330]
   9.12100e+03  9.12100e-03  1.00000e-06  6.39874e-02  1.45316e-04 -5.04015e-01 2.22507e-308  4.51742e-02 #[2022-01-18 17:41:32.537712]
   9.14100e+03  9.14100e-03  1.00000e-06  6.40886e-02  1.45546e-04 -5.04019e-01 2.22507e-308  4.52390e-02 #[2022-01-18 17:41:32.543594]
   9.16100e+03  9.16100e-03  1.00000e-06  6.41900e-02  1.45776e-04 -5.04024e-01 2.22507e-308  4.53040e-02 #[2022-01-18 17:41:32.550865]
   9.18100e+03  9.18100e-03  1.00000e-06  6.42917e-02  1.46007e-04 -5.04028e-01 2.22507e-308  4.53691e-02 #[2022-01-18 17:41:32.556764]
   9.20100e+03  9.20100e-03  1.00000e-06  6.43938e-02  1.46239e-04 -5.04032e-01 2.22507e-308  4.54344e-02 #[2022-01-18 17:41:32.563058]
   9.22100e+03  9.22100e-03  1.00000e-06  6.44961e-02  1.46472e-04 -5.04037e-01 2.22507e-308  4.54998e-02 #[2022-01-18 17:41:32.569736]
   9.24100e+03  9.24100e-03  1.00000e-06  6.45987e-02  1.46705e-04 -5.04041e-01 2.22507e-308  4.55654e-02 #[2022-01-18 17:41:32.575623]
   9.26100e+03  9.26100e-03  1.00000e-06  6.47017e-02  1.46939e-04 -5.04045e-01 2.22507e-308  4.56311e-02 #[2022-01-18 17:41:32.582480]
   9.28100e+03  9.28100e-03  1.00000e-06  6.48049e-02  1.47173e-04 -5.04049e-01 2.22507e-308  4.56969e-02 #[2022-01-18 17:41:32.588740]
   9.30100e+03  9.30100e-03  1.00000e-06  6.49085e-02  1.47408e-04 -5.04054e-01 2.22507e-308  4.57629e-02 #[2022-01-18 17:41:32.594620]
   9.32100e+03  9.32100e-03  1.00000e-06  6.50123e-02  1.47644e-04 -5.04058e-01 2.22507e-308  4.58291e-02 #[2022-01-18 17:41:32.601695]
   9.34100e+03  9.34100e-03  1.00000e-06  6.51165e-02  1.47881e-04 -5.04063e-01 2.22507e-308  4.58954e-02 #[2022-01-18 17:41:32.607587]
   9.36100e+03  9.36100e-03  1.00000e-06  6.52210e-02  1.48118e-04 -5.04067e-01 2.22507e-308  4.59618e-02 #[2022-01-18 17:41:32.614386]
   9.38100e+03  9.38100e-03  1.00000e-06  6.53257e-02  1.48356e-04 -5.04071e-01 2.22507e-308  4.60284e-02 #[2022-01-18 17:41:32.620742]
   9.40100e+03  9.40100e-03  1.00000e-06  6.54308e-02  1.48594e-04 -5.04076e-01 2.22507e-308  4.60952e-02 #[2022-01-18 17:41:32.626632]
   9.42100e+03  9.42100e-03  1.00000e-06  6.55361e-02  1.48834e-04 -5.04080e-01 2.22507e-308  4.61621e-02 #[2022-01-18 17:41:32.633762]
   9.44100e+03  9.44100e-03  1.00000e-06  6.56418e-02  1.49073e-04 -5.04084e-01 2.22507e-308  4.62291e-02 #[2022-01-18 17:41:32.639659]
   9.46100e+03  9.46100e-03  1.00000e-06  6.57477e-02  1.49314e-04 -5.04089e-01 2.22507e-308  4.62963e-02 #[2022-01-18 17:41:32.645548]
   9.48100e+03  9.48100e-03  1.00000e-06  6.58540e-02  1.49555e-04 -5.04093e-01 2.22507e-308  4.63636e-02 #[2022-01-18 17:41:32.652557]
   9.50100e+03  9.50100e-03  1.00000e-06  6.59605e-02  1.49797e-04 -5.04097e-01 2.22507e-308  4.64311e-02 #[2022-01-18 17:41:32.658445]
   9.52100e+03  9.52100e-03  1.00000e-06  6.60674e-02  1.50040e-04 -5.04102e-01 2.22507e-308  4.64988e-02 #[2022-01-18 17:41:32.664958]
   9.54100e+03  9.54100e-03  1.00000e-06  6.61745e-02  1.50283e-04 -5.04106e-01 2.22507e-308  4.65666e-02 #[2022-01-18 17:41:32.671352]
   9.56100e+03  9.56100e-03  1.00000e-06  6.62820e-02  1.50527e-04 -5.04111e-01 2.22507e-308  4.66345e-02 #[2022-01-18 17:41:32.677233]
   9.58100e+03  9.58100e-03  1.00000e-06  6.63897e-02  1.50772e-04 -5.04115e-01 2.22507e-308  4.67026e-02 #[2022-01-18 17:41:32.684265]
   9.60100e+03  9.60100e-03  1.00000e-06  6.64977e-02  1.51017e-04 -5.04120e-01 2.22507e-308  4.67708e-02 #[2022-01-18 17:41:32.690155]
   9.62100e+03  9.62100e-03  1.00000e-06  6.66061e-02  1.51263e-04 -5.04124e-01 2.22507e-308  4.68392e-02 #[2022-01-18 17:41:32.696427]
   9.64100e+03  9.64100e-03  1.00000e-06  6.67147e-02  1.51510e-04 -5.04128e-01 2.22507e-308  4.69078e-02 #[2022-01-18 17:41:32.703180]
   9.66100e+03  9.66100e-03  1.00000e-06  6.68236e-02  1.51757e-04 -5.04133e-01 2.22507e-308  4.69765e-02 #[2022-01-18 17:41:32.709060]
   9.68100e+03  9.68100e-03  1.00000e-06  6.69328e-02  1.52006e-04 -5.04137e-01 2.22507e-308  4.70453e-02 #[2022-01-18 17:41:32.715835]
   9.70100e+03  9.70100e-03  1.00000e-06  6.70423e-02  1.52254e-04 -5.04142e-01 2.22507e-308  4.71143e-02 #[2022-01-18 17:41:32.722104]
   9.72100e+03  9.72100e-03  1.00000e-06  6.71522e-02  1.52504e-04 -5.04146e-01 2.22507e-308  4.71835e-02 #[2022-01-18 17:41:32.727999]
   9.74100e+03  9.74100e-03  1.00000e-06  6.72623e-02  1.52754e-04 -5.04151e-01 2.22507e-308  4.72528e-02 #[2022-01-18 17:41:32.735150]
   9.76100e+03  9.76100e-03  1.00000e-06  6.73727e-02  1.53004e-04 -5.04155e-01 2.22507e-308  4.73222e-02 #[2022-01-18 17:41:32.741033]
   9.78100e+03  9.78100e-03  1.00000e-06  6.74833e-02  1.53256e-04 -5.04160e-01 2.22507e-308  4.73918e-02 #[2022-01-18 17:41:32.747704]
   9.80100e+03  9.80100e-03  1.00000e-06  6.75943e-02  1.53508e-04 -5.04164e-01 2.22507e-308  4.74616e-02 #[2022-01-18 17:41:32.754087]
   9.82100e+03  9.82100e-03  1.00000e-06  6.77056e-02  1.53760e-04 -5.04169e-01 2.22507e-308  4.75315e-02 #[2022-01-18 17:41:32.759976]
   9.84100e+03  9.84100e-03  1.00000e-06  6.78172e-02  1.54014e-04 -5.04173e-01 2.22507e-308  4.76015e-02 #[2022-01-18 17:41:32.767134]
   9.86100e+03  9.86100e-03  1.00000e-06  6.79290e-02  1.54268e-04 -5.04178e-01 2.22507e-308  4.76717e-02 #[2022-01-18 17:41:32.773027]
   9.88100e+03  9.88100e-03  1.00000e-06  6.80412e-02  1.54523e-04 -5.04182e-01 2.22507e-308  4.77421e-02 #[2022-01-18 17:41:32.778922]
   9.90100e+03  9.90100e-03  1.00000e-06  6.81537e-02  1.54778e-04 -5.04187e-01 2.22507e-308  4.78126e-02 #[2022-01-18 17:41:32.786160]
   9.92100e+03  9.92100e-03  1.00000e-06  6.82664e-02  1.55034e-04 -5.04191e-01 2.22507e-308  4.78833e-02 #[2022-01-18 17:41:32.792081]
   9.94100e+03  9.94100e-03  1.00000e-06  6.83794e-02  1.55291e-04 -5.04196e-01 2.22507e-308  4.79541e-02 #[2022-01-18 17:41:32.798981]
   9.96100e+03  9.96100e-03  1.00000e-06  6.84928e-02  1.55548e-04 -5.04200e-01 2.22507e-308  4.80251e-02 #[2022-01-18 17:41:32.805280]
   9.98100e+03  9.98100e-03  1.00000e-06  6.86064e-02  1.55806e-04 -5.04205e-01 2.22507e-308  4.80962e-02 #[2022-01-18 17:41:32.811202]
# [Trace] Timing: Writing VTK file maDGiCart.vts... #[2022-01-18 17:41:32.817985]
# [Trace] Timing: Writing VTK file maDGiCart.vts finished in 0.017595 seconds. #[2022-01-18 17:41:32.835581]
# [Info] +----------------------------------------------------------------------+---------+-----------+------------+
# [Info] | Function                                                             | # calls | Time (s)  | Percentage |
# [Info] +----------------------------------------------------------------------+---------+-----------+------------+
# [Info] | void TimeIntegrator::solve(TimeIntegrableRHS&, InitialConditions&)   | 1       | 3.247e+00 |    100.00% |
# [Info] +----------------------------------------------------------------------+---------+-----------+------------+
# [Info] | virtual void RK3SSP::doTimeStep(TimeIntegrableRHS&, SolutionState&,  | 10000   | 3.182e+00 |     98.00% |
# [Info] | SolutionState&, double, double)                                      |         |           |            |
# [Info] +----------------------------------------------------------------------+---------+-----------+------------+
# [Info] | virtual void CahnHilliard2DFD::evalRHSImpl(const SolutionState&,     | 30000   | 2.865e+00 |     88.22% |
# [Info] | double, SolutionState&)                                              |         |           |            |
# [Info] +----------------------------------------------------------------------+---------+-----------+------------+
# [Info] | void                                                                 | 30000   | 9.257e-01 |     28.51% |
# [Info] | Discretization2DCart::applyPeriodicBoundaryConditions(ManagedArray2- |         |           |            |
# [Info] | D<double>&) const                                                    |         |           |            |
# [Info] +----------------------------------------------------------------------+---------+-----------+------------+
# [Info] | void Observable::notifyObservers(const Event&) const                 | 10000   | 6.266e-02 |      1.93% |
# [Info] +----------------------------------------------------------------------+---------+-----------+------------+
# [Info] | void MemoryManager<BaseType>::copyDeviceToHost(MemoryHandle) [with   | 1       | 4.432e-05 |      0.00% |
# [Info] | BaseType = double]                                                   |         |           |            |
# [Info] +----------------------------------------------------------------------+---------+-----------+------------+
# [Info] | void MemoryManager<BaseType>::copyHostToDevice(MemoryHandle) [with   | 1       | 2.574e-05 |      0.00% |
# [Info] | BaseType = double]                                                   |         |           |            |
# [Info] +----------------------------------------------------------------------+---------+-----------+------------+
# [Info] | void MemoryManager<BaseType>::copyHostToDevice(MemoryHandle) [with   | 1       | 9.789e-06 |      0.00% |
# [Info] | BaseType = int]                                                      |         |           |            |
# [Info] +----------------------------------------------------------------------+---------+-----------+------------+
# [Info] | void Puppeteer::run()                                                | 1       | 0.000e+00 |      0.00% |
# [Info] +----------------------------------------------------------------------+---------+-----------+------------+
# [Info]  #[2022-01-18 17:41:32.836479]
# [Trace] Timing: Starting solver finished in 3.265759 seconds. #[2022-01-18 17:41:32.836516]
