#                                           
#                       ______ _____        
#                       |  _  \  __ \       
#        _ __ ___   __ _| | | | |  \/       
#       | '_ ` _ \ / _` | | | | | __        
#       | | | | | | (_| | |/ /| |_\ \       
#       |_| |_| |_|\__,_|___/  \____/       
#                                           
#     Hostname           borges
#     Username           adegennaro
#     Work directory     /home/adegennaro/Projects/appmath/maDGiCart-CH/scripts/output/run_3
#     Processor model    AMD Ryzen 7 3700X 8-Core Processor
#     GPU model          NVIDIA GeForce GTX 1070 Ti
#     GPUs per node      1
#     OpenMP max threads Not compiled with OpenMP support
#     System time        2022-Jan-18 17:41:32
#     git branch         refs/heads/master
#     git commit hash    ceb47bf85522ced8af0812d2bceeb5f687f407e4
#     C++ compiler       /usr/bin/c++ GNU 9.3.0
#                        
# #[2022-01-18 17:41:32.997262]
# [Info] 
# [Info] # ****** File Options ****** #
# [Info] 
# [Info]                    config_file = 
# [Info]           solution_output_file = 
# [Info]                       log_file = maDGiCart
# [Info]                  log_frequency = 20
# [Info] 
# [Info] # ****** Physics Options ****** #
# [Info] 
# [Info]                  equation_type = cahn-hilliard
# [Info]                              m = 0.367422
# [Info]                           eps2 = 2.12152e-05
# [Info]                          sigma = 295.408
# [Info] 
# [Info] # ****** Discretization Options ****** #
# [Info] 
# [Info]                 domain_x_begin = 0
# [Info]                   domain_x_end = 1
# [Info]              domain_resolution = 128
# [Info]                      dimension = 2
# [Info] 
# [Info] # ****** Time Stepping Options ****** #
# [Info] 
# [Info]                time_integrator = rk3ssp
# [Info]                 time_step_size = 1e-06
# [Info]                   initial_time = 0
# [Info]                     final_time = 1
# [Info]                 max_time_steps = 10000
# [Info]              use_cfl_time_step = false
# [Info]                            cfl = 1
# [Info]         use_adaptive_time_step = false
# [Info]             min_time_step_size = 2.22045e-16
# [Info]             max_time_step_size = 1.79769e+308
# [Info]               time_abs_err_tol = 0.0001
# [Info]               time_rel_err_tol = 0.0001
# [Info]              converged_rel_tol = 0
# [Info]              converged_abs_tol = 0
# [Info] 
# [Info]  #[2022-01-18 17:41:32.997532]
# [Trace] Timing: Starting solver... #[2022-01-18 17:41:33.036236]
# [Info] RNG initial conditions have mean 0.367426, renormalizing. #[2022-01-18 17:41:33.036501]
# [Warning] bad size: 17424 != 16384 #[2022-01-18 17:41:33.036522]
#
# Logger outputs:  #[2022-01-18 17:41:33.047957]
iter time dt res_c rel_res min_c max_c grad_c_mag  #[2022-01-18 17:41:33.047995]
#                                                                                                        
#       iter         time           dt        res_c      rel_res        min_c        max_c   grad_c_mag  
#                                                                                                         #[2022-01-18 17:41:33.048020]
   1.00000e+00  1.00000e-06  1.00000e-06  2.77911e+02  1.00000e+00  3.62336e-01  3.72649e-01  3.18290e-01 #[2022-01-18 17:41:33.048261]
   2.10000e+01  2.10000e-05  1.00000e-06  3.43926e+01  1.23754e-01  3.62030e-01  3.72679e-01  1.83805e-01 #[2022-01-18 17:41:33.053767]
   4.10000e+01  4.10000e-05  1.00000e-06  1.43793e+01  5.17405e-02  3.62006e-01  3.72746e-01  1.61578e-01 #[2022-01-18 17:41:33.059162]
   6.10000e+01  6.10000e-05  1.00000e-06  8.61042e+00  3.09826e-02  3.62018e-01  3.73055e-01  1.55555e-01 #[2022-01-18 17:41:33.065487]
   8.10000e+01  8.10000e-05  1.00000e-06  6.50411e+00  2.34035e-02  3.61954e-01  3.73363e-01  1.55353e-01 #[2022-01-18 17:41:33.071835]
   1.01000e+02  1.01000e-04  1.00000e-06  5.70936e+00  2.05438e-02  3.61831e-01  3.73634e-01  1.58182e-01 #[2022-01-18 17:41:33.077747]
   1.21000e+02  1.21000e-04  1.00000e-06  5.47499e+00  1.97005e-02  3.61666e-01  3.73894e-01  1.62985e-01 #[2022-01-18 17:41:33.085197]
   1.41000e+02  1.41000e-04  1.00000e-06  5.51340e+00  1.98387e-02  3.61468e-01  3.74156e-01  1.69281e-01 #[2022-01-18 17:41:33.091118]
   1.61000e+02  1.61000e-04  1.00000e-06  5.70167e+00  2.05162e-02  3.61194e-01  3.74428e-01  1.76824e-01 #[2022-01-18 17:41:33.097790]
   1.81000e+02  1.81000e-04  1.00000e-06  5.98345e+00  2.15300e-02  3.60806e-01  3.74714e-01  1.85490e-01 #[2022-01-18 17:41:33.104221]
   2.01000e+02  2.01000e-04  1.00000e-06  6.33168e+00  2.27831e-02  3.60380e-01  3.75018e-01  1.95223e-01 #[2022-01-18 17:41:33.110134]
   2.21000e+02  2.21000e-04  1.00000e-06  6.73321e+00  2.42279e-02  3.59919e-01  3.75342e-01  2.06014e-01 #[2022-01-18 17:41:33.117327]
   2.41000e+02  2.41000e-04  1.00000e-06  7.18186e+00  2.58423e-02  3.59419e-01  3.75727e-01  2.17871e-01 #[2022-01-18 17:41:33.123239]
   2.61000e+02  2.61000e-04  1.00000e-06  7.67522e+00  2.76175e-02  3.58881e-01  3.76218e-01  2.30826e-01 #[2022-01-18 17:41:33.129161]
   2.81000e+02  2.81000e-04  1.00000e-06  8.21306e+00  2.95528e-02  3.58302e-01  3.76741e-01  2.44919e-01 #[2022-01-18 17:41:33.136351]
   3.01000e+02  3.01000e-04  1.00000e-06  8.79647e+00  3.16521e-02  3.57679e-01  3.77300e-01  2.60205e-01 #[2022-01-18 17:41:33.142262]
   3.21000e+02  3.21000e-04  1.00000e-06  9.42746e+00  3.39225e-02  3.56967e-01  3.77895e-01  2.76753e-01 #[2022-01-18 17:41:33.149237]
   3.41000e+02  3.41000e-04  1.00000e-06  1.01087e+01  3.63738e-02  3.56194e-01  3.78531e-01  2.94637e-01 #[2022-01-18 17:41:33.155500]
   3.61000e+02  3.61000e-04  1.00000e-06  1.08434e+01  3.90173e-02  3.55364e-01  3.79210e-01  3.13941e-01 #[2022-01-18 17:41:33.161407]
   3.81000e+02  3.81000e-04  1.00000e-06  1.16352e+01  4.18664e-02  3.54472e-01  3.79933e-01  3.34764e-01 #[2022-01-18 17:41:33.168580]
   4.01000e+02  4.01000e-04  1.00000e-06  1.24882e+01  4.49357e-02  3.53514e-01  3.80705e-01  3.57211e-01 #[2022-01-18 17:41:33.174476]
   4.21000e+02  4.21000e-04  1.00000e-06  1.34069e+01  4.82415e-02  3.52483e-01  3.81528e-01  3.81395e-01 #[2022-01-18 17:41:33.181144]
   4.41000e+02  4.41000e-04  1.00000e-06  1.43963e+01  5.18017e-02  3.51374e-01  3.82406e-01  4.07442e-01 #[2022-01-18 17:41:33.187571]
   4.61000e+02  4.61000e-04  1.00000e-06  1.54618e+01  5.56357e-02  3.50179e-01  3.83342e-01  4.35488e-01 #[2022-01-18 17:41:33.193475]
   4.81000e+02  4.81000e-04  1.00000e-06  1.66093e+01  5.97646e-02  3.48892e-01  3.84339e-01  4.65679e-01 #[2022-01-18 17:41:33.200620]
   5.01000e+02  5.01000e-04  1.00000e-06  1.78451e+01  6.42116e-02  3.47505e-01  3.85401e-01  4.98177e-01 #[2022-01-18 17:41:33.206527]
   5.21000e+02  5.21000e-04  1.00000e-06  1.91763e+01  6.90014e-02  3.46008e-01  3.86592e-01  5.33157e-01 #[2022-01-18 17:41:33.212444]
   5.41000e+02  5.41000e-04  1.00000e-06  2.06103e+01  7.41615e-02  3.44393e-01  3.87924e-01  5.70806e-01 #[2022-01-18 17:41:33.219545]
   5.61000e+02  5.61000e-04  1.00000e-06  2.21554e+01  7.97212e-02  3.42648e-01  3.89348e-01  6.11325e-01 #[2022-01-18 17:41:33.225456]
   5.81000e+02  5.81000e-04  1.00000e-06  2.38205e+01  8.57127e-02  3.40761e-01  3.90871e-01  6.54931e-01 #[2022-01-18 17:41:33.232273]
   6.01000e+02  6.01000e-04  1.00000e-06  2.56154e+01  9.21711e-02  3.38721e-01  3.92500e-01  7.01858e-01 #[2022-01-18 17:41:33.238557]
   6.21000e+02  6.21000e-04  1.00000e-06  2.75506e+01  9.91344e-02  3.36512e-01  3.94239e-01  7.52363e-01 #[2022-01-18 17:41:33.244470]
   6.41000e+02  6.41000e-04  1.00000e-06  2.96377e+01  1.06644e-01  3.34118e-01  3.96097e-01  8.06724e-01 #[2022-01-18 17:41:33.251664]
   6.61000e+02  6.61000e-04  1.00000e-06  3.18895e+01  1.14747e-01  3.31522e-01  3.98079e-01  8.65239e-01 #[2022-01-18 17:41:33.257565]
   6.81000e+02  6.81000e-04  1.00000e-06  3.43198e+01  1.23492e-01  3.28702e-01  4.00194e-01  9.28231e-01 #[2022-01-18 17:41:33.264258]
   7.01000e+02  7.01000e-04  1.00000e-06  3.69439e+01  1.32934e-01  3.25638e-01  4.02448e-01  9.96045e-01 #[2022-01-18 17:41:33.270656]
   7.21000e+02  7.21000e-04  1.00000e-06  3.97788e+01  1.43135e-01  3.22303e-01  4.04885e-01  1.06906e+00 #[2022-01-18 17:41:33.276556]
   7.41000e+02  7.41000e-04  1.00000e-06  4.28432e+01  1.54161e-01  3.18669e-01  4.07499e-01  1.14768e+00 #[2022-01-18 17:41:33.283715]
   7.61000e+02  7.61000e-04  1.00000e-06  4.61577e+01  1.66088e-01  3.14704e-01  4.10275e-01  1.23236e+00 #[2022-01-18 17:41:33.289623]
   7.81000e+02  7.81000e-04  1.00000e-06  4.97454e+01  1.78997e-01  3.10372e-01  4.13223e-01  1.32358e+00 #[2022-01-18 17:41:33.295535]
   8.01000e+02  8.01000e-04  1.00000e-06  5.36324e+01  1.92984e-01  3.05629e-01  4.16350e-01  1.42186e+00 #[2022-01-18 17:41:33.302698]
   8.21000e+02  8.21000e-04  1.00000e-06  5.78477e+01  2.08151e-01  3.00429e-01  4.19664e-01  1.52778e+00 #[2022-01-18 17:41:33.308603]
   8.41000e+02  8.41000e-04  1.00000e-06  6.24241e+01  2.24619e-01  2.94716e-01  4.23173e-01  1.64196e+00 #[2022-01-18 17:41:33.315358]
   8.61000e+02  8.61000e-04  1.00000e-06  6.73993e+01  2.42521e-01  2.88427e-01  4.26884e-01  1.76507e+00 #[2022-01-18 17:41:33.321688]
   8.81000e+02  8.81000e-04  1.00000e-06  7.28159e+01  2.62011e-01  2.81487e-01  4.30805e-01  1.89788e+00 #[2022-01-18 17:41:33.327672]
   9.01000e+02  9.01000e-04  1.00000e-06  7.87235e+01  2.83268e-01  2.73810e-01  4.34945e-01  2.04119e+00 #[2022-01-18 17:41:33.335128]
   9.21000e+02  9.21000e-04  1.00000e-06  8.51793e+01  3.06498e-01  2.65294e-01  4.39311e-01  2.19591e+00 #[2022-01-18 17:41:33.341035]
   9.41000e+02  9.41000e-04  1.00000e-06  9.22502e+01  3.31941e-01  2.55767e-01  4.43910e-01  2.36302e+00 #[2022-01-18 17:41:33.347792]
   9.61000e+02  9.61000e-04  1.00000e-06  1.00015e+02  3.59881e-01  2.44649e-01  4.48750e-01  2.54364e+00 #[2022-01-18 17:41:33.354250]
   9.81000e+02  9.81000e-04  1.00000e-06  1.08567e+02  3.90655e-01  2.32155e-01  4.53839e-01  2.73898e+00 #[2022-01-18 17:41:33.360272]
#                                                                                                        
#       iter         time           dt        res_c      rel_res        min_c        max_c   grad_c_mag  
#                                                                                                         #[2022-01-18 17:41:33.367488]
   1.00100e+03  1.00100e-03  1.00000e-06  1.18020e+02  4.24666e-01  2.18057e-01  4.59183e-01  2.95042e+00 #[2022-01-18 17:41:33.367651]
   1.02100e+03  1.02100e-03  1.00000e-06  1.28507e+02  4.62401e-01  2.02082e-01  4.64792e-01  3.17947e+00 #[2022-01-18 17:41:33.373563]
   1.04100e+03  1.04100e-03  1.00000e-06  1.40193e+02  5.04453e-01  1.83896e-01  4.70672e-01  3.42788e+00 #[2022-01-18 17:41:33.379903]
   1.06100e+03  1.06100e-03  1.00000e-06  1.53281e+02  5.51546e-01  1.63093e-01  4.76832e-01  3.69761e+00 #[2022-01-18 17:41:33.387032]
   1.08100e+03  1.08100e-03  1.00000e-06  1.68019e+02  6.04578e-01  1.39183e-01  4.83281e-01  3.99087e+00 #[2022-01-18 17:41:33.392958]
   1.10100e+03  1.10100e-03  1.00000e-06  1.84716e+02  6.64657e-01  1.11573e-01  4.90029e-01  4.31025e+00 #[2022-01-18 17:41:33.399378]
   1.12100e+03  1.12100e-03  1.00000e-06  2.03753e+02  7.33159e-01  7.95631e-02  4.97087e-01  4.65868e+00 #[2022-01-18 17:41:33.405297]
   1.14100e+03  1.14100e-03  1.00000e-06  2.25603e+02  8.11781e-01  4.23563e-02  5.04470e-01  5.03963e+00 #[2022-01-18 17:41:33.411208]
   1.16100e+03  1.16100e-03  1.00000e-06  2.50840e+02  9.02590e-01 -8.94095e-04  5.12195e-01  5.45711e+00 #[2022-01-18 17:41:33.418360]
   1.18100e+03  1.18100e-03  1.00000e-06  2.80144e+02  1.00000e+00 -5.09637e-02  5.20283e-01  5.91586e+00 #[2022-01-18 17:41:33.423785]
   1.20100e+03  1.20100e-03  1.00000e-06  3.14283e+02  1.00000e+00 -1.08326e-01  5.30012e-01  6.42148e+00 #[2022-01-18 17:41:33.429204]
   1.22100e+03  1.22100e-03  1.00000e-06  3.54054e+02  1.00000e+00 -1.72800e-01  5.41032e-01  6.98052e+00 #[2022-01-18 17:41:33.436341]
   1.24100e+03  1.24100e-03  1.00000e-06  4.00181e+02  1.00000e+00 -2.43167e-01  5.52916e-01  7.60067e+00 #[2022-01-18 17:41:33.442261]
   1.26100e+03  1.26100e-03  1.00000e-06  4.53177e+02  1.00000e+00 -3.17020e-01  5.65786e-01  8.29080e+00 #[2022-01-18 17:41:33.449410]
   1.28100e+03  1.28100e-03  1.00000e-06  5.13192e+02  1.00000e+00 -3.91141e-01  5.79774e-01  9.06095e+00 #[2022-01-18 17:41:33.455817]
   1.30100e+03  1.30100e-03  1.00000e-06  5.79891e+02  1.00000e+00 -4.62358e-01  5.95007e-01  9.92207e+00 #[2022-01-18 17:41:33.461850]
   1.32100e+03  1.32100e-03  1.00000e-06  6.52366e+02  1.00000e+00 -5.28379e-01  6.11567e-01  1.08857e+01 #[2022-01-18 17:41:33.469303]
   1.34100e+03  1.34100e-03  1.00000e-06  7.29135e+02  1.00000e+00 -5.88105e-01  6.29444e-01  1.19628e+01 #[2022-01-18 17:41:33.475256]
   1.36100e+03  1.36100e-03  1.00000e-06  8.08258e+02  1.00000e+00 -6.41428e-01  6.50101e-01  1.31633e+01 #[2022-01-18 17:41:33.482482]
   1.38100e+03  1.38100e-03  1.00000e-06  8.87555e+02  1.00000e+00 -6.88810e-01  6.71259e-01  1.44949e+01 #[2022-01-18 17:41:33.489210]
   1.40100e+03  1.40100e-03  1.00000e-06  9.64918e+02  1.00000e+00 -7.30891e-01  6.91769e-01  1.59611e+01 #[2022-01-18 17:41:33.495555]
   1.42100e+03  1.42100e-03  1.00000e-06  1.03859e+03  1.00000e+00 -7.68205e-01  7.11015e-01  1.75616e+01 #[2022-01-18 17:41:33.502794]
   1.44100e+03  1.44100e-03  1.00000e-06  1.10710e+03  1.00000e+00 -8.01041e-01  7.28683e-01  1.92907e+01 #[2022-01-18 17:41:33.508730]
   1.46100e+03  1.46100e-03  1.00000e-06  1.16885e+03  1.00000e+00 -8.29485e-01  7.46071e-01  2.11377e+01 #[2022-01-18 17:41:33.515787]
   1.48100e+03  1.48100e-03  1.00000e-06  1.22189e+03  1.00000e+00 -8.53566e-01  7.62646e-01  2.30864e+01 #[2022-01-18 17:41:33.522122]
   1.50100e+03  1.50100e-03  1.00000e-06  1.26429e+03  1.00000e+00 -8.73436e-01  7.77493e-01  2.51160e+01 #[2022-01-18 17:41:33.528099]
   1.52100e+03  1.52100e-03  1.00000e-06  1.29483e+03  1.00000e+00 -8.89453e-01  7.90504e-01  2.72017e+01 #[2022-01-18 17:41:33.535700]
   1.54100e+03  1.54100e-03  1.00000e-06  1.31311e+03  1.00000e+00 -9.02150e-01  8.01663e-01  2.93155e+01 #[2022-01-18 17:41:33.542131]
   1.56100e+03  1.56100e-03  1.00000e-06  1.31916e+03  1.00000e+00 -9.13451e-01  8.11030e-01  3.14279e+01 #[2022-01-18 17:41:33.549557]
   1.58100e+03  1.58100e-03  1.00000e-06  1.31285e+03  9.95218e-01 -9.23791e-01  8.21386e-01  3.35099e+01 #[2022-01-18 17:41:33.555710]
   1.60100e+03  1.60100e-03  1.00000e-06  1.29399e+03  9.80923e-01 -9.32008e-01  8.31393e-01  3.55350e+01 #[2022-01-18 17:41:33.561794]
   1.62100e+03  1.62100e-03  1.00000e-06  1.26261e+03  9.57134e-01 -9.38571e-01  8.41566e-01  3.74795e+01 #[2022-01-18 17:41:33.569338]
   1.64100e+03  1.64100e-03  1.00000e-06  1.21917e+03  9.24200e-01 -9.43867e-01  8.51623e-01  3.93219e+01 #[2022-01-18 17:41:33.575321]
   1.66100e+03  1.66100e-03  1.00000e-06  1.16478e+03  8.82973e-01 -9.48203e-01  8.61209e-01  4.10449e+01 #[2022-01-18 17:41:33.582140]
   1.68100e+03  1.68100e-03  1.00000e-06  1.10141e+03  8.34932e-01 -9.51804e-01  8.69556e-01  4.26337e+01 #[2022-01-18 17:41:33.588469]
   1.70100e+03  1.70100e-03  1.00000e-06  1.03177e+03  7.82141e-01 -9.54831e-01  8.76819e-01  4.40796e+01 #[2022-01-18 17:41:33.594416]
   1.72100e+03  1.72100e-03  1.00000e-06  9.59137e+02  7.27082e-01 -9.57402e-01  8.83119e-01  4.53780e+01 #[2022-01-18 17:41:33.601636]
   1.74100e+03  1.74100e-03  1.00000e-06  8.86939e+02  6.72352e-01 -9.59600e-01  8.88549e-01  4.65282e+01 #[2022-01-18 17:41:33.607523]
   1.76100e+03  1.76100e-03  1.00000e-06  8.18183e+02  6.20230e-01 -9.61487e-01  8.93186e-01  4.75351e+01 #[2022-01-18 17:41:33.614143]
   1.78100e+03  1.78100e-03  1.00000e-06  7.55023e+02  5.72352e-01 -9.63111e-01  8.97096e-01  4.84076e+01 #[2022-01-18 17:41:33.620497]
   1.80100e+03  1.80100e-03  1.00000e-06  6.98722e+02  5.29673e-01 -9.64508e-01  9.00344e-01  4.91551e+01 #[2022-01-18 17:41:33.626380]
   1.82100e+03  1.82100e-03  1.00000e-06  6.49772e+02  4.92565e-01 -9.66027e-01  9.02990e-01  4.97891e+01 #[2022-01-18 17:41:33.633542]
   1.84100e+03  1.84100e-03  1.00000e-06  6.08018e+02  4.60914e-01 -9.68254e-01  9.05093e-01  5.03226e+01 #[2022-01-18 17:41:33.639449]
   1.86100e+03  1.86100e-03  1.00000e-06  5.72900e+02  4.34292e-01 -9.70168e-01  9.06701e-01  5.07685e+01 #[2022-01-18 17:41:33.645360]
   1.88100e+03  1.88100e-03  1.00000e-06  5.43743e+02  4.12189e-01 -9.71700e-01  9.07859e-01  5.11398e+01 #[2022-01-18 17:41:33.652488]
   1.90100e+03  1.90100e-03  1.00000e-06  5.19901e+02  3.94115e-01 -9.73152e-01  9.10655e-01  5.14474e+01 #[2022-01-18 17:41:33.658373]
   1.92100e+03  1.92100e-03  1.00000e-06  5.00825e+02  3.79655e-01 -9.74452e-01  9.14159e-01  5.17016e+01 #[2022-01-18 17:41:33.664951]
   1.94100e+03  1.94100e-03  1.00000e-06  4.86076e+02  3.68474e-01 -9.75613e-01  9.16677e-01  5.19108e+01 #[2022-01-18 17:41:33.671380]
   1.96100e+03  1.96100e-03  1.00000e-06  4.74887e+02  3.59992e-01 -9.76655e-01  9.18139e-01  5.20829e+01 #[2022-01-18 17:41:33.677276]
   1.98100e+03  1.98100e-03  1.00000e-06  4.65660e+02  3.52997e-01 -9.77597e-01  9.18587e-01  5.22255e+01 #[2022-01-18 17:41:33.684375]
#                                                                                                        
#       iter         time           dt        res_c      rel_res        min_c        max_c   grad_c_mag  
#                                                                                                         #[2022-01-18 17:41:33.690257]
   2.00100e+03  2.00100e-03  1.00000e-06  4.56568e+02  3.46106e-01 -9.79108e-01  9.18162e-01  5.23434e+01 #[2022-01-18 17:41:33.690413]
   2.02100e+03  2.02100e-03  1.00000e-06  4.46986e+02  3.38842e-01 -9.80815e-01  9.18063e-01  5.24410e+01 #[2022-01-18 17:41:33.697138]
   2.04100e+03  2.04100e-03  1.00000e-06  4.37589e+02  3.31718e-01 -9.82276e-01  9.19309e-01  5.25224e+01 #[2022-01-18 17:41:33.703456]
   2.06100e+03  2.06100e-03  1.00000e-06  4.29072e+02  3.25262e-01 -9.83524e-01  9.20137e-01  5.25904e+01 #[2022-01-18 17:41:33.709339]
   2.08100e+03  2.08100e-03  1.00000e-06  4.21583e+02  3.19584e-01 -9.84586e-01  9.20652e-01  5.26473e+01 #[2022-01-18 17:41:33.716377]
   2.10100e+03  2.10100e-03  1.00000e-06  4.14798e+02  3.14441e-01 -9.85491e-01  9.20937e-01  5.26952e+01 #[2022-01-18 17:41:33.722265]
   2.12100e+03  2.12100e-03  1.00000e-06  4.07880e+02  3.09197e-01 -9.86268e-01  9.21054e-01  5.27363e+01 #[2022-01-18 17:41:33.728168]
   2.14100e+03  2.14100e-03  1.00000e-06  4.00323e+02  3.03468e-01 -9.86948e-01  9.21042e-01  5.27728e+01 #[2022-01-18 17:41:33.735217]
   2.16100e+03  2.16100e-03  1.00000e-06  3.92414e+02  2.97473e-01 -9.87562e-01  9.20919e-01  5.28067e+01 #[2022-01-18 17:41:33.741100]
   2.18100e+03  2.18100e-03  1.00000e-06  3.84256e+02  2.91288e-01 -9.88143e-01  9.20693e-01  5.28399e+01 #[2022-01-18 17:41:33.747764]
   2.20100e+03  2.20100e-03  1.00000e-06  3.75687e+02  2.84793e-01 -9.88716e-01  9.21272e-01  5.28723e+01 #[2022-01-18 17:41:33.754139]
   2.22100e+03  2.22100e-03  1.00000e-06  3.66675e+02  2.77961e-01 -9.89300e-01  9.22367e-01  5.29034e+01 #[2022-01-18 17:41:33.760046]
   2.24100e+03  2.24100e-03  1.00000e-06  3.57067e+02  2.70678e-01 -9.89905e-01  9.23213e-01  5.29331e+01 #[2022-01-18 17:41:33.767101]
   2.26100e+03  2.26100e-03  1.00000e-06  3.46606e+02  2.62748e-01 -9.90528e-01  9.23773e-01  5.29619e+01 #[2022-01-18 17:41:33.772981]
   2.28100e+03  2.28100e-03  1.00000e-06  3.35440e+02  2.54283e-01 -9.91163e-01  9.24021e-01  5.29897e+01 #[2022-01-18 17:41:33.778900]
   2.30100e+03  2.30100e-03  1.00000e-06  3.24061e+02  2.45657e-01 -9.91799e-01  9.23938e-01  5.30166e+01 #[2022-01-18 17:41:33.786044]
   2.32100e+03  2.32100e-03  1.00000e-06  3.12931e+02  2.37220e-01 -9.92425e-01  9.23522e-01  5.30425e+01 #[2022-01-18 17:41:33.791931]
   2.34100e+03  2.34100e-03  1.00000e-06  3.02497e+02  2.29310e-01 -9.93029e-01  9.22783e-01  5.30671e+01 #[2022-01-18 17:41:33.798560]
   2.36100e+03  2.36100e-03  1.00000e-06  2.93326e+02  2.22358e-01 -9.93604e-01  9.22896e-01  5.30899e+01 #[2022-01-18 17:41:33.804908]
   2.38100e+03  2.38100e-03  1.00000e-06  2.85880e+02  2.16713e-01 -9.94145e-01  9.23693e-01  5.31108e+01 #[2022-01-18 17:41:33.810801]
   2.40100e+03  2.40100e-03  1.00000e-06  2.80219e+02  2.12422e-01 -9.94649e-01  9.24474e-01  5.31292e+01 #[2022-01-18 17:41:33.817933]
   2.42100e+03  2.42100e-03  1.00000e-06  2.76056e+02  2.09266e-01 -9.95115e-01  9.25230e-01  5.31443e+01 #[2022-01-18 17:41:33.823829]
   2.44100e+03  2.44100e-03  1.00000e-06  2.73005e+02  2.06954e-01 -9.95544e-01  9.25943e-01  5.31559e+01 #[2022-01-18 17:41:33.830547]
   2.46100e+03  2.46100e-03  1.00000e-06  2.70783e+02  2.05270e-01 -9.95937e-01  9.26588e-01  5.31637e+01 #[2022-01-18 17:41:33.836883]
   2.48100e+03  2.48100e-03  1.00000e-06  2.69282e+02  2.04131e-01 -9.96296e-01  9.27137e-01  5.31676e+01 #[2022-01-18 17:41:33.842776]
   2.50100e+03  2.50100e-03  1.00000e-06  2.68516e+02  2.03551e-01 -9.96622e-01  9.27563e-01  5.31675e+01 #[2022-01-18 17:41:33.850013]
   2.52100e+03  2.52100e-03  1.00000e-06  2.68495e+02  2.03535e-01 -9.96918e-01  9.28505e-01  5.31635e+01 #[2022-01-18 17:41:33.855905]
   2.54100e+03  2.54100e-03  1.00000e-06  2.69091e+02  2.03987e-01 -9.97186e-01  9.29371e-01  5.31556e+01 #[2022-01-18 17:41:33.861836]
   2.56100e+03  2.56100e-03  1.00000e-06  2.69932e+02  2.04624e-01 -9.97429e-01  9.30125e-01  5.31443e+01 #[2022-01-18 17:41:33.868956]
   2.58100e+03  2.58100e-03  1.00000e-06  2.70332e+02  2.04928e-01 -9.97650e-01  9.30768e-01  5.31296e+01 #[2022-01-18 17:41:33.874862]
   2.60100e+03  2.60100e-03  1.00000e-06  2.69648e+02  2.04409e-01 -9.97852e-01  9.31307e-01  5.31121e+01 #[2022-01-18 17:41:33.881631]
   2.62100e+03  2.62100e-03  1.00000e-06  2.68054e+02  2.03200e-01 -9.98037e-01  9.31752e-01  5.30924e+01 #[2022-01-18 17:41:33.888089]
   2.64100e+03  2.64100e-03  1.00000e-06  2.66516e+02  2.02035e-01 -9.98207e-01  9.32114e-01  5.30710e+01 #[2022-01-18 17:41:33.894017]
   2.66100e+03  2.66100e-03  1.00000e-06  2.65900e+02  2.01568e-01 -9.98363e-01  9.32401e-01  5.30479e+01 #[2022-01-18 17:41:33.901133]
   2.68100e+03  2.68100e-03  1.00000e-06  2.66721e+02  2.02190e-01 -9.98505e-01  9.32619e-01  5.30233e+01 #[2022-01-18 17:41:33.907032]
   2.70100e+03  2.70100e-03  1.00000e-06  2.69399e+02  2.04220e-01 -9.98634e-01  9.32772e-01  5.29969e+01 #[2022-01-18 17:41:33.913891]
   2.72100e+03  2.72100e-03  1.00000e-06  2.74032e+02  2.07733e-01 -9.98748e-01  9.32860e-01  5.29683e+01 #[2022-01-18 17:41:33.920258]
   2.74100e+03  2.74100e-03  1.00000e-06  2.79907e+02  2.12186e-01 -9.98849e-01  9.32883e-01  5.29372e+01 #[2022-01-18 17:41:33.926146]
   2.76100e+03  2.76100e-03  1.00000e-06  2.85522e+02  2.16442e-01 -9.98937e-01  9.32836e-01  5.29040e+01 #[2022-01-18 17:41:33.933387]
   2.78100e+03  2.78100e-03  1.00000e-06  2.89233e+02  2.19256e-01 -9.99011e-01  9.32715e-01  5.28694e+01 #[2022-01-18 17:41:33.939284]
   2.80100e+03  2.80100e-03  1.00000e-06  2.89899e+02  2.19760e-01 -9.99073e-01  9.32513e-01  5.28338e+01 #[2022-01-18 17:41:33.945196]
   2.82100e+03  2.82100e-03  1.00000e-06  2.87561e+02  2.17988e-01 -9.99124e-01  9.32222e-01  5.27983e+01 #[2022-01-18 17:41:33.952269]
   2.84100e+03  2.84100e-03  1.00000e-06  2.83836e+02  2.15164e-01 -9.99162e-01  9.31835e-01  5.27637e+01 #[2022-01-18 17:41:33.958164]
   2.86100e+03  2.86100e-03  1.00000e-06  2.81008e+02  2.13021e-01 -9.99187e-01  9.31346e-01  5.27304e+01 #[2022-01-18 17:41:33.964779]
   2.88100e+03  2.88100e-03  1.00000e-06  2.80573e+02  2.12691e-01 -9.99199e-01  9.30774e-01  5.26982e+01 #[2022-01-18 17:41:33.971236]
   2.90100e+03  2.90100e-03  1.00000e-06  2.82788e+02  2.14370e-01 -9.99195e-01  9.31054e-01  5.26663e+01 #[2022-01-18 17:41:33.977152]
   2.92100e+03  2.92100e-03  1.00000e-06  2.87023e+02  2.17580e-01 -9.99176e-01  9.33727e-01  5.26339e+01 #[2022-01-18 17:41:33.984412]
   2.94100e+03  2.94100e-03  1.00000e-06  2.92071e+02  2.21407e-01 -9.99140e-01  9.36430e-01  5.26001e+01 #[2022-01-18 17:41:33.990311]
   2.96100e+03  2.96100e-03  1.00000e-06  2.96552e+02  2.24804e-01 -9.99087e-01  9.39089e-01  5.25647e+01 #[2022-01-18 17:41:33.997115]
   2.98100e+03  2.98100e-03  1.00000e-06  2.99738e+02  2.27219e-01 -9.99017e-01  9.41622e-01  5.25282e+01 #[2022-01-18 17:41:34.003459]
#                                                                                                        
#       iter         time           dt        res_c      rel_res        min_c        max_c   grad_c_mag  
#                                                                                                         #[2022-01-18 17:41:34.009353]
   3.00100e+03  3.00100e-03  1.00000e-06  3.01887e+02  2.28848e-01 -9.98931e-01  9.43957e-01  5.24915e+01 #[2022-01-18 17:41:34.009510]
   3.02100e+03  3.02100e-03  1.00000e-06  3.03034e+02  2.29717e-01 -9.98828e-01  9.46041e-01  5.24558e+01 #[2022-01-18 17:41:34.016746]
   3.04100e+03  3.04100e-03  1.00000e-06  3.01662e+02  2.28678e-01 -9.98710e-01  9.47837e-01  5.24227e+01 #[2022-01-18 17:41:34.022640]
   3.06100e+03  3.06100e-03  1.00000e-06  2.95958e+02  2.24353e-01 -9.98577e-01  9.49320e-01  5.23933e+01 #[2022-01-18 17:41:34.028550]
   3.08100e+03  3.08100e-03  1.00000e-06  2.86213e+02  2.16966e-01 -9.98430e-01  9.50469e-01  5.23695e+01 #[2022-01-18 17:41:34.035641]
   3.10100e+03  3.10100e-03  1.00000e-06  2.74567e+02  2.08138e-01 -9.98268e-01  9.51278e-01  5.23529e+01 #[2022-01-18 17:41:34.041539]
   3.12100e+03  3.12100e-03  1.00000e-06  2.62879e+02  1.99278e-01 -9.98093e-01  9.51760e-01  5.23427e+01 #[2022-01-18 17:41:34.048111]
   3.14100e+03  3.14100e-03  1.00000e-06  2.51602e+02  1.90729e-01 -9.98120e-01  9.51951e-01  5.23383e+01 #[2022-01-18 17:41:34.054572]
   3.16100e+03  3.16100e-03  1.00000e-06  2.40610e+02  1.82396e-01 -9.98380e-01  9.51902e-01  5.23388e+01 #[2022-01-18 17:41:34.060505]
   3.18100e+03  3.18100e-03  1.00000e-06  2.30444e+02  1.74690e-01 -9.98634e-01  9.51670e-01  5.23424e+01 #[2022-01-18 17:41:34.067812]
   3.20100e+03  3.20100e-03  1.00000e-06  2.22071e+02  1.68343e-01 -9.98881e-01  9.51308e-01  5.23474e+01 #[2022-01-18 17:41:34.073710]
   3.22100e+03  3.22100e-03  1.00000e-06  2.16015e+02  1.63752e-01 -9.99121e-01  9.50852e-01  5.23525e+01 #[2022-01-18 17:41:34.080447]
   3.24100e+03  3.24100e-03  1.00000e-06  2.12076e+02  1.60766e-01 -9.99354e-01  9.50332e-01  5.23569e+01 #[2022-01-18 17:41:34.086794]
   3.26100e+03  3.26100e-03  1.00000e-06  2.09479e+02  1.58797e-01 -9.99581e-01  9.49763e-01  5.23599e+01 #[2022-01-18 17:41:34.092674]
   3.28100e+03  3.28100e-03  1.00000e-06  2.07364e+02  1.57194e-01 -9.99801e-01  9.49158e-01  5.23614e+01 #[2022-01-18 17:41:34.099857]
   3.30100e+03  3.30100e-03  1.00000e-06  2.05067e+02  1.55453e-01 -1.00001e+00  9.48525e-01  5.23616e+01 #[2022-01-18 17:41:34.105758]
   3.32100e+03  3.32100e-03  1.00000e-06  2.01757e+02  1.52943e-01 -1.00022e+00  9.47867e-01  5.23609e+01 #[2022-01-18 17:41:34.111703]
   3.34100e+03  3.34100e-03  1.00000e-06  1.96679e+02  1.49094e-01 -1.00042e+00  9.47186e-01  5.23597e+01 #[2022-01-18 17:41:34.118933]
   3.36100e+03  3.36100e-03  1.00000e-06  1.90213e+02  1.44193e-01 -1.00061e+00  9.46480e-01  5.23588e+01 #[2022-01-18 17:41:34.124832]
   3.38100e+03  3.38100e-03  1.00000e-06  1.83707e+02  1.39260e-01 -1.00080e+00  9.45747e-01  5.23589e+01 #[2022-01-18 17:41:34.131648]
   3.40100e+03  3.40100e-03  1.00000e-06  1.78239e+02  1.35115e-01 -1.00098e+00  9.44982e-01  5.23588e+01 #[2022-01-18 17:41:34.138107]
   3.42100e+03  3.42100e-03  1.00000e-06  1.74158e+02  1.32022e-01 -1.00115e+00  9.44180e-01  5.23583e+01 #[2022-01-18 17:41:34.144034]
   3.44100e+03  3.44100e-03  1.00000e-06  1.71333e+02  1.29881e-01 -1.00132e+00  9.43340e-01  5.23572e+01 #[2022-01-18 17:41:34.151230]
   3.46100e+03  3.46100e-03  1.00000e-06  1.69448e+02  1.28452e-01 -1.00148e+00  9.42636e-01  5.23552e+01 #[2022-01-18 17:41:34.157125]
   3.48100e+03  3.48100e-03  1.00000e-06  1.68231e+02  1.27529e-01 -1.00163e+00  9.42612e-01  5.23522e+01 #[2022-01-18 17:41:34.163971]
   3.50100e+03  3.50100e-03  1.00000e-06  1.67605e+02  1.27054e-01 -1.00178e+00  9.42572e-01  5.23479e+01 #[2022-01-18 17:41:34.170331]
   3.52100e+03  3.52100e-03  1.00000e-06  1.67683e+02  1.27114e-01 -1.00193e+00  9.42515e-01  5.23425e+01 #[2022-01-18 17:41:34.176225]
   3.54100e+03  3.54100e-03  1.00000e-06  1.68665e+02  1.27858e-01 -1.00206e+00  9.42437e-01  5.23358e+01 #[2022-01-18 17:41:34.183417]
   3.56100e+03  3.56100e-03  1.00000e-06  1.70714e+02  1.29411e-01 -1.00220e+00  9.42331e-01  5.23280e+01 #[2022-01-18 17:41:34.189306]
   3.58100e+03  3.58100e-03  1.00000e-06  1.73798e+02  1.31749e-01 -1.00233e+00  9.42188e-01  5.23188e+01 #[2022-01-18 17:41:34.195263]
   3.60100e+03  3.60100e-03  1.00000e-06  1.77431e+02  1.34503e-01 -1.00245e+00  9.41996e-01  5.23083e+01 #[2022-01-18 17:41:34.202475]
   3.62100e+03  3.62100e-03  1.00000e-06  1.80544e+02  1.36863e-01 -1.00257e+00  9.41743e-01  5.22966e+01 #[2022-01-18 17:41:34.208371]
   3.64100e+03  3.64100e-03  1.00000e-06  1.81969e+02  1.37943e-01 -1.00269e+00  9.41412e-01  5.22839e+01 #[2022-01-18 17:41:34.215099]
   3.66100e+03  3.66100e-03  1.00000e-06  1.81292e+02  1.37430e-01 -1.00280e+00  9.40989e-01  5.22710e+01 #[2022-01-18 17:41:34.221546]
   3.68100e+03  3.68100e-03  1.00000e-06  1.78967e+02  1.35667e-01 -1.00291e+00  9.40552e-01  5.22586e+01 #[2022-01-18 17:41:34.227473]
   3.70100e+03  3.70100e-03  1.00000e-06  1.75921e+02  1.33358e-01 -1.00301e+00  9.40479e-01  5.22474e+01 #[2022-01-18 17:41:34.234684]
   3.72100e+03  3.72100e-03  1.00000e-06  1.73180e+02  1.31281e-01 -1.00312e+00  9.40342e-01  5.22374e+01 #[2022-01-18 17:41:34.240577]
   3.74100e+03  3.74100e-03  1.00000e-06  1.71343e+02  1.29888e-01 -1.00321e+00  9.40138e-01  5.22283e+01 #[2022-01-18 17:41:34.247394]
   3.76100e+03  3.76100e-03  1.00000e-06  1.70470e+02  1.29226e-01 -1.00331e+00  9.39866e-01  5.22198e+01 #[2022-01-18 17:41:34.253764]
   3.78100e+03  3.78100e-03  1.00000e-06  1.70331e+02  1.29121e-01 -1.00340e+00  9.39527e-01  5.22119e+01 #[2022-01-18 17:41:34.259683]
   3.80100e+03  3.80100e-03  1.00000e-06  1.70635e+02  1.29352e-01 -1.00349e+00  9.39128e-01  5.22041e+01 #[2022-01-18 17:41:34.267078]
   3.82100e+03  3.82100e-03  1.00000e-06  1.71180e+02  1.29765e-01 -1.00358e+00  9.38678e-01  5.21963e+01 #[2022-01-18 17:41:34.273332]
   3.84100e+03  3.84100e-03  1.00000e-06  1.71877e+02  1.30293e-01 -1.00367e+00  9.38185e-01  5.21882e+01 #[2022-01-18 17:41:34.279683]
   3.86100e+03  3.86100e-03  1.00000e-06  1.72763e+02  1.30964e-01 -1.00375e+00  9.37663e-01  5.21796e+01 #[2022-01-18 17:41:34.286489]
   3.88100e+03  3.88100e-03  1.00000e-06  1.74055e+02  1.31944e-01 -1.00383e+00  9.37122e-01  5.21704e+01 #[2022-01-18 17:41:34.292377]
   3.90100e+03  3.90100e-03  1.00000e-06  1.76075e+02  1.33475e-01 -1.00391e+00  9.36573e-01  5.21608e+01 #[2022-01-18 17:41:34.299436]
   3.92100e+03  3.92100e-03  1.00000e-06  1.78878e+02  1.35600e-01 -1.00398e+00  9.36024e-01  5.21509e+01 #[2022-01-18 17:41:34.305465]
   3.94100e+03  3.94100e-03  1.00000e-06  1.81762e+02  1.37786e-01 -1.00406e+00  9.35983e-01  5.21412e+01 #[2022-01-18 17:41:34.311348]
   3.96100e+03  3.96100e-03  1.00000e-06  1.83242e+02  1.38908e-01 -1.00413e+00  9.36352e-01  5.21315e+01 #[2022-01-18 17:41:34.318454]
   3.98100e+03  3.98100e-03  1.00000e-06  1.82307e+02  1.38199e-01 -1.00420e+00  9.36689e-01  5.21221e+01 #[2022-01-18 17:41:34.324365]
#                                                                                                        
#       iter         time           dt        res_c      rel_res        min_c        max_c   grad_c_mag  
#                                                                                                         #[2022-01-18 17:41:34.330992]
   4.00100e+03  4.00100e-03  1.00000e-06  1.79514e+02  1.36082e-01 -1.00427e+00  9.36987e-01  5.21133e+01 #[2022-01-18 17:41:34.331153]
   4.02100e+03  4.02100e-03  1.00000e-06  1.76077e+02  1.33476e-01 -1.00434e+00  9.37303e-01  5.21053e+01 #[2022-01-18 17:41:34.337568]
   4.04100e+03  4.04100e-03  1.00000e-06  1.72856e+02  1.31035e-01 -1.00440e+00  9.38515e-01  5.20979e+01 #[2022-01-18 17:41:34.343451]
   4.06100e+03  4.06100e-03  1.00000e-06  1.70201e+02  1.29022e-01 -1.00447e+00  9.39749e-01  5.20910e+01 #[2022-01-18 17:41:34.350689]
   4.08100e+03  4.08100e-03  1.00000e-06  1.67994e+02  1.27350e-01 -1.00453e+00  9.40992e-01  5.20840e+01 #[2022-01-18 17:41:34.356587]
   4.10100e+03  4.10100e-03  1.00000e-06  1.65859e+02  1.25731e-01 -1.00459e+00  9.42199e-01  5.20766e+01 #[2022-01-18 17:41:34.362478]
   4.12100e+03  4.12100e-03  1.00000e-06  1.63583e+02  1.24005e-01 -1.00465e+00  9.43279e-01  5.20687e+01 #[2022-01-18 17:41:34.369614]
   4.14100e+03  4.14100e-03  1.00000e-06  1.61402e+02  1.22352e-01 -1.00471e+00  9.44090e-01  5.20603e+01 #[2022-01-18 17:41:34.375512]
   4.16100e+03  4.16100e-03  1.00000e-06  1.59741e+02  1.21093e-01 -1.00477e+00  9.44464e-01  5.20512e+01 #[2022-01-18 17:41:34.382262]
   4.18100e+03  4.18100e-03  1.00000e-06  1.58830e+02  1.20402e-01 -1.00483e+00  9.44249e-01  5.20414e+01 #[2022-01-18 17:41:34.388529]
   4.20100e+03  4.20100e-03  1.00000e-06  1.58647e+02  1.20263e-01 -1.00488e+00  9.44677e-01  5.20310e+01 #[2022-01-18 17:41:34.394425]
   4.22100e+03  4.22100e-03  1.00000e-06  1.58989e+02  1.20523e-01 -1.00494e+00  9.45191e-01  5.20197e+01 #[2022-01-18 17:41:34.401661]
   4.24100e+03  4.24100e-03  1.00000e-06  1.59554e+02  1.20951e-01 -1.00499e+00  9.45343e-01  5.20077e+01 #[2022-01-18 17:41:34.407551]
   4.26100e+03  4.26100e-03  1.00000e-06  1.60080e+02  1.21350e-01 -1.00504e+00  9.45157e-01  5.19948e+01 #[2022-01-18 17:41:34.414190]
   4.28100e+03  4.28100e-03  1.00000e-06  1.60508e+02  1.21675e-01 -1.00509e+00  9.44682e-01  5.19812e+01 #[2022-01-18 17:41:34.420570]
   4.30100e+03  4.30100e-03  1.00000e-06  1.60940e+02  1.22002e-01 -1.00514e+00  9.43975e-01  5.19667e+01 #[2022-01-18 17:41:34.426464]
   4.32100e+03  4.32100e-03  1.00000e-06  1.61319e+02  1.22289e-01 -1.00519e+00  9.43096e-01  5.19514e+01 #[2022-01-18 17:41:34.433694]
   4.34100e+03  4.34100e-03  1.00000e-06  1.61422e+02  1.22367e-01 -1.00524e+00  9.42095e-01  5.19354e+01 #[2022-01-18 17:41:34.439580]
   4.36100e+03  4.36100e-03  1.00000e-06  1.61549e+02  1.22464e-01 -1.00529e+00  9.41016e-01  5.19189e+01 #[2022-01-18 17:41:34.445469]
   4.38100e+03  4.38100e-03  1.00000e-06  1.62592e+02  1.23254e-01 -1.00533e+00  9.39893e-01  5.19021e+01 #[2022-01-18 17:41:34.452611]
   4.40100e+03  4.40100e-03  1.00000e-06  1.65099e+02  1.25155e-01 -1.00538e+00  9.38795e-01  5.18853e+01 #[2022-01-18 17:41:34.458509]
   4.42100e+03  4.42100e-03  1.00000e-06  1.68718e+02  1.27898e-01 -1.00542e+00  9.38615e-01  5.18684e+01 #[2022-01-18 17:41:34.465262]
   4.44100e+03  4.44100e-03  1.00000e-06  1.72215e+02  1.30549e-01 -1.00547e+00  9.38397e-01  5.18515e+01 #[2022-01-18 17:41:34.471586]
   4.46100e+03  4.46100e-03  1.00000e-06  1.74111e+02  1.31986e-01 -1.00551e+00  9.38202e-01  5.18344e+01 #[2022-01-18 17:41:34.477472]
   4.48100e+03  4.48100e-03  1.00000e-06  1.73849e+02  1.31788e-01 -1.00555e+00  9.38060e-01  5.18178e+01 #[2022-01-18 17:41:34.484748]
   4.50100e+03  4.50100e-03  1.00000e-06  1.71728e+02  1.30180e-01 -1.00559e+00  9.37883e-01  5.18021e+01 #[2022-01-18 17:41:34.490642]
   4.52100e+03  4.52100e-03  1.00000e-06  1.67763e+02  1.27175e-01 -1.00563e+00  9.37672e-01  5.17876e+01 #[2022-01-18 17:41:34.497407]
   4.54100e+03  4.54100e-03  1.00000e-06  1.61953e+02  1.22770e-01 -1.00567e+00  9.37579e-01  5.17749e+01 #[2022-01-18 17:41:34.503794]
   4.56100e+03  4.56100e-03  1.00000e-06  1.55129e+02  1.17597e-01 -1.00571e+00  9.37643e-01  5.17643e+01 #[2022-01-18 17:41:34.509687]
   4.58100e+03  4.58100e-03  1.00000e-06  1.48476e+02  1.12553e-01 -1.00575e+00  9.37621e-01  5.17560e+01 #[2022-01-18 17:41:34.516810]
   4.60100e+03  4.60100e-03  1.00000e-06  1.42621e+02  1.08115e-01 -1.00579e+00  9.37527e-01  5.17500e+01 #[2022-01-18 17:41:34.522687]
   4.62100e+03  4.62100e-03  1.00000e-06  1.37623e+02  1.04327e-01 -1.00582e+00  9.37373e-01  5.17457e+01 #[2022-01-18 17:41:34.528565]
   4.64100e+03  4.64100e-03  1.00000e-06  1.33330e+02  1.01072e-01 -1.00586e+00  9.37311e-01  5.17427e+01 #[2022-01-18 17:41:34.535893]
   4.66100e+03  4.66100e-03  1.00000e-06  1.29571e+02  9.82228e-02 -1.00597e+00  9.37676e-01  5.17404e+01 #[2022-01-18 17:41:34.541781]
   4.68100e+03  4.68100e-03  1.00000e-06  1.26216e+02  9.56788e-02 -1.00625e+00  9.38096e-01  5.17384e+01 #[2022-01-18 17:41:34.548349]
   4.70100e+03  4.70100e-03  1.00000e-06  1.23177e+02  9.33755e-02 -1.00650e+00  9.38581e-01  5.17365e+01 #[2022-01-18 17:41:34.554808]
   4.72100e+03  4.72100e-03  1.00000e-06  1.20420e+02  9.12854e-02 -1.00674e+00  9.39137e-01  5.17344e+01 #[2022-01-18 17:41:34.560691]
   4.74100e+03  4.74100e-03  1.00000e-06  1.17946e+02  8.94100e-02 -1.00695e+00  9.39773e-01  5.17320e+01 #[2022-01-18 17:41:34.567904]
   4.76100e+03  4.76100e-03  1.00000e-06  1.15775e+02  8.77645e-02 -1.00714e+00  9.40492e-01  5.17291e+01 #[2022-01-18 17:41:34.573800]
   4.78100e+03  4.78100e-03  1.00000e-06  1.13924e+02  8.63611e-02 -1.00731e+00  9.41287e-01  5.17258e+01 #[2022-01-18 17:41:34.580373]
   4.80100e+03  4.80100e-03  1.00000e-06  1.12383e+02  8.51931e-02 -1.00746e+00  9.42139e-01  5.17220e+01 #[2022-01-18 17:41:34.586889]
   4.82100e+03  4.82100e-03  1.00000e-06  1.11106e+02  8.42249e-02 -1.00758e+00  9.43008e-01  5.17176e+01 #[2022-01-18 17:41:34.592781]
   4.84100e+03  4.84100e-03  1.00000e-06  1.10003e+02  8.33886e-02 -1.00769e+00  9.43826e-01  5.17127e+01 #[2022-01-18 17:41:34.604637]
   4.86100e+03  4.86100e-03  1.00000e-06  1.08954e+02  8.25937e-02 -1.00777e+00  9.44493e-01  5.17072e+01 #[2022-01-18 17:41:34.610734]
   4.88100e+03  4.88100e-03  1.00000e-06  1.07850e+02  8.17563e-02 -1.00783e+00  9.44887e-01  5.17012e+01 #[2022-01-18 17:41:34.617997]
   4.90100e+03  4.90100e-03  1.00000e-06  1.06643e+02  8.08417e-02 -1.00787e+00  9.44882e-01  5.16946e+01 #[2022-01-18 17:41:34.623922]
   4.92100e+03  4.92100e-03  1.00000e-06  1.05388e+02  7.98900e-02 -1.00789e+00  9.44377e-01  5.16876e+01 #[2022-01-18 17:41:34.630768]
   4.94100e+03  4.94100e-03  1.00000e-06  1.04209e+02  7.89963e-02 -1.00790e+00  9.43326e-01  5.16802e+01 #[2022-01-18 17:41:34.637170]
   4.96100e+03  4.96100e-03  1.00000e-06  1.03237e+02  7.82597e-02 -1.00790e+00  9.41749e-01  5.16723e+01 #[2022-01-18 17:41:34.643088]
   4.98100e+03  4.98100e-03  1.00000e-06  1.02560e+02  7.77462e-02 -1.00789e+00  9.39715e-01  5.16639e+01 #[2022-01-18 17:41:34.650229]
#                                                                                                        
#       iter         time           dt        res_c      rel_res        min_c        max_c   grad_c_mag  
#                                                                                                         #[2022-01-18 17:41:34.656149]
   5.00100e+03  5.00100e-03  1.00000e-06  1.02211e+02  7.74819e-02 -1.00787e+00  9.37327e-01  5.16551e+01 #[2022-01-18 17:41:34.656312]
   5.02100e+03  5.02100e-03  1.00000e-06  1.02190e+02  7.74659e-02 -1.00784e+00  9.36169e-01  5.16459e+01 #[2022-01-18 17:41:34.662224]
   5.04100e+03  5.04100e-03  1.00000e-06  1.02485e+02  7.76895e-02 -1.00780e+00  9.35786e-01  5.16362e+01 #[2022-01-18 17:41:34.669439]
   5.06100e+03  5.06100e-03  1.00000e-06  1.03102e+02  7.81574e-02 -1.00776e+00  9.35252e-01  5.16260e+01 #[2022-01-18 17:41:34.675360]
   5.08100e+03  5.08100e-03  1.00000e-06  1.04093e+02  7.89082e-02 -1.00772e+00  9.34602e-01  5.16154e+01 #[2022-01-18 17:41:34.682056]
   5.10100e+03  5.10100e-03  1.00000e-06  1.05565e+02  8.00245e-02 -1.00767e+00  9.33866e-01  5.16044e+01 #[2022-01-18 17:41:34.688420]
   5.12100e+03  5.12100e-03  1.00000e-06  1.07673e+02  8.16222e-02 -1.00762e+00  9.33537e-01  5.15929e+01 #[2022-01-18 17:41:34.694336]
   5.14100e+03  5.14100e-03  1.00000e-06  1.10574e+02  8.38217e-02 -1.00757e+00  9.33587e-01  5.15808e+01 #[2022-01-18 17:41:34.701521]
   5.16100e+03  5.16100e-03  1.00000e-06  1.14384e+02  8.67095e-02 -1.00752e+00  9.33615e-01  5.15682e+01 #[2022-01-18 17:41:34.707444]
   5.18100e+03  5.18100e-03  1.00000e-06  1.19104e+02  9.02880e-02 -1.00747e+00  9.33613e-01  5.15550e+01 #[2022-01-18 17:41:34.714207]
   5.20100e+03  5.20100e-03  1.00000e-06  1.24512e+02  9.43871e-02 -1.00742e+00  9.33576e-01  5.15411e+01 #[2022-01-18 17:41:34.720618]
   5.22100e+03  5.22100e-03  1.00000e-06  1.29923e+02  9.84895e-02 -1.00737e+00  9.33496e-01  5.15266e+01 #[2022-01-18 17:41:34.726544]
   5.24100e+03  5.24100e-03  1.00000e-06  1.33978e+02  1.01563e-01 -1.00732e+00  9.33368e-01  5.15115e+01 #[2022-01-18 17:41:34.733785]
   5.26100e+03  5.26100e-03  1.00000e-06  1.35102e+02  1.02415e-01 -1.00728e+00  9.33186e-01  5.14968e+01 #[2022-01-18 17:41:34.739718]
   5.28100e+03  5.28100e-03  1.00000e-06  1.32943e+02  1.00778e-01 -1.00736e+00  9.32948e-01  5.14826e+01 #[2022-01-18 17:41:34.745639]
   5.30100e+03  5.30100e-03  1.00000e-06  1.28795e+02  9.76344e-02 -1.00745e+00  9.32652e-01  5.14684e+01 #[2022-01-18 17:41:34.752776]
   5.32100e+03  5.32100e-03  1.00000e-06  1.24247e+02  9.41867e-02 -1.00754e+00  9.32300e-01  5.14546e+01 #[2022-01-18 17:41:34.758686]
   5.34100e+03  5.34100e-03  1.00000e-06  1.20273e+02  9.11736e-02 -1.00762e+00  9.31895e-01  5.14409e+01 #[2022-01-18 17:41:34.765487]
   5.36100e+03  5.36100e-03  1.00000e-06  1.17362e+02  8.89671e-02 -1.00770e+00  9.31442e-01  5.14273e+01 #[2022-01-18 17:41:34.771822]
   5.38100e+03  5.38100e-03  1.00000e-06  1.15753e+02  8.77473e-02 -1.00779e+00  9.30949e-01  5.14134e+01 #[2022-01-18 17:41:34.777724]
   5.40100e+03  5.40100e-03  1.00000e-06  1.15488e+02  8.75464e-02 -1.00787e+00  9.30424e-01  5.13992e+01 #[2022-01-18 17:41:34.784956]
   5.42100e+03  5.42100e-03  1.00000e-06  1.16462e+02  8.82850e-02 -1.00794e+00  9.31018e-01  5.13843e+01 #[2022-01-18 17:41:34.790882]
   5.44100e+03  5.44100e-03  1.00000e-06  1.18517e+02  8.98426e-02 -1.00802e+00  9.32166e-01  5.13687e+01 #[2022-01-18 17:41:34.797528]
   5.46100e+03  5.46100e-03  1.00000e-06  1.21509e+02  9.21107e-02 -1.00809e+00  9.33206e-01  5.13523e+01 #[2022-01-18 17:41:34.803903]
   5.48100e+03  5.48100e-03  1.00000e-06  1.25282e+02  9.49712e-02 -1.00816e+00  9.34154e-01  5.13350e+01 #[2022-01-18 17:41:34.809816]
   5.50100e+03  5.50100e-03  1.00000e-06  1.29492e+02  9.81622e-02 -1.00822e+00  9.35027e-01  5.13168e+01 #[2022-01-18 17:41:34.817064]
   5.52100e+03  5.52100e-03  1.00000e-06  1.33410e+02  1.01132e-01 -1.00828e+00  9.35842e-01  5.12975e+01 #[2022-01-18 17:41:34.822988]
   5.54100e+03  5.54100e-03  1.00000e-06  1.36293e+02  1.03318e-01 -1.00834e+00  9.36615e-01  5.12774e+01 #[2022-01-18 17:41:34.828904]
   5.56100e+03  5.56100e-03  1.00000e-06  1.38370e+02  1.04893e-01 -1.00839e+00  9.37360e-01  5.12566e+01 #[2022-01-18 17:41:34.836039]
   5.58100e+03  5.58100e-03  1.00000e-06  1.40816e+02  1.06747e-01 -1.00844e+00  9.38094e-01  5.12353e+01 #[2022-01-18 17:41:34.841953]
   5.60100e+03  5.60100e-03  1.00000e-06  1.44556e+02  1.09582e-01 -1.00848e+00  9.38830e-01  5.12135e+01 #[2022-01-18 17:41:34.848748]
   5.62100e+03  5.62100e-03  1.00000e-06  1.49685e+02  1.13470e-01 -1.00852e+00  9.39582e-01  5.11914e+01 #[2022-01-18 17:41:34.855091]
   5.64100e+03  5.64100e-03  1.00000e-06  1.55506e+02  1.17883e-01 -1.00855e+00  9.40360e-01  5.11689e+01 #[2022-01-18 17:41:34.861008]
   5.66100e+03  5.66100e-03  1.00000e-06  1.60686e+02  1.21809e-01 -1.00857e+00  9.41170e-01  5.11460e+01 #[2022-01-18 17:41:34.868183]
   5.68100e+03  5.68100e-03  1.00000e-06  1.63806e+02  1.24175e-01 -1.00858e+00  9.42005e-01  5.11230e+01 #[2022-01-18 17:41:34.874114]
   5.70100e+03  5.70100e-03  1.00000e-06  1.64382e+02  1.24611e-01 -1.00858e+00  9.42841e-01  5.11000e+01 #[2022-01-18 17:41:34.880867]
   5.72100e+03  5.72100e-03  1.00000e-06  1.63379e+02  1.23851e-01 -1.00857e+00  9.43629e-01  5.10773e+01 #[2022-01-18 17:41:34.887290]
   5.74100e+03  5.74100e-03  1.00000e-06  1.62299e+02  1.23032e-01 -1.00854e+00  9.44292e-01  5.10553e+01 #[2022-01-18 17:41:34.893206]
   5.76100e+03  5.76100e-03  1.00000e-06  1.62013e+02  1.22815e-01 -1.00850e+00  9.45145e-01  5.10341e+01 #[2022-01-18 17:41:34.900480]
   5.78100e+03  5.78100e-03  1.00000e-06  1.62688e+02  1.23327e-01 -1.00846e+00  9.46152e-01  5.10131e+01 #[2022-01-18 17:41:34.906408]
   5.80100e+03  5.80100e-03  1.00000e-06  1.64116e+02  1.24409e-01 -1.00841e+00  9.46994e-01  5.09922e+01 #[2022-01-18 17:41:34.912326]
   5.82100e+03  5.82100e-03  1.00000e-06  1.65712e+02  1.25619e-01 -1.00836e+00  9.47614e-01  5.09710e+01 #[2022-01-18 17:41:34.919456]
   5.84100e+03  5.84100e-03  1.00000e-06  1.66581e+02  1.26278e-01 -1.00831e+00  9.47974e-01  5.09496e+01 #[2022-01-18 17:41:34.925365]
   5.86100e+03  5.86100e-03  1.00000e-06  1.66370e+02  1.26118e-01 -1.00827e+00  9.48061e-01  5.09279e+01 #[2022-01-18 17:41:34.932245]
   5.88100e+03  5.88100e-03  1.00000e-06  1.65657e+02  1.25578e-01 -1.00823e+00  9.47883e-01  5.09063e+01 #[2022-01-18 17:41:34.938544]
   5.90100e+03  5.90100e-03  1.00000e-06  1.64870e+02  1.24981e-01 -1.00819e+00  9.47470e-01  5.08848e+01 #[2022-01-18 17:41:34.944455]
   5.92100e+03  5.92100e-03  1.00000e-06  1.64065e+02  1.24371e-01 -1.00814e+00  9.46860e-01  5.08633e+01 #[2022-01-18 17:41:34.951728]
   5.94100e+03  5.94100e-03  1.00000e-06  1.63656e+02  1.24061e-01 -1.00809e+00  9.46094e-01  5.08419e+01 #[2022-01-18 17:41:34.957644]
   5.96100e+03  5.96100e-03  1.00000e-06  1.64365e+02  1.24598e-01 -1.00803e+00  9.45912e-01  5.08205e+01 #[2022-01-18 17:41:34.964315]
   5.98100e+03  5.98100e-03  1.00000e-06  1.66702e+02  1.26370e-01 -1.00795e+00  9.46526e-01  5.07989e+01 #[2022-01-18 17:41:34.970733]
#                                                                                                        
#       iter         time           dt        res_c      rel_res        min_c        max_c   grad_c_mag  
#                                                                                                         #[2022-01-18 17:41:34.976641]
   6.00100e+03  6.00100e-03  1.00000e-06  1.70819e+02  1.29491e-01 -1.00786e+00  9.46886e-01  5.07767e+01 #[2022-01-18 17:41:34.976800]
   6.02100e+03  6.02100e-03  1.00000e-06  1.76560e+02  1.33843e-01 -1.00775e+00  9.46977e-01  5.07533e+01 #[2022-01-18 17:41:34.983986]
   6.04100e+03  6.04100e-03  1.00000e-06  1.83352e+02  1.38992e-01 -1.00762e+00  9.46808e-01  5.07286e+01 #[2022-01-18 17:41:34.989913]
   6.06100e+03  6.06100e-03  1.00000e-06  1.90162e+02  1.44154e-01 -1.00765e+00  9.46403e-01  5.07022e+01 #[2022-01-18 17:41:34.995860]
   6.08100e+03  6.08100e-03  1.00000e-06  1.95977e+02  1.48562e-01 -1.00782e+00  9.45795e-01  5.06743e+01 #[2022-01-18 17:41:35.003105]
   6.10100e+03  6.10100e-03  1.00000e-06  2.00271e+02  1.51817e-01 -1.00798e+00  9.45022e-01  5.06451e+01 #[2022-01-18 17:41:35.009022]
   6.12100e+03  6.12100e-03  1.00000e-06  2.02597e+02  1.53580e-01 -1.00813e+00  9.44119e-01  5.06154e+01 #[2022-01-18 17:41:35.015863]
   6.14100e+03  6.14100e-03  1.00000e-06  2.02332e+02  1.53380e-01 -1.00827e+00  9.43118e-01  5.05860e+01 #[2022-01-18 17:41:35.022158]
   6.16100e+03  6.16100e-03  1.00000e-06  1.99224e+02  1.51024e-01 -1.00841e+00  9.43236e-01  5.05578e+01 #[2022-01-18 17:41:35.028093]
   6.18100e+03  6.18100e-03  1.00000e-06  1.93916e+02  1.46999e-01 -1.00855e+00  9.44071e-01  5.05317e+01 #[2022-01-18 17:41:35.035360]
   6.20100e+03  6.20100e-03  1.00000e-06  1.87696e+02  1.42285e-01 -1.00868e+00  9.44601e-01  5.05082e+01 #[2022-01-18 17:41:35.041277]
   6.22100e+03  6.22100e-03  1.00000e-06  1.81615e+02  1.37675e-01 -1.00881e+00  9.44826e-01  5.04874e+01 #[2022-01-18 17:41:35.047936]
   6.24100e+03  6.24100e-03  1.00000e-06  1.76175e+02  1.33551e-01 -1.00893e+00  9.44777e-01  5.04692e+01 #[2022-01-18 17:41:35.054378]
   6.26100e+03  6.26100e-03  1.00000e-06  1.71866e+02  1.30285e-01 -1.00905e+00  9.44504e-01  5.04533e+01 #[2022-01-18 17:41:35.060291]
   6.28100e+03  6.28100e-03  1.00000e-06  1.69012e+02  1.28121e-01 -1.00916e+00  9.44061e-01  5.04390e+01 #[2022-01-18 17:41:35.067474]
   6.30100e+03  6.30100e-03  1.00000e-06  1.67397e+02  1.26897e-01 -1.00928e+00  9.43500e-01  5.04260e+01 #[2022-01-18 17:41:35.073387]
   6.32100e+03  6.32100e-03  1.00000e-06  1.66675e+02  1.26350e-01 -1.00939e+00  9.42869e-01  5.04138e+01 #[2022-01-18 17:41:35.079713]
   6.34100e+03  6.34100e-03  1.00000e-06  1.66762e+02  1.26415e-01 -1.00950e+00  9.42203e-01  5.04020e+01 #[2022-01-18 17:41:35.086556]
   6.36100e+03  6.36100e-03  1.00000e-06  1.67369e+02  1.26876e-01 -1.00961e+00  9.41530e-01  5.03903e+01 #[2022-01-18 17:41:35.092463]
   6.38100e+03  6.38100e-03  1.00000e-06  1.67354e+02  1.26864e-01 -1.00971e+00  9.40872e-01  5.03785e+01 #[2022-01-18 17:41:35.099230]
   6.40100e+03  6.40100e-03  1.00000e-06  1.65134e+02  1.25181e-01 -1.00982e+00  9.40244e-01  5.03668e+01 #[2022-01-18 17:41:35.105489]
   6.42100e+03  6.42100e-03  1.00000e-06  1.60202e+02  1.21443e-01 -1.00992e+00  9.39674e-01  5.03553e+01 #[2022-01-18 17:41:35.111413]
   6.44100e+03  6.44100e-03  1.00000e-06  1.53714e+02  1.16524e-01 -1.01003e+00  9.39153e-01  5.03442e+01 #[2022-01-18 17:41:35.118535]
   6.46100e+03  6.46100e-03  1.00000e-06  1.47289e+02  1.11654e-01 -1.01013e+00  9.38660e-01  5.03337e+01 #[2022-01-18 17:41:35.124450]
   6.48100e+03  6.48100e-03  1.00000e-06  1.41922e+02  1.07585e-01 -1.01023e+00  9.39108e-01  5.03240e+01 #[2022-01-18 17:41:35.131255]
   6.50100e+03  6.50100e-03  1.00000e-06  1.37879e+02  1.04520e-01 -1.01034e+00  9.39853e-01  5.03150e+01 #[2022-01-18 17:41:35.137708]
   6.52100e+03  6.52100e-03  1.00000e-06  1.35011e+02  1.02346e-01 -1.01044e+00  9.40555e-01  5.03068e+01 #[2022-01-18 17:41:35.143627]
   6.54100e+03  6.54100e-03  1.00000e-06  1.33063e+02  1.00870e-01 -1.01054e+00  9.41184e-01  5.02988e+01 #[2022-01-18 17:41:35.150957]
   6.56100e+03  6.56100e-03  1.00000e-06  1.31849e+02  9.99491e-02 -1.01064e+00  9.41713e-01  5.02908e+01 #[2022-01-18 17:41:35.156907]
   6.58100e+03  6.58100e-03  1.00000e-06  1.31306e+02  9.95379e-02 -1.01074e+00  9.42119e-01  5.02827e+01 #[2022-01-18 17:41:35.163438]
   6.60100e+03  6.60100e-03  1.00000e-06  1.31503e+02  9.96868e-02 -1.01084e+00  9.42388e-01  5.02742e+01 #[2022-01-18 17:41:35.169969]
   6.62100e+03  6.62100e-03  1.00000e-06  1.32600e+02  1.00519e-01 -1.01093e+00  9.42512e-01  5.02652e+01 #[2022-01-18 17:41:35.175899]
   6.64100e+03  6.64100e-03  1.00000e-06  1.34726e+02  1.02130e-01 -1.01103e+00  9.42494e-01  5.02555e+01 #[2022-01-18 17:41:35.183221]
   6.66100e+03  6.66100e-03  1.00000e-06  1.37673e+02  1.04364e-01 -1.01112e+00  9.42343e-01  5.02450e+01 #[2022-01-18 17:41:35.189154]
   6.68100e+03  6.68100e-03  1.00000e-06  1.40544e+02  1.06541e-01 -1.01122e+00  9.42074e-01  5.02337e+01 #[2022-01-18 17:41:35.195088]
   6.70100e+03  6.70100e-03  1.00000e-06  1.41991e+02  1.07638e-01 -1.01131e+00  9.41702e-01  5.02216e+01 #[2022-01-18 17:41:35.202222]
   6.72100e+03  6.72100e-03  1.00000e-06  1.41495e+02  1.07261e-01 -1.01140e+00  9.41246e-01  5.02091e+01 #[2022-01-18 17:41:35.208162]
   6.74100e+03  6.74100e-03  1.00000e-06  1.39952e+02  1.06092e-01 -1.01148e+00  9.40720e-01  5.01965e+01 #[2022-01-18 17:41:35.214883]
   6.76100e+03  6.76100e-03  1.00000e-06  1.38354e+02  1.04880e-01 -1.01157e+00  9.40138e-01  5.01840e+01 #[2022-01-18 17:41:35.221373]
   6.78100e+03  6.78100e-03  1.00000e-06  1.36860e+02  1.03748e-01 -1.01165e+00  9.39512e-01  5.01717e+01 #[2022-01-18 17:41:35.227311]
   6.80100e+03  6.80100e-03  1.00000e-06  1.35330e+02  1.02588e-01 -1.01173e+00  9.38850e-01  5.01596e+01 #[2022-01-18 17:41:35.234611]
   6.82100e+03  6.82100e-03  1.00000e-06  1.33999e+02  1.01579e-01 -1.01181e+00  9.38161e-01  5.01473e+01 #[2022-01-18 17:41:35.240544]
   6.84100e+03  6.84100e-03  1.00000e-06  1.33427e+02  1.01145e-01 -1.01188e+00  9.37450e-01  5.01348e+01 #[2022-01-18 17:41:35.247269]
   6.86100e+03  6.86100e-03  1.00000e-06  1.34023e+02  1.01598e-01 -1.01196e+00  9.36725e-01  5.01216e+01 #[2022-01-18 17:41:35.253711]
   6.88100e+03  6.88100e-03  1.00000e-06  1.35852e+02  1.02984e-01 -1.01203e+00  9.35994e-01  5.01078e+01 #[2022-01-18 17:41:35.259640]
   6.90100e+03  6.90100e-03  1.00000e-06  1.38737e+02  1.05171e-01 -1.01210e+00  9.35265e-01  5.00930e+01 #[2022-01-18 17:41:35.266963]
   6.92100e+03  6.92100e-03  1.00000e-06  1.42371e+02  1.07926e-01 -1.01216e+00  9.34832e-01  5.00773e+01 #[2022-01-18 17:41:35.272900]
   6.94100e+03  6.94100e-03  1.00000e-06  1.46291e+02  1.10897e-01 -1.01223e+00  9.34752e-01  5.00607e+01 #[2022-01-18 17:41:35.278836]
   6.96100e+03  6.96100e-03  1.00000e-06  1.49782e+02  1.13543e-01 -1.01229e+00  9.34677e-01  5.00431e+01 #[2022-01-18 17:41:35.285951]
   6.98100e+03  6.98100e-03  1.00000e-06  1.52102e+02  1.15302e-01 -1.01235e+00  9.35051e-01  5.00247e+01 #[2022-01-18 17:41:35.291892]
#                                                                                                        
#       iter         time           dt        res_c      rel_res        min_c        max_c   grad_c_mag  
#                                                                                                         #[2022-01-18 17:41:35.298732]
   7.00100e+03  7.00100e-03  1.00000e-06  1.53145e+02  1.16093e-01 -1.01241e+00  9.36161e-01  5.00056e+01 #[2022-01-18 17:41:35.298898]
   7.02100e+03  7.02100e-03  1.00000e-06  1.53617e+02  1.16451e-01 -1.01246e+00  9.37394e-01  4.99859e+01 #[2022-01-18 17:41:35.305278]
   7.04100e+03  7.04100e-03  1.00000e-06  1.54349e+02  1.17006e-01 -1.01251e+00  9.38946e-01  4.99659e+01 #[2022-01-18 17:41:35.311221]
   7.06100e+03  7.06100e-03  1.00000e-06  1.55759e+02  1.18074e-01 -1.01256e+00  9.40336e-01  4.99456e+01 #[2022-01-18 17:41:35.318451]
   7.08100e+03  7.08100e-03  1.00000e-06  1.57706e+02  1.19551e-01 -1.01261e+00  9.41437e-01  4.99249e+01 #[2022-01-18 17:41:35.324388]
   7.10100e+03  7.10100e-03  1.00000e-06  1.59791e+02  1.21131e-01 -1.01266e+00  9.42204e-01  4.99036e+01 #[2022-01-18 17:41:35.331019]
   7.12100e+03  7.12100e-03  1.00000e-06  1.62152e+02  1.22921e-01 -1.01270e+00  9.42631e-01  4.98815e+01 #[2022-01-18 17:41:35.337461]
   7.14100e+03  7.14100e-03  1.00000e-06  1.65517e+02  1.25472e-01 -1.01274e+00  9.42749e-01  4.98585e+01 #[2022-01-18 17:41:35.343393]
   7.16100e+03  7.16100e-03  1.00000e-06  1.70214e+02  1.29032e-01 -1.01279e+00  9.42610e-01  4.98348e+01 #[2022-01-18 17:41:35.350638]
   7.18100e+03  7.18100e-03  1.00000e-06  1.75571e+02  1.33093e-01 -1.01283e+00  9.42270e-01  4.98103e+01 #[2022-01-18 17:41:35.356575]
   7.20100e+03  7.20100e-03  1.00000e-06  1.79992e+02  1.36444e-01 -1.01286e+00  9.41788e-01  4.97852e+01 #[2022-01-18 17:41:35.362989]
   7.22100e+03  7.22100e-03  1.00000e-06  1.81779e+02  1.37799e-01 -1.01290e+00  9.41209e-01  4.97599e+01 #[2022-01-18 17:41:35.369820]
   7.24100e+03  7.24100e-03  1.00000e-06  1.80538e+02  1.36858e-01 -1.01294e+00  9.40855e-01  4.97349e+01 #[2022-01-18 17:41:35.375738]
   7.26100e+03  7.26100e-03  1.00000e-06  1.77211e+02  1.34336e-01 -1.01297e+00  9.42246e-01  4.97111e+01 #[2022-01-18 17:41:35.382481]
   7.28100e+03  7.28100e-03  1.00000e-06  1.72743e+02  1.30949e-01 -1.01300e+00  9.43598e-01  4.96891e+01 #[2022-01-18 17:41:35.388756]
   7.30100e+03  7.30100e-03  1.00000e-06  1.67516e+02  1.26987e-01 -1.01303e+00  9.44836e-01  4.96696e+01 #[2022-01-18 17:41:35.394697]
   7.32100e+03  7.32100e-03  1.00000e-06  1.61561e+02  1.22473e-01 -1.01306e+00  9.45854e-01  4.96529e+01 #[2022-01-18 17:41:35.401881]
   7.34100e+03  7.34100e-03  1.00000e-06  1.55319e+02  1.17741e-01 -1.01309e+00  9.46523e-01  4.96393e+01 #[2022-01-18 17:41:35.407802]
   7.36100e+03  7.36100e-03  1.00000e-06  1.49608e+02  1.13412e-01 -1.01312e+00  9.47970e-01  4.96288e+01 #[2022-01-18 17:41:35.414522]
   7.38100e+03  7.38100e-03  1.00000e-06  1.44860e+02  1.09812e-01 -1.01314e+00  9.49243e-01  4.96207e+01 #[2022-01-18 17:41:35.420944]
   7.40100e+03  7.40100e-03  1.00000e-06  1.41077e+02  1.06944e-01 -1.01317e+00  9.50213e-01  4.96146e+01 #[2022-01-18 17:41:35.426856]
   7.42100e+03  7.42100e-03  1.00000e-06  1.38146e+02  1.04722e-01 -1.01319e+00  9.50849e-01  4.96100e+01 #[2022-01-18 17:41:35.434166]
   7.44100e+03  7.44100e-03  1.00000e-06  1.35999e+02  1.03095e-01 -1.01322e+00  9.51150e-01  4.96060e+01 #[2022-01-18 17:41:35.440085]
   7.46100e+03  7.46100e-03  1.00000e-06  1.34667e+02  1.02085e-01 -1.01324e+00  9.51146e-01  4.96023e+01 #[2022-01-18 17:41:35.446518]
   7.48100e+03  7.48100e-03  1.00000e-06  1.34260e+02  1.01777e-01 -1.01326e+00  9.50880e-01  4.95984e+01 #[2022-01-18 17:41:35.453224]
   7.50100e+03  7.50100e-03  1.00000e-06  1.34903e+02  1.02265e-01 -1.01327e+00  9.50401e-01  4.95941e+01 #[2022-01-18 17:41:35.459143]
   7.52100e+03  7.52100e-03  1.00000e-06  1.36650e+02  1.03589e-01 -1.01329e+00  9.49757e-01  4.95893e+01 #[2022-01-18 17:41:35.466131]
   7.54100e+03  7.54100e-03  1.00000e-06  1.39413e+02  1.05684e-01 -1.01331e+00  9.48993e-01  4.95839e+01 #[2022-01-18 17:41:35.472188]
   7.56100e+03  7.56100e-03  1.00000e-06  1.42964e+02  1.08375e-01 -1.01332e+00  9.48145e-01  4.95777e+01 #[2022-01-18 17:41:35.478154]
   7.58100e+03  7.58100e-03  1.00000e-06  1.46953e+02  1.11399e-01 -1.01334e+00  9.47346e-01  4.95705e+01 #[2022-01-18 17:41:35.485236]
   7.60100e+03  7.60100e-03  1.00000e-06  1.50831e+02  1.14339e-01 -1.01335e+00  9.46521e-01  4.95621e+01 #[2022-01-18 17:41:35.491155]
   7.62100e+03  7.62100e-03  1.00000e-06  1.53647e+02  1.16474e-01 -1.01336e+00  9.45668e-01  4.95527e+01 #[2022-01-18 17:41:35.497861]
   7.64100e+03  7.64100e-03  1.00000e-06  1.54323e+02  1.16986e-01 -1.01337e+00  9.44802e-01  4.95425e+01 #[2022-01-18 17:41:35.504287]
   7.66100e+03  7.66100e-03  1.00000e-06  1.52927e+02  1.15928e-01 -1.01338e+00  9.43936e-01  4.95317e+01 #[2022-01-18 17:41:35.510209]
   7.68100e+03  7.68100e-03  1.00000e-06  1.51157e+02  1.14586e-01 -1.01338e+00  9.43079e-01  4.95207e+01 #[2022-01-18 17:41:35.517374]
   7.70100e+03  7.70100e-03  1.00000e-06  1.50788e+02  1.14306e-01 -1.01339e+00  9.42239e-01  4.95094e+01 #[2022-01-18 17:41:35.523293]
   7.72100e+03  7.72100e-03  1.00000e-06  1.52375e+02  1.15509e-01 -1.01339e+00  9.41421e-01  4.94976e+01 #[2022-01-18 17:41:35.529579]
   7.74100e+03  7.74100e-03  1.00000e-06  1.55215e+02  1.17662e-01 -1.01339e+00  9.40917e-01  4.94853e+01 #[2022-01-18 17:41:35.536309]
   7.76100e+03  7.76100e-03  1.00000e-06  1.57694e+02  1.19541e-01 -1.01339e+00  9.40758e-01  4.94725e+01 #[2022-01-18 17:41:35.542229]
   7.78100e+03  7.78100e-03  1.00000e-06  1.58132e+02  1.19873e-01 -1.01339e+00  9.40557e-01  4.94595e+01 #[2022-01-18 17:41:35.549016]
   7.80100e+03  7.80100e-03  1.00000e-06  1.55965e+02  1.18231e-01 -1.01339e+00  9.40315e-01  4.94468e+01 #[2022-01-18 17:41:35.555315]
   7.82100e+03  7.82100e-03  1.00000e-06  1.51750e+02  1.15035e-01 -1.01338e+00  9.40034e-01  4.94349e+01 #[2022-01-18 17:41:35.561224]
   7.84100e+03  7.84100e-03  1.00000e-06  1.45968e+02  1.10653e-01 -1.01338e+00  9.39714e-01  4.94242e+01 #[2022-01-18 17:41:35.568299]
   7.86100e+03  7.86100e-03  1.00000e-06  1.38901e+02  1.05295e-01 -1.01337e+00  9.39356e-01  4.94151e+01 #[2022-01-18 17:41:35.574202]
   7.88100e+03  7.88100e-03  1.00000e-06  1.31464e+02  9.96578e-02 -1.01336e+00  9.38961e-01  4.94077e+01 #[2022-01-18 17:41:35.580887]
   7.90100e+03  7.90100e-03  1.00000e-06  1.24741e+02  9.45613e-02 -1.01335e+00  9.38529e-01  4.94021e+01 #[2022-01-18 17:41:35.587273]
   7.92100e+03  7.92100e-03  1.00000e-06  1.19177e+02  9.03431e-02 -1.01334e+00  9.38061e-01  4.93980e+01 #[2022-01-18 17:41:35.593179]
   7.94100e+03  7.94100e-03  1.00000e-06  1.14707e+02  8.69543e-02 -1.01333e+00  9.37672e-01  4.93954e+01 #[2022-01-18 17:41:35.600384]
   7.96100e+03  7.96100e-03  1.00000e-06  1.11106e+02  8.42247e-02 -1.01332e+00  9.37562e-01  4.93940e+01 #[2022-01-18 17:41:35.606283]
   7.98100e+03  7.98100e-03  1.00000e-06  1.08154e+02  8.19868e-02 -1.01331e+00  9.37461e-01  4.93932e+01 #[2022-01-18 17:41:35.612182]
#                                                                                                        
#       iter         time           dt        res_c      rel_res        min_c        max_c   grad_c_mag  
#                                                                                                         #[2022-01-18 17:41:35.619237]
   8.00100e+03  8.00100e-03  1.00000e-06  1.05676e+02  8.01088e-02 -1.01329e+00  9.37370e-01  4.93928e+01 #[2022-01-18 17:41:35.619420]
   8.02100e+03  8.02100e-03  1.00000e-06  1.03552e+02  7.84985e-02 -1.01328e+00  9.37287e-01  4.93926e+01 #[2022-01-18 17:41:35.625333]
   8.04100e+03  8.04100e-03  1.00000e-06  1.01706e+02  7.70993e-02 -1.01326e+00  9.37212e-01  4.93924e+01 #[2022-01-18 17:41:35.631941]
   8.06100e+03  8.06100e-03  1.00000e-06  1.00099e+02  7.58809e-02 -1.01324e+00  9.37142e-01  4.93922e+01 #[2022-01-18 17:41:35.638285]
   8.08100e+03  8.08100e-03  1.00000e-06  9.87068e+01  7.48256e-02 -1.01322e+00  9.37076e-01  4.93917e+01 #[2022-01-18 17:41:35.644202]
   8.10100e+03  8.10100e-03  1.00000e-06  9.75085e+01  7.39172e-02 -1.01321e+00  9.37065e-01  4.93910e+01 #[2022-01-18 17:41:35.651417]
   8.12100e+03  8.12100e-03  1.00000e-06  9.64780e+01  7.31360e-02 -1.01319e+00  9.37215e-01  4.93899e+01 #[2022-01-18 17:41:35.657345]
   8.14100e+03  8.14100e-03  1.00000e-06  9.55877e+01  7.24611e-02 -1.01317e+00  9.37373e-01  4.93885e+01 #[2022-01-18 17:41:35.663996]
   8.16100e+03  8.16100e-03  1.00000e-06  9.48176e+01  7.18773e-02 -1.01315e+00  9.37540e-01  4.93868e+01 #[2022-01-18 17:41:35.670367]
   8.18100e+03  8.18100e-03  1.00000e-06  9.41658e+01  7.13832e-02 -1.01313e+00  9.37714e-01  4.93846e+01 #[2022-01-18 17:41:35.676291]
   8.20100e+03  8.20100e-03  1.00000e-06  9.36567e+01  7.09973e-02 -1.01311e+00  9.37895e-01  4.93821e+01 #[2022-01-18 17:41:35.683517]
   8.22100e+03  8.22100e-03  1.00000e-06  9.33445e+01  7.07606e-02 -1.01309e+00  9.38079e-01  4.93791e+01 #[2022-01-18 17:41:35.689411]
   8.24100e+03  8.24100e-03  1.00000e-06  9.33107e+01  7.07350e-02 -1.01306e+00  9.38265e-01  4.93756e+01 #[2022-01-18 17:41:35.695311]
   8.26100e+03  8.26100e-03  1.00000e-06  9.36540e+01  7.09952e-02 -1.01304e+00  9.38449e-01  4.93716e+01 #[2022-01-18 17:41:35.702460]
   8.28100e+03  8.28100e-03  1.00000e-06  9.44742e+01  7.16170e-02 -1.01302e+00  9.38629e-01  4.93670e+01 #[2022-01-18 17:41:35.708376]
   8.30100e+03  8.30100e-03  1.00000e-06  9.58463e+01  7.26571e-02 -1.01300e+00  9.38800e-01  4.93618e+01 #[2022-01-18 17:41:35.715274]
   8.32100e+03  8.32100e-03  1.00000e-06  9.77827e+01  7.41250e-02 -1.01297e+00  9.38959e-01  4.93559e+01 #[2022-01-18 17:41:35.721632]
   8.34100e+03  8.34100e-03  1.00000e-06  1.00176e+02  7.59394e-02 -1.01295e+00  9.39105e-01  4.93494e+01 #[2022-01-18 17:41:35.727540]
   8.36100e+03  8.36100e-03  1.00000e-06  1.02705e+02  7.78564e-02 -1.01293e+00  9.39236e-01  4.93422e+01 #[2022-01-18 17:41:35.734759]
   8.38100e+03  8.38100e-03  1.00000e-06  1.04716e+02  7.93809e-02 -1.01290e+00  9.39349e-01  4.93345e+01 #[2022-01-18 17:41:35.740656]
   8.40100e+03  8.40100e-03  1.00000e-06  1.05279e+02  7.98079e-02 -1.01288e+00  9.39446e-01  4.93264e+01 #[2022-01-18 17:41:35.747362]
   8.42100e+03  8.42100e-03  1.00000e-06  1.03728e+02  7.86322e-02 -1.01286e+00  9.39527e-01  4.93180e+01 #[2022-01-18 17:41:35.753719]
   8.44100e+03  8.44100e-03  1.00000e-06  1.00341e+02  7.60645e-02 -1.01283e+00  9.39594e-01  4.93098e+01 #[2022-01-18 17:41:35.759632]
   8.46100e+03  8.46100e-03  1.00000e-06  9.61678e+01  7.29009e-02 -1.01281e+00  9.39648e-01  4.93019e+01 #[2022-01-18 17:41:35.766814]
   8.48100e+03  8.48100e-03  1.00000e-06  9.21787e+01  6.98769e-02 -1.01279e+00  9.39692e-01  4.92946e+01 #[2022-01-18 17:41:35.772714]
   8.50100e+03  8.50100e-03  1.00000e-06  8.88251e+01  6.73347e-02 -1.01277e+00  9.39729e-01  4.92880e+01 #[2022-01-18 17:41:35.778619]
   8.52100e+03  8.52100e-03  1.00000e-06  8.61738e+01  6.53248e-02 -1.01275e+00  9.39761e-01  4.92818e+01 #[2022-01-18 17:41:35.785880]
   8.54100e+03  8.54100e-03  1.00000e-06  8.41488e+01  6.37897e-02 -1.01273e+00  9.39790e-01  4.92761e+01 #[2022-01-18 17:41:35.791802]
   8.56100e+03  8.56100e-03  1.00000e-06  8.26640e+01  6.26641e-02 -1.01272e+00  9.39818e-01  4.92706e+01 #[2022-01-18 17:41:35.798453]
   8.58100e+03  8.58100e-03  1.00000e-06  8.16631e+01  6.19055e-02 -1.01271e+00  9.39847e-01  4.92653e+01 #[2022-01-18 17:41:35.804874]
   8.60100e+03  8.60100e-03  1.00000e-06  8.11223e+01  6.14954e-02 -1.01270e+00  9.39879e-01  4.92598e+01 #[2022-01-18 17:41:35.810786]
   8.62100e+03  8.62100e-03  1.00000e-06  8.10423e+01  6.14348e-02 -1.01270e+00  9.39913e-01  4.92541e+01 #[2022-01-18 17:41:35.817909]
   8.64100e+03  8.64100e-03  1.00000e-06  8.14439e+01  6.17393e-02 -1.01270e+00  9.39949e-01  4.92481e+01 #[2022-01-18 17:41:35.823825]
   8.66100e+03  8.66100e-03  1.00000e-06  8.23634e+01  6.24363e-02 -1.01270e+00  9.39988e-01  4.92418e+01 #[2022-01-18 17:41:35.830583]
   8.68100e+03  8.68100e-03  1.00000e-06  8.38455e+01  6.35598e-02 -1.01271e+00  9.40028e-01  4.92349e+01 #[2022-01-18 17:41:35.836924]
   8.70100e+03  8.70100e-03  1.00000e-06  8.59219e+01  6.51338e-02 -1.01272e+00  9.40069e-01  4.92275e+01 #[2022-01-18 17:41:35.842830]
   8.72100e+03  8.72100e-03  1.00000e-06  8.85634e+01  6.71362e-02 -1.01273e+00  9.40108e-01  4.92194e+01 #[2022-01-18 17:41:35.849930]
   8.74100e+03  8.74100e-03  1.00000e-06  9.15991e+01  6.94375e-02 -1.01275e+00  9.40145e-01  4.92106e+01 #[2022-01-18 17:41:35.855829]
   8.76100e+03  8.76100e-03  1.00000e-06  9.46260e+01  7.17321e-02 -1.01277e+00  9.40176e-01  4.92012e+01 #[2022-01-18 17:41:35.861743]
   8.78100e+03  8.78100e-03  1.00000e-06  9.69962e+01  7.35288e-02 -1.01278e+00  9.40201e-01  4.91910e+01 #[2022-01-18 17:41:35.868947]
   8.80100e+03  8.80100e-03  1.00000e-06  9.80211e+01  7.43057e-02 -1.01280e+00  9.40216e-01  4.91804e+01 #[2022-01-18 17:41:35.874860]
   8.82100e+03  8.82100e-03  1.00000e-06  9.74092e+01  7.38419e-02 -1.01282e+00  9.40220e-01  4.91694e+01 #[2022-01-18 17:41:35.881481]
   8.84100e+03  8.84100e-03  1.00000e-06  9.55902e+01  7.24630e-02 -1.01284e+00  9.40212e-01  4.91582e+01 #[2022-01-18 17:41:35.887909]
   8.86100e+03  8.86100e-03  1.00000e-06  9.34941e+01  7.08740e-02 -1.01286e+00  9.40191e-01  4.91472e+01 #[2022-01-18 17:41:35.893820]
   8.88100e+03  8.88100e-03  1.00000e-06  9.19694e+01  6.97182e-02 -1.01288e+00  9.40154e-01  4.91363e+01 #[2022-01-18 17:41:35.900936]
   8.90100e+03  8.90100e-03  1.00000e-06  9.14384e+01  6.93157e-02 -1.01289e+00  9.40102e-01  4.91257e+01 #[2022-01-18 17:41:35.906841]
   8.92100e+03  8.92100e-03  1.00000e-06  9.19471e+01  6.97013e-02 -1.01291e+00  9.40035e-01  4.91154e+01 #[2022-01-18 17:41:35.913315]
   8.94100e+03  8.94100e-03  1.00000e-06  9.33444e+01  7.07605e-02 -1.01292e+00  9.39952e-01  4.91052e+01 #[2022-01-18 17:41:35.920028]
   8.96100e+03  8.96100e-03  1.00000e-06  9.53791e+01  7.23029e-02 -1.01293e+00  9.39855e-01  4.90950e+01 #[2022-01-18 17:41:35.925936]
   8.98100e+03  8.98100e-03  1.00000e-06  9.76684e+01  7.40383e-02 -1.01294e+00  9.39744e-01  4.90847e+01 #[2022-01-18 17:41:35.933247]
#                                                                                                        
#       iter         time           dt        res_c      rel_res        min_c        max_c   grad_c_mag  
#                                                                                                         #[2022-01-18 17:41:35.939137]
   9.00100e+03  9.00100e-03  1.00000e-06  9.95862e+01  7.54921e-02 -1.01294e+00  9.39620e-01  4.90743e+01 #[2022-01-18 17:41:35.939292]
   9.02100e+03  9.02100e-03  1.00000e-06  1.00308e+02  7.60397e-02 -1.01295e+00  9.39484e-01  4.90637e+01 #[2022-01-18 17:41:35.945186]
   9.04100e+03  9.04100e-03  1.00000e-06  9.93740e+01  7.53313e-02 -1.01295e+00  9.39339e-01  4.90530e+01 #[2022-01-18 17:41:35.952364]
   9.06100e+03  9.06100e-03  1.00000e-06  9.73095e+01  7.37663e-02 -1.01295e+00  9.39185e-01  4.90424e+01 #[2022-01-18 17:41:35.958279]
   9.08100e+03  9.08100e-03  1.00000e-06  9.52484e+01  7.22039e-02 -1.01295e+00  9.39024e-01  4.90319e+01 #[2022-01-18 17:41:35.964979]
   9.10100e+03  9.10100e-03  1.00000e-06  9.40504e+01  7.12957e-02 -1.01294e+00  9.38858e-01  4.90216e+01 #[2022-01-18 17:41:35.971425]
   9.12100e+03  9.12100e-03  1.00000e-06  9.40435e+01  7.12905e-02 -1.01294e+00  9.38688e-01  4.90115e+01 #[2022-01-18 17:41:35.977333]
   9.14100e+03  9.14100e-03  1.00000e-06  9.52215e+01  7.21835e-02 -1.01294e+00  9.38531e-01  4.90016e+01 #[2022-01-18 17:41:35.984458]
   9.16100e+03  9.16100e-03  1.00000e-06  9.74026e+01  7.38369e-02 -1.01293e+00  9.38449e-01  4.89917e+01 #[2022-01-18 17:41:35.990387]
   9.18100e+03  9.18100e-03  1.00000e-06  1.00217e+02  7.59706e-02 -1.01292e+00  9.38732e-01  4.89816e+01 #[2022-01-18 17:41:35.996877]
   9.20100e+03  9.20100e-03  1.00000e-06  1.02990e+02  7.80727e-02 -1.01291e+00  9.38992e-01  4.89714e+01 #[2022-01-18 17:41:36.003380]
   9.22100e+03  9.22100e-03  1.00000e-06  1.04750e+02  7.94065e-02 -1.01290e+00  9.39210e-01  4.89609e+01 #[2022-01-18 17:41:36.009312]
   9.24100e+03  9.24100e-03  1.00000e-06  1.04708e+02  7.93749e-02 -1.01289e+00  9.39390e-01  4.89504e+01 #[2022-01-18 17:41:36.016583]
   9.26100e+03  9.26100e-03  1.00000e-06  1.02976e+02  7.80618e-02 -1.01288e+00  9.39536e-01  4.89400e+01 #[2022-01-18 17:41:36.022483]
   9.28100e+03  9.28100e-03  1.00000e-06  1.00503e+02  7.61870e-02 -1.01287e+00  9.39653e-01  4.89300e+01 #[2022-01-18 17:41:36.028393]
   9.30100e+03  9.30100e-03  1.00000e-06  9.82557e+01  7.44836e-02 -1.01285e+00  9.39747e-01  4.89204e+01 #[2022-01-18 17:41:36.035535]
   9.32100e+03  9.32100e-03  1.00000e-06  9.67370e+01  7.33323e-02 -1.01284e+00  9.39820e-01  4.89111e+01 #[2022-01-18 17:41:36.041469]
   9.34100e+03  9.34100e-03  1.00000e-06  9.60803e+01  7.28345e-02 -1.01283e+00  9.39876e-01  4.89021e+01 #[2022-01-18 17:41:36.048106]
   9.36100e+03  9.36100e-03  1.00000e-06  9.62834e+01  7.29885e-02 -1.01281e+00  9.39920e-01  4.88931e+01 #[2022-01-18 17:41:36.054531]
   9.38100e+03  9.38100e-03  1.00000e-06  9.73451e+01  7.37933e-02 -1.01280e+00  9.39954e-01  4.88838e+01 #[2022-01-18 17:41:36.060445]
   9.40100e+03  9.40100e-03  1.00000e-06  9.93117e+01  7.52841e-02 -1.01278e+00  9.39980e-01  4.88742e+01 #[2022-01-18 17:41:36.067674]
   9.42100e+03  9.42100e-03  1.00000e-06  1.02275e+02  7.75301e-02 -1.01277e+00  9.40001e-01  4.88640e+01 #[2022-01-18 17:41:36.073586]
   9.44100e+03  9.44100e-03  1.00000e-06  1.06321e+02  8.05977e-02 -1.01275e+00  9.40018e-01  4.88531e+01 #[2022-01-18 17:41:36.080013]
   9.46100e+03  9.46100e-03  1.00000e-06  1.11413e+02  8.44573e-02 -1.01274e+00  9.40032e-01  4.88413e+01 #[2022-01-18 17:41:36.086807]
   9.48100e+03  9.48100e-03  1.00000e-06  1.17176e+02  8.88259e-02 -1.01272e+00  9.40043e-01  4.88286e+01 #[2022-01-18 17:41:36.092706]
   9.50100e+03  9.50100e-03  1.00000e-06  1.22725e+02  9.30328e-02 -1.01271e+00  9.40052e-01  4.88151e+01 #[2022-01-18 17:41:36.099910]
   9.52100e+03  9.52100e-03  1.00000e-06  1.26833e+02  9.61469e-02 -1.01269e+00  9.40057e-01  4.88008e+01 #[2022-01-18 17:41:36.105812]
   9.54100e+03  9.54100e-03  1.00000e-06  1.28672e+02  9.75413e-02 -1.01268e+00  9.40057e-01  4.87861e+01 #[2022-01-18 17:41:36.111712]
   9.56100e+03  9.56100e-03  1.00000e-06  1.28635e+02  9.75126e-02 -1.01266e+00  9.40053e-01  4.87714e+01 #[2022-01-18 17:41:36.118807]
   9.58100e+03  9.58100e-03  1.00000e-06  1.28167e+02  9.71582e-02 -1.01264e+00  9.40041e-01  4.87569e+01 #[2022-01-18 17:41:36.124719]
   9.60100e+03  9.60100e-03  1.00000e-06  1.28609e+02  9.74930e-02 -1.01263e+00  9.40021e-01  4.87429e+01 #[2022-01-18 17:41:36.131319]
   9.62100e+03  9.62100e-03  1.00000e-06  1.30289e+02  9.87670e-02 -1.01261e+00  9.39992e-01  4.87296e+01 #[2022-01-18 17:41:36.137735]
   9.64100e+03  9.64100e-03  1.00000e-06  1.32377e+02  1.00349e-01 -1.01260e+00  9.39954e-01  4.87167e+01 #[2022-01-18 17:41:36.143639]
   9.66100e+03  9.66100e-03  1.00000e-06  1.33234e+02  1.00999e-01 -1.01258e+00  9.39905e-01  4.87044e+01 #[2022-01-18 17:41:36.150903]
   9.68100e+03  9.68100e-03  1.00000e-06  1.31464e+02  9.96571e-02 -1.01256e+00  9.39845e-01  4.86929e+01 #[2022-01-18 17:41:36.156824]
   9.70100e+03  9.70100e-03  1.00000e-06  1.26884e+02  9.61856e-02 -1.01255e+00  9.39775e-01  4.86827e+01 #[2022-01-18 17:41:36.163299]
   9.72100e+03  9.72100e-03  1.00000e-06  1.20538e+02  9.13747e-02 -1.01253e+00  9.39899e-01  4.86741e+01 #[2022-01-18 17:41:36.169892]
   9.74100e+03  9.74100e-03  1.00000e-06  1.13869e+02  8.63193e-02 -1.01252e+00  9.40820e-01  4.86675e+01 #[2022-01-18 17:41:36.175797]
   9.76100e+03  9.76100e-03  1.00000e-06  1.07744e+02  8.16766e-02 -1.01250e+00  9.41614e-01  4.86627e+01 #[2022-01-18 17:41:36.182501]
   9.78100e+03  9.78100e-03  1.00000e-06  1.02368e+02  7.76013e-02 -1.01248e+00  9.42291e-01  4.86596e+01 #[2022-01-18 17:41:36.188802]
   9.80100e+03  9.80100e-03  1.00000e-06  9.76867e+01  7.40523e-02 -1.01247e+00  9.42856e-01  4.86578e+01 #[2022-01-18 17:41:36.194711]
   9.82100e+03  9.82100e-03  1.00000e-06  9.36338e+01  7.09799e-02 -1.01245e+00  9.43313e-01  4.86569e+01 #[2022-01-18 17:41:36.201916]
   9.84100e+03  9.84100e-03  1.00000e-06  9.01811e+01  6.83626e-02 -1.01244e+00  9.43662e-01  4.86567e+01 #[2022-01-18 17:41:36.207827]
   9.86100e+03  9.86100e-03  1.00000e-06  8.73135e+01  6.61888e-02 -1.01242e+00  9.43901e-01  4.86568e+01 #[2022-01-18 17:41:36.214432]
   9.88100e+03  9.88100e-03  1.00000e-06  8.50102e+01  6.44427e-02 -1.01240e+00  9.44032e-01  4.86571e+01 #[2022-01-18 17:41:36.220829]
   9.90100e+03  9.90100e-03  1.00000e-06  8.32438e+01  6.31037e-02 -1.01239e+00  9.44056e-01  4.86574e+01 #[2022-01-18 17:41:36.226732]
   9.92100e+03  9.92100e-03  1.00000e-06  8.19828e+01  6.21477e-02 -1.01237e+00  9.43977e-01  4.86577e+01 #[2022-01-18 17:41:36.233914]
   9.94100e+03  9.94100e-03  1.00000e-06  8.11892e+01  6.15462e-02 -1.01238e+00  9.43806e-01  4.86577e+01 #[2022-01-18 17:41:36.239816]
   9.96100e+03  9.96100e-03  1.00000e-06  8.08143e+01  6.12620e-02 -1.01241e+00  9.43553e-01  4.86576e+01 #[2022-01-18 17:41:36.245736]
   9.98100e+03  9.98100e-03  1.00000e-06  8.07973e+01  6.12491e-02 -1.01244e+00  9.43231e-01  4.86573e+01 #[2022-01-18 17:41:36.252927]
# [Trace] Timing: Writing VTK file maDGiCart.vts... #[2022-01-18 17:41:36.258473]
# [Trace] Timing: Writing VTK file maDGiCart.vts finished in 0.017144 seconds. #[2022-01-18 17:41:36.275619]
# [Info] +----------------------------------------------------------------------+---------+-----------+------------+
# [Info] | Function                                                             | # calls | Time (s)  | Percentage |
# [Info] +----------------------------------------------------------------------+---------+-----------+------------+
# [Info] | void TimeIntegrator::solve(TimeIntegrableRHS&, InitialConditions&)   | 1       | 3.222e+00 |    100.00% |
# [Info] +----------------------------------------------------------------------+---------+-----------+------------+
# [Info] | virtual void RK3SSP::doTimeStep(TimeIntegrableRHS&, SolutionState&,  | 10000   | 3.156e+00 |     97.93% |
# [Info] | SolutionState&, double, double)                                      |         |           |            |
# [Info] +----------------------------------------------------------------------+---------+-----------+------------+
# [Info] | virtual void CahnHilliard2DFD::evalRHSImpl(const SolutionState&,     | 30000   | 2.843e+00 |     88.22% |
# [Info] | double, SolutionState&)                                              |         |           |            |
# [Info] +----------------------------------------------------------------------+---------+-----------+------------+
# [Info] | void                                                                 | 30000   | 9.166e-01 |     28.45% |
# [Info] | Discretization2DCart::applyPeriodicBoundaryConditions(ManagedArray2- |         |           |            |
# [Info] | D<double>&) const                                                    |         |           |            |
# [Info] +----------------------------------------------------------------------+---------+-----------+------------+
# [Info] | void Observable::notifyObservers(const Event&) const                 | 10000   | 6.414e-02 |      1.99% |
# [Info] +----------------------------------------------------------------------+---------+-----------+------------+
# [Info] | void MemoryManager<BaseType>::copyDeviceToHost(MemoryHandle) [with   | 1       | 4.638e-05 |      0.00% |
# [Info] | BaseType = double]                                                   |         |           |            |
# [Info] +----------------------------------------------------------------------+---------+-----------+------------+
# [Info] | void MemoryManager<BaseType>::copyHostToDevice(MemoryHandle) [with   | 1       | 2.648e-05 |      0.00% |
# [Info] | BaseType = double]                                                   |         |           |            |
# [Info] +----------------------------------------------------------------------+---------+-----------+------------+
# [Info] | void MemoryManager<BaseType>::copyHostToDevice(MemoryHandle) [with   | 1       | 1.126e-05 |      0.00% |
# [Info] | BaseType = int]                                                      |         |           |            |
# [Info] +----------------------------------------------------------------------+---------+-----------+------------+
# [Info] | void Puppeteer::run()                                                | 1       | 0.000e+00 |      0.00% |
# [Info] +----------------------------------------------------------------------+---------+-----------+------------+
# [Info]  #[2022-01-18 17:41:36.276477]
# [Trace] Timing: Starting solver finished in 3.240286 seconds. #[2022-01-18 17:41:36.276513]
